-0,6931471805599453	27,350167321170762
-1,3862943611198906	26,336774882764193
-2,0794415416798357	25,297312525559143
-2,772588722239781	24,573425992960644
-3,4657359027997265	23,852532393327
-4,1588830833596715	23,15619932198913
-4,852030263919617	22,47703692390947
The fractal dimension of whole dataset is: a = 1.0421885659731187 b = 27.463734490666177 error = 1.0728272288318408E-6
Removed dimension: 8
a = 1.0421886302153034 b = 27.46373475859874 error = 1.07271022409261E-6
Removed dimension: 3
a = 1.0421885343862058 b = 27.46373469488714 error = 1.0726714171349627E-6
Removed dimension: 6
a = 1.0421878258105481 b = 27.463733027620297 error = 1.0733256812223146E-6
Removed dimension: 7
a = 1.0440954660806623 b = 27.516532538501437 error = 3.693046531472177E-6
Removed dimension: 4
a = 1.0421144379506022 b = 27.519047882940356 error = 2.6228729426147623E-6
Removed dimension: 5
a = 1.029493469494177 b = 27.557336517581334 error = 2.7635296273587073E-9
Removed dimension: 2
a = 1.0310697734731198 b = 27.64821252741567 error = 4.813376083934173E-6
Dimensions removed are: {0, 1, }
Fractal dimension after dimensionality reduction: a = 1.0310697734731198 b = 27.64821252741567 error = 4.813376083934173E-6
Total time: 40.403
