-0,6931471805599453	27,363380805436798
-1,3862943611198906	26,268766595677725
-2,0794415416798357	24,961189985132677
-2,772588722239781	24,060049099972684
-3,4657359027997265	23,284866491602244
-4,1588830833596715	22,38420659661033
-4,852030263919617	21,655970486803827
The fractal dimension of whole dataset is: a = 1.579194492105982 b = 28.457995015195845 error = 9.348077867343818E-14
Removed dimension: 6
a = 1.579194492105982 b = 28.457995015195845 error = 9.348077867343818E-14
Removed dimension: 8
a = 1.5791945073722693 b = 28.457995036359414 error = -1.8096635301390052E-13
Removed dimension: 3
a = 1.5791943253704737 b = 28.45799491130316 error = 4.5852210917018965E-14
Removed dimension: 0
a = 1.546057995418652 b = 28.443330076925747 error = 4.629630012686903E-14
Removed dimension: 7
a = 1.5129512711383977 b = 28.42870391520293 error = -8.859579736508749E-14
Removed dimension: 2
a = 1.4790694206263189 b = 28.406044134779634 error = 1.071365218763276E-13
Removed dimension: 1
a = 1.2135279386678273 b = 28.515535714417013 error = 4.2804294669973597E-4
Dimensions removed are: {4, 5, }
Fractal dimension after dimensionality reduction: a = 1.2135279386678273 b = 28.515535714417013 error = 4.2804294669973597E-4
Total time: 37.072
