-0,6931471805599453	20,776862018452768
-1,3862943611198906	11,40012623947464
-2,0794415416798357	1,0986122886681098
-2,772588722239781	0,0
The fractal dimension of whole dataset is: a = 14.194856649267393 b = 30.847181426302107 error = 5.516742513833606E-4
Removed dimension: 9
a = 14.194856649267393 b = 30.847181426302107 error = 5.516742513833606E-4
Removed dimension: 39
a = 14.194856649267393 b = 30.847181426302107 error = 5.516742513833606E-4
Removed dimension: 47
a = 14.194856649267393 b = 30.847181426302107 error = 5.516742513833606E-4
Removed dimension: 42
a = 14.194856649951104 b = 30.85895773997757 error = 6.09253995313197E-4
Removed dimension: 46
a = 14.194856651318512 b = 30.85895774234711 error = 6.092539928216345E-4
Removed dimension: 32
a = 14.194856653369623 b = 30.858957745901414 error = 6.092539890838466E-4
Removed dimension: 35
a = 14.19485665610443 b = 30.858963217361808 error = 6.092813751713555E-4
Removed dimension: 45
a = 14.19485702325329 b = 30.858996652655193 error = 6.094450590510281E-4
Removed dimension: 43
a = 14.19485895334565 b = 30.859109311956928 error = 6.09989464562255E-4
Removed dimension: 44
a = 14.194864688212313 b = 30.863461519745265 error = 6.319423406193625E-4
Removed dimension: 14
a = 14.194895425855693 b = 30.865024092564052 error = 6.396097306566872E-4
Removed dimension: 31
a = 14.194928013478533 b = 30.87909907739686 error = 7.135256616299657E-4
Removed dimension: 24
a = 14.19496857862643 b = 30.87943716248697 error = 7.148977209295859E-4
Removed dimension: 29
a = 14.195617825228753 b = 30.882134565938056 error = 7.221612171953717E-4
Removed dimension: 28
a = 14.19751305490009 b = 30.886067209738098 error = 7.219229743318234E-4
Removed dimension: 37
a = 14.199609160991088 b = 30.890634088915657 error = 7.228449609389953E-4
Removed dimension: 21
a = 14.215444469039932 b = 30.918074586734043 error = 6.916778248643451E-4
Removed dimension: 33
a = 14.276970451218379 b = 31.063402522725887 error = 7.806851756080313E-4
Removed dimension: 30
a = 14.350206155313098 b = 31.457117119863515 error = 5.361401547934186E-4
Removed dimension: 36
a = 14.323242491697933 b = 31.54914107663243 error = 2.447781001303495E-4
Removed dimension: 13
a = 14.331450723804563 b = 31.969681473266846 error = 7.994592814175583E-5
Removed dimension: 23
a = 14.248873245616803 b = 31.90744558665535 error = 6.646216593508836E-5
Removed dimension: 16
a = 14.132609584059589 b = 32.29586749647588 error = 3.2134015104379188E-6
Removed dimension: 17
a = 14.249331586585678 b = 33.01105132633286 error = 1.7600723694055631E-6
Removed dimension: 26
a = 14.084339413305823 b = 33.050753876659414 error = 1.6549989788794406E-4
Removed dimension: 41
a = 13.87272677072323 b = 32.93150034690975 error = 1.397441861952231E-4
Removed dimension: 8
a = 13.644314128127787 b = 33.16427386981911 error = 7.551532347027656E-5
Removed dimension: 6
a = 13.406909730596086 b = 33.083257803134686 error = 1.32982540281823E-5
Removed dimension: 22
a = 13.158291163706695 b = 32.986217100460365 error = 4.86804112088679E-5
Removed dimension: 40
a = 12.893995807269835 b = 32.948546594666006 error = 1.804637448998836E-4
Removed dimension: 25
a = 12.583940610243603 b = 32.79775802287179 error = 1.001307095982451E-5
Removed dimension: 27
a = 11.944302053482925 b = 33.00704725925314 error = 1.1695299172420626E-4
Removed dimension: 3
a = 11.932094322838635 b = 33.225917410366264 error = 2.4316200277119115E-4
Dimensions removed are: {0, 1, 2, 4, 5, 7, 10, 11, 12, 15, 18, 19, 20, 34, 38, }
Fractal dimension after dimensionality reduction: a = 11.932094322838635 b = 33.225917410366264 error = 2.4316200277119115E-4
Total time: 11861.849
