-0,6931471805599453	21,590347661850604
-1,3862943611198906	12,424038817315248
-2,0794415416798357	3,4011973816621555
-2,772588722239781	0,0
The fractal dimension of whole dataset is: a = 13.120698453605941 b = 30.649055949724197 error = 1.5552906601934424E-5
Removed dimension: 13
a = 13.120698453605941 b = 30.649055949724197 error = 1.5552906601934424E-5
Removed dimension: 33
a = 13.120698453605941 b = 30.649055949724197 error = 1.5552906601934424E-5
Removed dimension: 35
a = 13.120698457243055 b = 30.64906600783385 error = 1.5544191600991297E-5
Removed dimension: 29
a = 13.12069848270285 b = 30.64906605195231 error = 1.5544199191364072E-5
Removed dimension: 31
a = 13.120700416432566 b = 30.649294510383406 error = 1.5350217541620914E-5
Removed dimension: 37
a = 13.12070332701942 b = 30.649494431386323 error = 1.5183634080706554E-5
Removed dimension: 32
a = 13.120706375803358 b = 30.650045769932923 error = 1.4720218814323616E-5
Removed dimension: 23
a = 13.120730868960981 b = 30.65042919538226 error = 1.4440975372953524E-5
Removed dimension: 24
a = 13.120771908358263 b = 30.650798980864714 error = 1.4204163507613998E-5
Removed dimension: 20
a = 13.121869238104964 b = 30.65648752057953 error = 1.151912423957846E-5
Removed dimension: 21
a = 13.169313672966412 b = 30.75648623741349 error = 1.0464429386569662E-5
Removed dimension: 30
a = 13.101750177467167 b = 30.6909456579601 error = 3.017305607677656E-5
Removed dimension: 8
a = 13.0255602637326 b = 30.948450316610128 error = 3.001316123474318E-5
Removed dimension: 26
a = 12.949908519239408 b = 31.08390786685296 error = 1.1172681620130742E-4
Removed dimension: 28
a = 12.861179135394757 b = 31.017698805914687 error = 8.871933908471963E-5
Removed dimension: 22
a = 12.717373562677192 b = 31.026813816968453 error = 3.414901598760567E-4
Removed dimension: 34
a = 12.839013014633375 b = 31.502469497142595 error = 2.1881394235123697E-4
Removed dimension: 9
a = 13.001232268182843 b = 32.08782040300471 error = 1.931561139434379E-4
Removed dimension: 17
a = 13.165842847153034 b = 32.86124271942272 error = 2.3967823211912265E-4
Removed dimension: 6
a = 12.914298050019404 b = 32.77102327202372 error = 8.933526286547533E-5
Removed dimension: 25
a = 12.603318485570792 b = 32.61554837076922 error = 1.072697760506891E-6
Removed dimension: 27
a = 11.874787989532212 b = 32.72000641374913 error = 2.4285757730524438E-4
Removed dimension: 3
a = 11.865702400618423 b = 32.93696091888857 error = 1.2450827472343384E-4
Removed dimension: 14
a = 11.842355630168763 b = 33.18787139888708 error = 8.268759944878301E-4
Dimensions removed are: {0, 1, 2, 4, 5, 7, 10, 11, 12, 15, 16, 18, 19, 36, }
Fractal dimension after dimensionality reduction: a = 11.842355630168763 b = 33.18787139888708 error = 8.268759944878301E-4
Total time: 7628.857
