-0,6931471805599453	21,489926117151363
-1,3862943611198906	12,238564036730104
-2,0794415416798357	3,044522437723423
-2,772588722239781	0,0
The fractal dimension of whole dataset is: a = 13.305546207752805 b = 30.698297836511603 error = 2.4142473673549603E-6
Removed dimension: 13
a = 13.305546207752805 b = 30.698297836511603 error = 2.4142473673549603E-6
Removed dimension: 29
a = 13.30554620909325 b = 30.698302678964907 error = 2.4126169352323146E-6
Removed dimension: 31
a = 13.305546212779474 b = 30.698302685352644 error = 2.412617364555558E-6
Removed dimension: 32
a = 13.305551906621806 b = 30.70696398422085 error = 3.787396303245316E-7
Removed dimension: 24
a = 13.305578730512366 b = 30.707312449831292 error = 3.4068425047717454E-7
Removed dimension: 8
a = 13.26845974885472 b = 30.99871454413978 error = 5.042385604614452E-7
Removed dimension: 21
a = 13.318781059041322 b = 31.106848068899563 error = 1.1789826240837797E-6
Removed dimension: 26
a = 13.21847695447363 b = 31.21590111035266 error = 2.5150424858266796E-4
Removed dimension: 28
a = 13.32976143213712 b = 31.68432680771331 error = 1.5682510063708133E-4
Removed dimension: 23
a = 13.219979609180802 b = 31.595108493856856 error = 1.1342739431219329E-4
Removed dimension: 9
a = 13.359388134232807 b = 32.15996467439112 error = 9.32749281119527E-5
Removed dimension: 30
a = 13.201771644434247 b = 32.145288445826864 error = 7.23796737921445E-5
Removed dimension: 22
a = 13.001234500371048 b = 32.08785935531145 error = 1.932618445686929E-4
Removed dimension: 17
a = 13.165844421382749 b = 32.86131118102223 error = 2.398992826128099E-4
Removed dimension: 6
a = 12.91218703445953 b = 32.768897925544955 error = 8.796785126885531E-5
Removed dimension: 25
a = 12.606865922883628 b = 32.61928686374519 error = 7.910659016729937E-7
Removed dimension: 27
a = 11.874336067105933 b = 32.72003768957282 error = 2.397109982178458E-4
Removed dimension: 3
a = 11.8655921566793 b = 32.93698951469551 error = 1.2439044555756507E-4
Removed dimension: 14
a = 11.842103466724133 b = 33.187898365241324 error = 8.286750310411151E-4
Dimensions removed are: {0, 1, 2, 4, 5, 7, 10, 11, 12, 15, 16, 18, 19, 20, }
Fractal dimension after dimensionality reduction: a = 11.842103466724133 b = 33.187898365241324 error = 8.286750310411151E-4
Total time: 4800.946
