-0,6931471805599453	16,699541086026656
-1,3862943611198906	6,016157159698354
-2,0794415416798357	0,0
-2,772588722239781	0,0
The fractal dimension of whole dataset is: a = 15.41286501042666 b = 27.38292501235491 error = 1.9984014443252818E-15
Removed dimension: 9
a = 15.41286501042666 b = 27.38292501235491 error = 1.9984014443252818E-15
Removed dimension: 13
a = 15.41286501042666 b = 27.38292501235491 error = 1.9984014443252818E-15
Removed dimension: 17
a = 15.41286501042666 b = 27.38292501235491 error = 1.9984014443252818E-15
Removed dimension: 24
a = 15.41286501042666 b = 27.38292501235491 error = 1.9984014443252818E-15
Removed dimension: 36
a = 15.41286501042666 b = 27.38292501235491 error = 1.9984014443252818E-15
Removed dimension: 43
a = 15.41286501042666 b = 27.38292501235491 error = 1.9984014443252818E-15
Removed dimension: 50
a = 15.41286501042666 b = 27.38292501235491 error = 1.9984014443252818E-15
Removed dimension: 58
a = 15.41286501042666 b = 27.38292501235491 error = 1.9984014443252818E-15
Removed dimension: 62
a = 15.41286501042666 b = 27.38292501235491 error = 1.9984014443252818E-15
Removed dimension: 70
a = 15.41286501042666 b = 27.38292501235491 error = 1.9984014443252818E-15
Removed dimension: 71
a = 15.41286501042666 b = 27.38292501235491 error = 1.9984014443252818E-15
Removed dimension: 73
a = 15.41286501042666 b = 27.38292501235491 error = 1.9984014443252818E-15
Removed dimension: 75
a = 15.41286501042666 b = 27.38292501235491 error = 1.9984014443252818E-15
Removed dimension: 76
a = 15.41286501042666 b = 27.38292501235491 error = 1.9984014443252818E-15
Removed dimension: 89
a = 15.41286501042666 b = 27.38292501235491 error = 1.9984014443252818E-15
Removed dimension: 93
a = 15.41286501042666 b = 27.38292501235491 error = 1.9984014443252818E-15
Removed dimension: 96
a = 15.41286501042666 b = 27.38292501235491 error = 1.9984014443252818E-15
Removed dimension: 99
a = 15.41286501042666 b = 27.38292501235491 error = 1.9984014443252818E-15
Removed dimension: 102
a = 15.41286501042666 b = 27.38292501235491 error = 1.9984014443252818E-15
Removed dimension: 109
a = 15.41286501042666 b = 27.38292501235491 error = 1.9984014443252818E-15
Removed dimension: 113
a = 15.41286501042666 b = 27.38292501235491 error = 1.9984014443252818E-15
Removed dimension: 124
a = 15.41286501042666 b = 27.38292501235491 error = 1.9984014443252818E-15
Removed dimension: 125
a = 15.41286501042666 b = 27.38292501235491 error = 1.9984014443252818E-15
Removed dimension: 82
a = 15.412865091086235 b = 27.38292512417283 error = 2.4424906541753444E-15
Removed dimension: 110
a = 15.41286517174584 b = 27.382925235990776 error = 2.220446049250313E-16
Removed dimension: 123
a = 15.4128652524054 b = 27.382925347808673 error = 1.9984014443252818E-15
Removed dimension: 127
a = 15.412865655703214 b = 27.38292590689816 error = 1.887379141862766E-15
Removed dimension: 111
a = 15.412866139660442 b = 27.382926577805332 error = 1.9984014443252818E-15
Removed dimension: 80
a = 15.412870737246001 b = 27.382932951412265 error = 2.220446049250313E-16
Removed dimension: 47
a = 15.412876060747797 b = 27.38294033135279 error = 4.440892098500626E-16
Removed dimension: 94
a = 15.412884045963652 b = 27.3829514012125 error = 1.9984014443252818E-15
Removed dimension: 45
a = 15.412896789953999 b = 27.382969068134457 error = 1.3322676295501878E-15
Removed dimension: 23
a = 15.412914534563159 b = 27.382993667386078 error = 2.55351295663786E-15
Removed dimension: 5
a = 15.412934295348354 b = 27.38302106165116 error = 1.1102230246251565E-16
Removed dimension: 28
a = 15.412961234105186 b = 27.383058406697856 error = 1.887379141862766E-15
Removed dimension: 120
a = 15.41307567788646 b = 27.3832170594665 error = 0.0
Removed dimension: 1
a = 15.41332251971414 b = 27.383559254900305 error = 1.5543122344752192E-15
Removed dimension: 40
a = 15.413819559053996 b = 27.386684352532278 error = 1.1102230246251565E-15
Removed dimension: 41
a = 15.414735220030567 b = 27.387953728180793 error = 3.3306690738754696E-16
Removed dimension: 31
a = 15.415753653092462 b = 27.389365576191686 error = 1.6653345369377348E-15
Removed dimension: 104
a = 15.417173040152162 b = 27.39618764293359 error = 6.661338147750939E-16
Removed dimension: 108
a = 15.418727298973938 b = 27.403173230443606 error = 1.5543122344752192E-15
Removed dimension: 77
a = 15.420387050987683 b = 27.407880875331678 error = 1.7763568394002505E-15
Removed dimension: 88
a = 15.41851724327408 b = 27.410084943705428 error = 2.1094237467877974E-15
Removed dimension: 121
a = 15.415516219544692 b = 27.410697920184443 error = 1.4432899320127035E-15
Removed dimension: 65
a = 15.412355802003429 b = 27.418151108815202 error = 0.0
Removed dimension: 14
a = 15.409025926918215 b = 27.415885099106294 error = 0.0
Removed dimension: 52
a = 15.405672164751085 b = 27.41358046448473 error = 1.6653345369377348E-15
Removed dimension: 57
a = 15.40947140823464 b = 27.421186516655673 error = 8.881784197001252E-16
Removed dimension: 122
a = 15.405551462920256 b = 27.425054711232757 error = 2.3314683517128287E-15
Removed dimension: 6
a = 15.409673835821252 b = 27.430769533539838 error = 1.2212453270876722E-15
Removed dimension: 116
a = 15.403012100296296 b = 27.42615335300261 error = 1.6653345369377348E-15
Removed dimension: 8
a = 15.396110142686096 b = 27.47476716346964 error = 1.2212453270876722E-15
Removed dimension: 60
a = 15.40143087138006 b = 27.620013053878253 error = 1.2212453270876722E-15
Removed dimension: 54
a = 15.404355821126718 b = 27.765146493478515 error = 1.9984014443252818E-15
Removed dimension: 114
a = 15.406272513517656 b = 27.935490069086946 error = 6.661338147750939E-16
Removed dimension: 19
a = 15.401683720449952 b = 27.945680753161575 error = 5.551115123125783E-16
Removed dimension: 53
a = 15.39578602717723 b = 27.942961853697046 error = 1.4432899320127035E-15
Removed dimension: 84
a = 15.387961968178377 b = 27.937542826561234 error = 2.886579864025407E-15
Removed dimension: 48
a = 15.374797759646873 b = 28.01472654710501 error = 1.4432899320127035E-15
Removed dimension: 35
a = 15.363635016979956 b = 28.394413811440952 error = 2.4424906541753444E-15
Removed dimension: 101
a = 15.359435511027886 b = 28.551110989517884 error = 2.3314683517128287E-15
Removed dimension: 119
a = 15.37035938856702 b = 28.966542107024942 error = 1.1102230246251565E-15
Removed dimension: 107
a = 15.376618617082956 b = 29.0679949999747 error = 1.6653345369377348E-15
Removed dimension: 69
a = 15.366129435787851 b = 29.060739133228736 error = 4.440892098500626E-16
Removed dimension: 33
a = 15.3544750612958 b = 29.18941848504467 error = 1.4432899320127035E-15
Removed dimension: 49
a = 15.337762595111494 b = 29.39123899817315 error = 1.887379141862766E-15
Removed dimension: 3
a = 15.317968322601258 b = 29.378149119867512 error = 1.6653345369377348E-15
Removed dimension: 67
a = 15.293072408505372 b = 29.360932536476888 error = 2.220446049250313E-15
Removed dimension: 51
a = 15.266746592950147 b = 29.344245437943265 error = 2.6645352591003757E-15
Removed dimension: 105
a = 15.239947220298756 b = 29.32871308607361 error = 2.1094237467877974E-15
Removed dimension: 25
a = 15.2122341574934 b = 29.42478524868916 error = 2.220446049250313E-16
Removed dimension: 38
a = 15.177167234689492 b = 29.436176218262794 error = 1.5543122344752192E-15
Removed dimension: 29
a = 15.141662707280693 b = 29.425265172899813 error = 8.881784197001252E-16
Removed dimension: 46
a = 15.099958951264354 b = 29.39635833199833 error = 0.0
Removed dimension: 106
a = 15.134794193022747 b = 29.55011627106559 error = 2.3314683517128287E-15
Removed dimension: 63
a = 15.094177859505736 b = 29.526140277565933 error = 1.9984014443252818E-15
Removed dimension: 68
a = 15.0522672946263 b = 29.508935446071902 error = -8.881784197001252E-16
Removed dimension: 81
a = 15.011442892394196 b = 29.489760728459302 error = 6.661338147750939E-16
Removed dimension: 44
a = 15.05826087344561 b = 29.554664231589893 error = 1.3322676295501878E-15
Removed dimension: 112
a = 15.010042372192999 b = 29.565176915571257 error = 1.9984014443252818E-15
Removed dimension: 66
a = 14.960550366580602 b = 29.700707786284372 error = 9.992007221626409E-16
Removed dimension: 90
a = 14.911928682484922 b = 29.672435691879333 error = 4.440892098500626E-16
Removed dimension: 117
a = 14.85519918718818 b = 29.815058085603162 error = 7.771561172376096E-16
Removed dimension: 16
a = 14.86747106730108 b = 30.330195921128134 error = 2.9976021664879227E-15
Removed dimension: 83
a = 14.805498026470023 b = 30.303666011969874 error = 2.220446049250313E-15
Removed dimension: 59
a = 14.741437233389295 b = 30.321498538609525 error = 0.0
Removed dimension: 55
a = 14.672458160951964 b = 30.27871796668487 error = 1.3322676295501878E-15
Removed dimension: 86
a = 14.598516134073265 b = 30.234681871652857 error = 6.661338147750939E-16
Removed dimension: 64
a = 14.519550335679877 b = 30.446448324770735 error = 3.1086244689504383E-15
Removed dimension: 30
a = 14.470990160312606 b = 30.818948302316628 error = 1.1640777665467006E-5
Removed dimension: 37
a = 14.471068370717717 b = 30.84353961263482 error = 3.418904457319627E-5
Removed dimension: 97
a = 14.475386362966933 b = 30.920621241189025 error = 1.5955498473596563E-4
Removed dimension: 26
a = 14.52021665716486 b = 31.16507516231667 error = 7.619964749683295E-4
Removed dimension: 85
a = 14.43662020502425 b = 31.425279842688628 error = 9.372112416754508E-4
Removed dimension: 98
a = 14.549571536540002 b = 31.724733586022246 error = 0.0013515681736718799
Removed dimension: 74
a = 14.35209367000266 b = 31.585604096063854 error = 0.0012707884860877483
Removed dimension: 61
a = 14.195977467021864 b = 31.550585674297807 error = 5.900233226300289E-4
Removed dimension: 100
a = 14.086234729854697 b = 31.48591350269865 error = 6.4713695272689E-4
Removed dimension: 56
a = 13.990646583445775 b = 31.42193173915517 error = 6.626469556748615E-4
Removed dimension: 92
a = 13.901493412360226 b = 31.53881486310152 error = 2.3127991464699793E-4
Removed dimension: 42
a = 13.790003329240964 b = 31.717970608288596 error = 2.390252386685887E-5
Removed dimension: 34
a = 13.683751584519344 b = 31.799351064629974 error = 2.663635541999554E-5
Removed dimension: 91
a = 13.615294111711851 b = 31.796998712974904 error = 1.5414478989894675E-6
Removed dimension: 2
a = 13.507004469163808 b = 32.290002900482506 error = 4.066299209670721E-5
Removed dimension: 21
a = 13.662147957183706 b = 32.83828717845878 error = 4.012381151485833E-5
Removed dimension: 39
a = 13.466097423697484 b = 32.83893962469628 error = 1.0717316890285211E-5
Removed dimension: 118
a = 13.662067037621712 b = 33.638030643222876 error = 1.9388701065770064E-6
Removed dimension: 22
a = 13.37555586022853 b = 33.51576841545365 error = 1.5986818652224954E-6
Removed dimension: 32
a = 13.071484459608918 b = 33.45106502138465 error = 6.174486126619971E-5
Removed dimension: 103
a = 12.731601068246128 b = 33.29012254665297 error = 2.2840493503129E-4
Removed dimension: 27
a = 12.10622553629936 b = 33.51947761181504 error = 2.0380492221983015E-4
Dimensions removed are: {0, 4, 7, 10, 11, 12, 15, 18, 20, 72, 78, 79, 87, 95, 115, 126, }
Fractal dimension after dimensionality reduction: a = 12.10622553629936 b = 33.51947761181504 error = 2.0380492221983015E-4
Total time: 104415.412
