-0,6931471805599453	21,593584683848896
-1,3862943611198906	12,44260220315818
-2,0794415416798357	3,4657359027997265
-2,772588722239781	0,0
The fractal dimension of whole dataset is: a = 13.076478769202287 b = 30.613980029290342 error = 2.306272962282474E-5
Removed dimension: 24
a = 13.076519737323832 b = 30.61434497276097 error = 2.2767110337662544E-5
Removed dimension: 21
a = 13.123967527035495 b = 30.714369888311282 error = 2.120365848157224E-5
Removed dimension: 8
a = 13.040146833504691 b = 30.96398158437958 error = 2.3762498227775097E-5
Removed dimension: 26
a = 12.962473911876527 b = 31.09721230758693 error = 1.2250128602953048E-4
Removed dimension: 23
a = 12.872193569245912 b = 31.02924200184039 error = 9.699909724625311E-5
Removed dimension: 22
a = 12.726118911530765 b = 31.03598515369503 error = 3.541449043233946E-4
Removed dimension: 13
a = 12.845790501004895 b = 31.509557343278253 error = 2.2656846883784E-4
Removed dimension: 9
a = 13.001234500371048 b = 32.08785935531145 error = 1.932618445686929E-4
Removed dimension: 17
a = 13.165844421382749 b = 32.86131118102223 error = 2.398992826128099E-4
Removed dimension: 6
a = 12.91218703445953 b = 32.768897925544955 error = 8.796785126885531E-5
Removed dimension: 25
a = 12.606865922883628 b = 32.61928686374519 error = 7.910659016729937E-7
Removed dimension: 27
a = 11.874336067105933 b = 32.72003768957282 error = 2.397109982178458E-4
Removed dimension: 3
a = 11.8655921566793 b = 32.93698951469551 error = 1.2439044555756507E-4
Removed dimension: 14
a = 11.842103466724133 b = 33.187898365241324 error = 8.286750310411151E-4
Dimensions removed are: {0, 1, 2, 4, 5, 7, 10, 11, 12, 15, 16, 18, 19, 20, }
Fractal dimension after dimensionality reduction: a = 11.842103466724133 b = 33.187898365241324 error = 8.286750310411151E-4
Total time: 2996.606
