-0,6931471805599453	20,23654172427545
-1,3862943611198906	10,541465515962448
-2,0794415416798357	1,0986122886681098
-2,772588722239781	0,0
The fractal dimension of whole dataset is: a = 13.80509794481676 b = 29.742450696824378 error = 4.342013136182654E-5
Removed dimension: 5
a = 13.80509794481676 b = 29.742450696824378 error = 4.342013136182654E-5
Removed dimension: 17
a = 13.80509794481676 b = 29.742450696824378 error = 4.342013136182654E-5
Removed dimension: 21
a = 13.80509794481676 b = 29.742450696824378 error = 4.342013136182654E-5
Removed dimension: 28
a = 13.80509794481676 b = 29.74263558853277 error = 4.3165888601204294E-5
Removed dimension: 31
a = 13.80509794481676 b = 29.74263558853277 error = 4.3165888601204294E-5
Removed dimension: 35
a = 13.80509794481676 b = 29.74263558853277 error = 4.3165888601204294E-5
Removed dimension: 37
a = 13.80509794481676 b = 29.74263558853277 error = 4.3165888601204294E-5
Removed dimension: 38
a = 13.80509794481676 b = 29.74263558853277 error = 4.3165888601204294E-5
Removed dimension: 41
a = 13.80509794481676 b = 29.74263558853277 error = 4.3165888601204294E-5
Removed dimension: 43
a = 13.80509794481676 b = 29.74263558853277 error = 4.3165888601204294E-5
Removed dimension: 46
a = 13.80509794481676 b = 29.74263558853277 error = 4.3165888601204294E-5
Removed dimension: 48
a = 13.80509794481676 b = 29.74263558853277 error = 4.3165888601204294E-5
Removed dimension: 53
a = 13.80509794481676 b = 29.74263558853277 error = 4.3165888601204294E-5
Removed dimension: 62
a = 13.80509794481676 b = 29.74263558853277 error = 4.3165888601204294E-5
Removed dimension: 67
a = 13.80509794481676 b = 29.74263558853277 error = 4.3165888601204294E-5
Removed dimension: 72
a = 13.80509794481676 b = 29.74263558853277 error = 4.3165888601204294E-5
Removed dimension: 70
a = 13.80509794599038 b = 29.742635590566497 error = 4.3165889152430026E-5
Removed dimension: 55
a = 13.805097948337618 b = 29.74263559463395 error = 4.316589025432638E-5
Removed dimension: 60
a = 13.805097970636327 b = 29.742635633274666 error = 4.316590072606097E-5
Removed dimension: 36
a = 13.80509799762949 b = 29.742714898429085 error = 4.305720937103352E-5
Removed dimension: 54
a = 13.805098590305441 b = 29.743626035846045 error = 4.181845297757114E-5
Removed dimension: 68
a = 13.80509918415453 b = 29.743640242742984 error = 4.180091984906653E-5
Removed dimension: 34
a = 13.805100875330762 b = 29.74369588119477 error = 4.1730512789550644E-5
Removed dimension: 59
a = 13.80510290215506 b = 29.743817965802638 error = 4.157152150718879E-5
Removed dimension: 71
a = 13.805105080368687 b = 29.744006130425326 error = 4.1324431973799314E-5
Removed dimension: 50
a = 13.805110539957138 b = 29.744015591171177 error = 4.132694137226611E-5
Removed dimension: 77
a = 13.805122587991272 b = 29.744141804053164 error = 4.1191072133850426E-5
Removed dimension: 42
a = 13.805139461472908 b = 29.755058024362057 error = 2.7888781649276773E-5
Removed dimension: 40
a = 13.80517594031416 b = 29.764930600811294 error = 1.8123972368666585E-5
Removed dimension: 24
a = 13.805214753606268 b = 29.765263054172138 error = 1.7900573199169934E-5
Removed dimension: 29
a = 13.805269559919289 b = 29.785257702686778 error = 4.636891463682957E-6
Removed dimension: 7
a = 13.805507691621186 b = 29.786857916144136 error = 4.152754341069098E-6
Removed dimension: 16
a = 13.805955484560581 b = 29.789313459392304 error = 3.52865314023898E-6
Removed dimension: 12
a = 13.806450043054625 b = 29.792084814273146 error = 2.877354776664731E-6
Removed dimension: 8
a = 13.807031251810558 b = 29.79521445579069 error = 2.2364484814074714E-6
Removed dimension: 1
a = 13.80791896953337 b = 29.801753390373584 error = 1.010114407118401E-6
Removed dimension: 47
a = 13.809155214464985 b = 29.80568133466192 error = 7.450420892451959E-7
Removed dimension: 23
a = 13.813584591199085 b = 29.83716923697317 error = 2.1425960862186955E-6
Removed dimension: 69
a = 13.818458593042061 b = 29.853211113165464 error = 4.326056997405736E-6
Removed dimension: 52
a = 13.824477503908911 b = 29.900557275068078 error = 3.264623289012114E-5
Removed dimension: 4
a = 13.830649363489728 b = 29.936843333229945 error = 6.653970183778668E-5
Removed dimension: 49
a = 13.838995743325036 b = 29.97397116418054 error = 1.0430699555763479E-4
Removed dimension: 56
a = 13.847401115268203 b = 30.017656199386913 error = 1.6735022875391525E-4
Removed dimension: 61
a = 13.857409068952812 b = 30.048693142325625 error = 1.957549331795816E-4
Removed dimension: 33
a = 13.86806116160279 b = 30.08801198036852 error = 2.485555440698839E-4
Removed dimension: 73
a = 13.869273992176504 b = 30.406316623893936 error = 3.491425905595147E-4
Removed dimension: 65
a = 13.89468827052517 b = 30.465354895758992 error = 3.722379740479509E-4
Removed dimension: 75
a = 13.939090292920087 b = 30.54234866680722 error = 3.113748208465328E-4
Removed dimension: 39
a = 13.871769169531278 b = 30.68007903272114 error = 5.476594055041639E-4
Removed dimension: 66
a = 13.816605380060453 b = 31.18275178106827 error = 2.4308637492231888E-4
Removed dimension: 57
a = 13.836251284195951 b = 31.352465363994185 error = 3.6347632629996074E-4
Removed dimension: 26
a = 13.803700249007585 b = 31.541269787919493 error = 0.0013535887897200283
Removed dimension: 44
a = 13.77418065451417 b = 31.56857553843007 error = 0.0014267778954768495
Removed dimension: 9
a = 13.757885432027336 b = 31.907981707480666 error = 0.0010115614600672007
Removed dimension: 58
a = 13.834336485329777 b = 32.400944251442056 error = 7.683270598395353E-4
Removed dimension: 13
a = 13.927937189448915 b = 32.93117056664306 error = 5.72880744365456E-4
Removed dimension: 22
a = 13.694340886871242 b = 32.83835297121463 error = 7.927949674592094E-4
Removed dimension: 30
a = 13.465801021263742 b = 32.70986810526961 error = 7.407417509014413E-4
Removed dimension: 6
a = 13.180398893478674 b = 32.58058256933543 error = 3.9784644484341936E-4
Removed dimension: 25
a = 12.892698937356798 b = 32.4376390789341 error = 9.424469087249143E-5
Removed dimension: 3
a = 12.547431826199963 b = 32.26805616167769 error = 2.714374866077396E-4
Removed dimension: 64
a = 11.658129225336241 b = 32.20158678638839 error = 1.9505511446693546E-4
Removed dimension: 51
a = 11.585721697629596 b = 32.88827714762312 error = 7.742935855226118E-5
Removed dimension: 27
a = 11.258599314819035 b = 33.513298032294465 error = 4.8301684694773694E-4
Dimensions removed are: {0, 2, 10, 11, 14, 15, 18, 19, 20, 32, 45, 63, 74, 76, }
Fractal dimension after dimensionality reduction: a = 11.258599314819035 b = 33.513298032294465 error = 4.8301684694773694E-4
Total time: 33096.992
