-0,6931471805599453	31,637538006571464
-1,3862943611198906	30,333482873101833
-2,0794415416798357	25,312661962006814
-2,772588722239781	20,143644443696164
-3,4657359027997265	16,241615797874402
-4,1588830833596715	14,91148436890934
-4,852030263919617	13,5817837005103
The fractal dimension of whole dataset is: a = 7.3504146847816685 b = 40.5603704543114 error = 5.2874648018064185E-5
Removed dimension: 2
a = 7.350414268933732 b = 40.56036974340944 error = 5.287426985156607E-5
Removed dimension: 20
a = 7.350400822148857 b = 40.560349961398714 error = 5.286908895396625E-5
Removed dimension: 19
a = 7.350384352423075 b = 40.56032853413376 error = 5.2871137476651064E-5
Removed dimension: 21
a = 7.350245505406643 b = 40.56013216709883 error = 5.285755536155179E-5
Removed dimension: 17
a = 7.350098329972744 b = 40.5599312487537 error = 5.284997620236265E-5
Removed dimension: 18
a = 7.349711745419584 b = 40.55937629202069 error = 5.279237207467258E-5
Removed dimension: 1
a = 7.358555201219731 b = 40.95072181567997 error = 1.0176621014967857E-4
Removed dimension: 0
a = 7.335111365403855 b = 41.29209643514945 error = 1.2950620119955847E-4
Removed dimension: 6
a = 7.153460185697858 b = 41.074972795557045 error = 1.4850450746206612E-4
Removed dimension: 4
a = 6.923197666040305 b = 40.79827301248756 error = 1.7444049110015847E-4
Removed dimension: 7
a = 6.669150642371585 b = 40.5007701861979 error = 2.1465444907831088E-4
Removed dimension: 5
a = 6.299608697480094 b = 40.03431067806579 error = 2.3288810754862332E-4
Removed dimension: 3
a = 5.928130594629108 b = 39.709837218718924 error = 3.800691708235604E-4
Removed dimension: 13
a = 5.5452821390939055 b = 39.32994824428966 error = 4.639576337367446E-4
Dimensions removed are: {8, 9, 10, 11, 12, 14, 15, 16, }
Fractal dimension after dimensionality reduction: a = 5.5452821390939055 b = 39.32994824428966 error = 4.639576337367446E-4
Total time: 18964.271
