-0,6931471805599453	26,143910360521577
-1,3862943611198906	21,26089786829733
-2,0794415416798357	16,401509653142543
-2,772588722239781	13,605744625951594
-3,4657359027997265	8,451480648050856
-4,1588830833596715	6,576469569048224
-4,852030263919617	3,912023005428146
The fractal dimension of whole dataset is: a = 7.027656593444402 b = 31.009204644943686 error = 1.470022999661147E-6
Removed dimension: 8
a = 7.027623805484891 b = 31.00918078342005 error = 1.4775291899971066E-6
Removed dimension: 9
a = 7.0269329566382055 b = 31.008479079170503 error = 1.6054828382294772E-6
Removed dimension: 7
a = 7.0261989638430515 b = 31.00797932639421 error = 1.62775027601203E-6
Removed dimension: 14
a = 7.02521627144055 b = 31.042211680691565 error = 3.7424232168792315E-7
Removed dimension: 15
a = 7.0289999536967525 b = 31.066332053174406 error = 4.884469589905294E-7
Removed dimension: 10
a = 7.024263132599941 b = 31.07599869798406 error = 4.619023346696949E-6
Removed dimension: 19
a = 7.010472404829331 b = 31.13047552241807 error = 1.7147595071653754E-6
Removed dimension: 12
a = 7.034393215876068 b = 31.333903448283934 error = 9.409532698123613E-6
Removed dimension: 11
a = 6.998526785187397 b = 31.326153753938605 error = 4.3593813520703684E-5
Removed dimension: 13
a = 7.037065601403554 b = 31.493739593993737 error = 3.1965204126960245E-5
Removed dimension: 18
a = 6.981591295800838 b = 31.51443708844134 error = 4.677702143207618E-5
Removed dimension: 23
a = 6.909049949691914 b = 31.441739057562717 error = 4.959338103405209E-6
Removed dimension: 16
a = 7.012038712035629 b = 31.77346799250175 error = 1.1162367831274445E-5
Removed dimension: 2
a = 6.87444998627002 b = 31.752538180328962 error = 1.4737720741975213E-4
Removed dimension: 17
a = 7.07131770656418 b = 32.371658732085784 error = 1.9681620312628212E-5
Removed dimension: 21
a = 6.774267985708106 b = 32.10574001575307 error = 7.289316045167027E-5
Dimensions removed are: {0, 1, 3, 4, 5, 6, 20, 22, }
Fractal dimension after dimensionality reduction: a = 6.774267985708106 b = 32.10574001575307 error = 7.289316045167027E-5
Total time: 3982.271
