-0,6931471805599453	25,54091472310623
-1,3862943611198906	20,379624589868033
-2,0794415416798357	15,900933053030775
-2,772588722239781	13,445291447359342
-3,4657359027997265	8,256347772918016
-4,1588830833596715	6,329720905522696
-4,852030263919617	3,295836866004329
The fractal dimension of whole dataset is: a = 6.953776874839136 b = 30.190255909043657 error = 0.0012511308705823732
Removed dimension: 25
a = 6.953776874839136 b = 30.190255909043657 error = 0.0012511308705823732
Removed dimension: 32
a = 6.953776874839136 b = 30.190255909043657 error = 0.0012511308705823732
Removed dimension: 31
a = 6.953776875060779 b = 30.19025590942773 error = 0.0012511308716312008
Removed dimension: 8
a = 6.953737486883677 b = 30.190227389072653 error = 0.0012513747838988065
Removed dimension: 30
a = 6.953689883985274 b = 30.190180375296002 error = 0.0012515986171371951
Removed dimension: 13
a = 6.95344935386686 b = 30.19160272467154 error = 0.00124809038508078
Removed dimension: 7
a = 6.953070621802099 b = 30.191411550052713 error = 0.0012479311296416107
Removed dimension: 18
a = 6.953569867874566 b = 30.203129881371805 error = 0.0012324712565969786
Removed dimension: 9
a = 6.9529276804668365 b = 30.202477267706097 error = 0.0012361135633180975
Removed dimension: 10
a = 6.954576712737406 b = 30.21735769328867 error = 0.0013263725391482462
Removed dimension: 15
a = 6.958216979212571 b = 30.24351073095489 error = 0.0012942630427786872
Removed dimension: 12
a = 6.961839392512424 b = 30.285186703483657 error = 0.0012151423184091348
Removed dimension: 20
a = 6.948899546497991 b = 30.397716149851668 error = 7.638640505478467E-4
Removed dimension: 16
a = 6.9706533230515895 b = 30.484322566596354 error = 6.979525944368348E-4
Removed dimension: 33
a = 7.0002227764421505 b = 30.894252416896418 error = 9.190443036932727E-5
Removed dimension: 19
a = 6.963033823127782 b = 31.161241994737303 error = 1.3523757691480398E-7
Removed dimension: 14
a = 6.991419255649838 b = 31.519907047917645 error = 3.916840092821339E-6
Removed dimension: 17
a = 6.992181132689519 b = 31.730749304397307 error = 2.2681764627607848E-6
Removed dimension: 24
a = 6.947159566809163 b = 31.805188568258316 error = 1.0783052438845253E-5
Removed dimension: 29
a = 6.995329568104912 b = 31.915882304309505 error = 2.9507849815924025E-5
Removed dimension: 27
a = 7.03668491319979 b = 32.19423568417635 error = 1.359635326545483E-4
Removed dimension: 23
a = 6.945092113631065 b = 32.10205407456461 error = 3.4237844627083014E-5
Removed dimension: 11
a = 6.835989699289094 b = 32.029427277410974 error = 4.314846165354158E-5
Removed dimension: 28
a = 6.70998587444786 b = 31.94313485338064 error = 4.767993298759876E-5
Removed dimension: 26
a = 6.828339269194021 b = 32.624234469849284 error = 3.2734010746438E-7
Removed dimension: 2
a = 6.642878461250814 b = 32.55926483488137 error = 2.0512101126335391E-4
Removed dimension: 21
a = 6.277617943096615 b = 32.226105175023434 error = 1.3346777231193485E-5
Dimensions removed are: {0, 1, 3, 4, 5, 6, 22, }
Fractal dimension after dimensionality reduction: a = 6.277617943096615 b = 32.226105175023434 error = 1.3346777231193485E-5
Total time: 9905.624
