-0,6931471805599453	25,642294831861236
-1,3862943611198906	20,37218896736644
-2,0794415416798357	16,02239488488511
-2,772588722239781	13,518203648347173
-3,4657359027997265	8,150756470275551
-4,1588830833596715	6,576469569048224
-4,852030263919617	3,912023005428146
The fractal dimension of whole dataset is: a = 6.939290973675207 b = 30.2221668598459 error = 0.00228024460484344
Removed dimension: 8
a = 6.939258269123026 b = 30.222145281782538 error = 0.0022805596353719926
Removed dimension: 7
a = 6.938975693335094 b = 30.222010617169104 error = 0.0022803011068668333
Removed dimension: 9
a = 6.93852518430135 b = 30.22155521612055 error = 0.0022838488422078917
Removed dimension: 18
a = 6.937913739975327 b = 30.23902411521596 error = 0.0021535236264034197
Removed dimension: 24
a = 6.93776046612277 b = 30.327352332989445 error = 0.0016558506654208438
Removed dimension: 25
a = 6.940079063277022 b = 30.343090344948827 error = 0.0017195448468366736
Removed dimension: 22
a = 6.944385531808779 b = 31.072414064404363 error = 1.9059592110126644E-6
Removed dimension: 19
a = 6.940570797488718 b = 31.205928408572362 error = 9.301159529484515E-5
Removed dimension: 16
a = 6.937675979208611 b = 31.25659171991341 error = 9.994045737860002E-5
Removed dimension: 10
a = 6.931173885837496 b = 31.26508514359917 error = 5.616016936194068E-5
Removed dimension: 15
a = 6.936564807960984 b = 31.307246194742383 error = 4.956626270513631E-5
Removed dimension: 12
a = 6.926804348564906 b = 31.341279187062437 error = 5.2699640590181396E-5
Removed dimension: 17
a = 6.967753475027152 b = 31.537140415232816 error = 2.580261008211515E-5
Removed dimension: 11
a = 6.9015835544427935 b = 31.503862690496593 error = 6.002972012841834E-5
Removed dimension: 20
a = 6.954108976846656 b = 31.8440388506077 error = 8.865238913302598E-5
Removed dimension: 14
a = 6.989918669590152 b = 32.16898589299906 error = 6.50548081704283E-6
Removed dimension: 2
a = 6.886953502826759 b = 32.18528842270118 error = 4.366719035500122E-4
Removed dimension: 23
a = 6.780659227267309 b = 32.07750649063658 error = 1.9515764599931096E-4
Removed dimension: 26
a = 6.666905798425644 b = 32.12813872822051 error = 3.4079754144511476E-4
Removed dimension: 13
a = 6.817352076918409 b = 32.7686252759334 error = 9.959889657307208E-5
Removed dimension: 27
a = 6.51966286788482 b = 32.57899013426084 error = 1.9432395334462171E-4
Removed dimension: 21
a = 6.149770773694191 b = 32.23892317499235 error = 2.7761300296025304E-5
Dimensions removed are: {0, 1, 3, 4, 5, 6, 28, }
Fractal dimension after dimensionality reduction: a = 6.149770773694191 b = 32.23892317499235 error = 2.7761300296025304E-5
Total time: 5424.616
