-0,6931471805599453	22,708908676588674
-1,3862943611198906	16,906076124903063
-2,0794415416798357	13,884686745981057
-2,772588722239781	10,04524749757396
-3,4657359027997265	1,3862943611198906
-4,1588830833596715	0,0
-4,852030263919617	0,0
The fractal dimension of whole dataset is: a = 4.949041718518366 b = 23.97141721960344 error = 0.003535399989394894
Removed dimension: 4
a = 4.949041718518366 b = 23.971426551138897 error = 0.0035357209155157943
Removed dimension: 7
a = 4.949041718518366 b = 23.971426551138897 error = 0.0035357209155157943
Removed dimension: 8
a = 4.949041718518366 b = 23.9714270177111 error = 0.003535736962041125
Removed dimension: 29
a = 4.949041718518366 b = 23.9714270177111 error = 0.003535736962041125
Removed dimension: 34
a = 4.949041718518366 b = 23.971495132580866 error = 0.003538079978475328
Removed dimension: 44
a = 4.949041718518366 b = 23.971495132580866 error = 0.003538079978475328
Removed dimension: 48
a = 4.949041718518366 b = 23.971495132580866 error = 0.003538079978475328
Removed dimension: 72
a = 4.949041718518366 b = 23.971495132580866 error = 0.003538079978475328
Removed dimension: 80
a = 4.949041718518366 b = 23.971495132580866 error = 0.003538079978475328
Removed dimension: 81
a = 4.949041718518366 b = 23.971495132580866 error = 0.003538079978475328
Removed dimension: 85
a = 4.949041718518366 b = 23.971495132580866 error = 0.003538079978475328
Removed dimension: 89
a = 4.949041718518366 b = 23.971495132580866 error = 0.003538079978475328
Removed dimension: 101
a = 4.949041718518366 b = 23.971495132580866 error = 0.003538079978475328
Removed dimension: 108
a = 4.949041718518366 b = 23.971495132580866 error = 0.003538079978475328
Removed dimension: 120
a = 4.949041718518366 b = 23.971495132580866 error = 0.003538079978475328
Removed dimension: 9
a = 4.949041718518352 b = 23.971511926602165 error = 0.0035386577768609095
Removed dimension: 122
a = 4.949041718518352 b = 23.971514259060516 error = 0.0035387380287754677
Removed dimension: 30
a = 4.949041751322519 b = 23.971516204602768 error = 0.003538801792832058
Removed dimension: 28
a = 4.9490417841266865 b = 23.971516750674798 error = 0.00353881740551798
Removed dimension: 103
a = 4.949041882539158 b = 23.971517922400885 error = 0.0035388481931052373
Removed dimension: 78
a = 4.949042046559922 b = 23.971518320317738 error = 0.0035388460038885405
Removed dimension: 26
a = 4.949042833859065 b = 23.971521163291573 error = 0.0035388675967951144
Removed dimension: 49
a = 4.949046015851006 b = 23.971530282310212 error = 0.0035388732777079657
Removed dimension: 56
a = 4.949049952316479 b = 23.971543097621865 error = 0.0035389330904173066
Removed dimension: 99
a = 4.949056480241011 b = 23.971570129915733 error = 0.0035392311748315697
Removed dimension: 91
a = 4.94906504190176 b = 23.97159276651825 error = 0.0035391810977962734
Removed dimension: 87
a = 4.949081574476277 b = 23.971633807733586 error = 0.003538992528418272
Removed dimension: 10
a = 4.949050274820331 b = 23.971625747886833 error = 0.0035402528211544437
Removed dimension: 23
a = 4.949104782369937 b = 23.971875286578758 error = 0.0035420690209551076
Removed dimension: 84
a = 4.949165905540397 b = 23.972054126025334 error = 0.0035408111860176783
Removed dimension: 31
a = 4.9492703981568 b = 23.972340977220867 error = 0.0035390710222621413
Removed dimension: 14
a = 4.9494099962717035 b = 23.972694100004745 error = 0.003537705341703834
Removed dimension: 79
a = 4.949595811966607 b = 23.97315281880394 error = 0.003535498953668892
Removed dimension: 112
a = 4.94981696497661 b = 23.973707990884254 error = 0.003533190888582727
Removed dimension: 13
a = 4.950057079564252 b = 23.97430496696571 error = 0.0035304868407974865
Removed dimension: 82
a = 4.95030703483977 b = 23.974929080044802 error = 0.0035277650671893257
Removed dimension: 12
a = 4.95059300343402 b = 23.975649885926718 error = 0.0035248851954242655
Removed dimension: 18
a = 4.950929728807017 b = 23.97649242846005 error = 0.0035212833668218924
Removed dimension: 68
a = 4.950590024869211 b = 23.981858761558378 error = 0.003424731354197963
Removed dimension: 50
a = 4.950957005284312 b = 23.98281086276337 error = 0.0034220139372375113
Removed dimension: 41
a = 4.951473046538879 b = 24.03304864919894 error = 0.003036809733666823
Removed dimension: 83
a = 4.952008834347273 b = 24.034391442122477 error = 0.0030316061812548645
Removed dimension: 109
a = 4.952574636607989 b = 24.03582315588158 error = 0.0030265531861392025
Removed dimension: 102
a = 4.953329323055278 b = 24.03771444079368 error = 0.003019237123552343
Removed dimension: 1
a = 4.954095738702439 b = 24.041239331601822 error = 0.0030526078678878577
Removed dimension: 75
a = 4.954894613446737 b = 24.04324090582817 error = 0.0030435240281478926
Removed dimension: 24
a = 4.954131612755492 b = 24.085038556220006 error = 0.0030789318121920983
Removed dimension: 86
a = 4.955020348270378 b = 24.08722535861995 error = 0.0030689424978639357
Removed dimension: 17
a = 4.956203192799674 b = 24.090174908228292 error = 0.003055687902017712
Removed dimension: 52
a = 4.957488966164691 b = 24.09375123956364 error = 0.003051999437375219
Removed dimension: 90
a = 4.959078685626549 b = 24.097744061828436 error = 0.0030355941249263774
Removed dimension: 42
a = 4.961093526003094 b = 24.102832732407087 error = 0.0030148702379781955
Removed dimension: 73
a = 4.963283159491212 b = 24.10819678085268 error = 0.002989861518260528
Removed dimension: 74
a = 4.965530756862834 b = 24.11372529341368 error = 0.002965026555522665
Removed dimension: 11
a = 4.96836280148597 b = 24.120801520539445 error = 0.0029373533161987098
Removed dimension: 110
a = 4.971319984476243 b = 24.12852989742089 error = 0.0029155739809504366
Removed dimension: 15
a = 4.974546386918191 b = 24.1365532023874 error = 0.002883204626980773
Removed dimension: 93
a = 4.978224317779304 b = 24.14578451480307 error = 0.0028468096382462393
Removed dimension: 25
a = 4.974378825197099 b = 24.139320256220067 error = 0.0028164080248470613
Removed dimension: 115
a = 4.978248698220372 b = 24.14903315017778 error = 0.0027799133427313105
Removed dimension: 33
a = 4.982672188826142 b = 24.160020221356763 error = 0.002735247819654396
Removed dimension: 118
a = 4.978096082842944 b = 24.411730781690572 error = 0.005131341341958695
Removed dimension: 104
a = 4.983214266357208 b = 24.425118921858964 error = 0.005085486977637443
Removed dimension: 71
a = 4.977855118286564 b = 24.434149678885802 error = 0.005115846546400071
Removed dimension: 96
a = 4.983514984971451 b = 24.44816143295097 error = 0.005033309530184549
Removed dimension: 114
a = 4.99007556897842 b = 24.46472700218689 error = 0.004948384338638756
Removed dimension: 45
a = 4.996970617906789 b = 24.482078690981318 error = 0.00486057671577278
Removed dimension: 0
a = 5.004368418119754 b = 24.500150947172173 error = 0.004749968419292205
Removed dimension: 123
a = 5.012014052015163 b = 24.519623908407056 error = 0.004660994587016631
Removed dimension: 43
a = 5.019713384704789 b = 24.539216835993365 error = 0.004573091148157737
Removed dimension: 69
a = 5.030219014098532 b = 24.565492499507158 error = 0.004444335398250843
Removed dimension: 54
a = 5.041899406984293 b = 24.59677555043345 error = 0.004367432318577613
Removed dimension: 53
a = 5.054332202035746 b = 24.628793085432093 error = 0.004234686814990063
Removed dimension: 105
a = 5.041261313937218 b = 24.613398253470574 error = 0.004033229399909244
Removed dimension: 70
a = 5.028022848436524 b = 24.65175532672943 error = 0.002938455219409608
Removed dimension: 16
a = 5.041382736903794 b = 24.685815280842327 error = 0.0028271364151541967
Removed dimension: 51
a = 5.057521755059184 b = 24.72856381149913 error = 0.002720725617845088
Removed dimension: 32
a = 5.0384339696446 b = 24.707609930521045 error = 0.0026872773786582593
Removed dimension: 20
a = 5.057952424606213 b = 24.75722048154882 error = 0.002527414587807919
Removed dimension: 38
a = 5.079577539120836 b = 24.81653806590609 error = 0.0024347947419085525
Removed dimension: 61
a = 5.1030016251818155 b = 24.879218922907643 error = 0.0022900014514394273
Removed dimension: 21
a = 5.12661030655161 b = 24.95159732676781 error = 0.0023439236969223787
Removed dimension: 116
a = 5.151942059744674 b = 25.02180485615218 error = 0.0021848844430929493
Removed dimension: 121
a = 5.126286977036432 b = 24.987428972424873 error = 0.0021064026631704147
Removed dimension: 3
a = 5.153569879350855 b = 25.080047310986085 error = 0.002456720538847601
Removed dimension: 94
a = 5.13219120267147 b = 25.087143109085023 error = 0.002589805208634388
Removed dimension: 95
a = 5.160595682249313 b = 25.325267061160737 error = 0.0012939825633440094
Removed dimension: 65
a = 5.173626750718986 b = 25.44283293423808 error = 0.0010671801333614894
Removed dimension: 100
a = 5.203782093312403 b = 25.52225710928225 error = 9.407980907527591E-4
Removed dimension: 47
a = 5.239116604867077 b = 25.620717862825863 error = 8.767073096251909E-4
Removed dimension: 64
a = 5.275787325756736 b = 25.71498842134475 error = 7.280113605282468E-4
Removed dimension: 55
a = 5.237629412904059 b = 25.672591874949433 error = 6.590848796200754E-4
Removed dimension: 46
a = 5.194154026066435 b = 25.63122229445916 error = 3.5333972569495664E-4
Removed dimension: 117
a = 5.238601663080498 b = 25.833856846434674 error = 2.1895192197085578E-4
Removed dimension: 35
a = 5.285458489202348 b = 25.959337828142996 error = 1.44482632120857E-4
Removed dimension: 92
a = 5.24494246314089 b = 26.045183301844755 error = 9.438830220342975E-5
Removed dimension: 66
a = 5.291843308697519 b = 26.178797954991282 error = 6.919892821743989E-5
Removed dimension: 107
a = 5.244021938591666 b = 26.15867973116542 error = 3.418796737841845E-5
Removed dimension: 67
a = 5.298054987348863 b = 26.307582212968583 error = 1.3418232719941692E-5
Removed dimension: 119
a = 5.355943203585604 b = 26.478612073480342 error = 5.753448573120323E-7
Removed dimension: 111
a = 5.296193876391451 b = 26.451928976219577 error = 1.8440383681772587E-4
Removed dimension: 113
a = 5.353596370438107 b = 26.65044604805391 error = 2.8541693270711654E-4
Removed dimension: 62
a = 5.2840533147814535 b = 26.60040581967614 error = 4.040403121969849E-4
Removed dimension: 58
a = 5.357885812312022 b = 26.802043574124248 error = 5.373886941661965E-4
Removed dimension: 60
a = 5.437845068165223 b = 27.03631699225179 error = 5.642390689184484E-4
Removed dimension: 27
a = 5.5150612169545505 b = 27.265992380782116 error = 5.799746377800341E-4
Removed dimension: 2
a = 5.609480835747893 b = 27.58258111922335 error = 5.424087940582023E-4
Removed dimension: 59
a = 5.604594814339927 b = 28.505027234568836 error = 1.564025169931149E-5
Removed dimension: 57
a = 5.494201275246911 b = 28.336829495582247 error = 1.7275506423608533E-4
Removed dimension: 88
a = 5.431638466981346 b = 28.41721970651976 error = 3.2049557666435913E-4
Removed dimension: 98
a = 5.316582124273031 b = 28.30835827319361 error = 6.652408745051464E-4
Removed dimension: 63
a = 5.44289027423247 b = 28.76516731311053 error = 5.524089943227395E-4
Removed dimension: 39
a = 5.556526585026047 b = 29.1668995202242 error = 5.678631426311309E-4
Removed dimension: 6
a = 5.620402351568851 b = 30.67237558556512 error = 0.003937035658644117
Removed dimension: 36
a = 5.607676376377351 b = 30.870973431951914 error = 0.005500914866054418
Removed dimension: 97
a = 5.5916275609650015 b = 31.212551973309385 error = 0.0016168641277030105
Removed dimension: 19
a = 5.603853998623524 b = 31.664897576272402 error = 7.781451206819723E-4
Removed dimension: 76
a = 5.406182958648478 b = 31.689046508876793 error = 3.8947331859151557E-4
Removed dimension: 37
a = 4.653629407862208 b = 31.850290291669065 error = 1.9463385888451867E-4
Dimensions removed are: {5, 22, 40, 77, 106, }
Fractal dimension after dimensionality reduction: a = 4.653629407862208 b = 31.850290291669065 error = 1.9463385888451867E-4
Total time: 91448.111
