-0,6931471805599453	24,7983212472213
-1,3862943611198906	19,228722762226415
-2,0794415416798357	15,452458962692438
-2,772588722239781	12,509228134813767
-3,4657359027997265	4,110873864173311
-4,1588830833596715	0,6931471805599453
-4,852030263919617	0,0
The fractal dimension of whole dataset is: a = 4.847090788124107 b = 25.739959146725187 error = 0.0038202950716265116
Removed dimension: 6
a = 4.847090788124107 b = 25.739959146725187 error = 0.0038202950716265116
Removed dimension: 24
a = 4.847090788124107 b = 25.739959146725187 error = 0.0038202950716265116
Removed dimension: 33
a = 4.847090788124107 b = 25.739959146725187 error = 0.0038202950716265116
Removed dimension: 37
a = 4.847090788124107 b = 25.739959146725187 error = 0.0038202950716265116
Removed dimension: 42
a = 4.847090788124107 b = 25.739959146725187 error = 0.0038202950716265116
Removed dimension: 50
a = 4.847090788124107 b = 25.739959146725187 error = 0.0038202950716265116
Removed dimension: 59
a = 4.847090788124107 b = 25.739959146725187 error = 0.0038202950716265116
Removed dimension: 61
a = 4.847090788124107 b = 25.739959146725187 error = 0.0038202950716265116
Removed dimension: 68
a = 4.847090788124107 b = 25.739959146725187 error = 0.0038202950716265116
Removed dimension: 49
a = 4.847090791339417 b = 25.739959154525565 error = 0.0038202951072252578
Removed dimension: 30
a = 4.847091103219712 b = 25.739965553734006 error = 0.0038200927333801316
Removed dimension: 57
a = 4.847090046054759 b = 25.739967848866343 error = 0.0038201731301484854
Removed dimension: 8
a = 4.8470847190758874 b = 25.739968638182592 error = 0.0038198833139035937
Removed dimension: 46
a = 4.847076481864352 b = 25.73998171922377 error = 0.0038192594533549284
Removed dimension: 70
a = 4.847057367511384 b = 25.739988831848812 error = 0.0038181744517584715
Removed dimension: 7
a = 4.847104898633842 b = 25.74020282687584 error = 0.0038177947799163947
Removed dimension: 10
a = 4.847049000262397 b = 25.740264778914884 error = 0.0038128001953522395
Removed dimension: 9
a = 4.847002511070254 b = 25.74095449844124 error = 0.003787922663365695
Removed dimension: 67
a = 4.84693678291109 b = 25.740851568454858 error = 0.00378889815655703
Removed dimension: 73
a = 4.846832403151931 b = 25.74094071246548 error = 0.003780808626374088
Removed dimension: 13
a = 4.846963079042507 b = 25.741356731650402 error = 0.0037813351612283608
Removed dimension: 53
a = 4.847153142792694 b = 25.742216939263507 error = 0.003781398357550425
Removed dimension: 54
a = 4.846908621290934 b = 25.742511356751567 error = 0.003758832515832311
Removed dimension: 32
a = 4.847277608258844 b = 25.74879156418159 error = 0.003654705628445387
Removed dimension: 69
a = 4.846704765366803 b = 25.749091275626874 error = 0.0036166235517701706
Removed dimension: 60
a = 4.8475269411716875 b = 25.751457862648905 error = 0.003623669131350371
Removed dimension: 52
a = 4.846662627637361 b = 25.753287923783553 error = 0.003518174021987397
Removed dimension: 55
a = 4.845728542646494 b = 25.75348827423072 error = 0.003489137506968998
Removed dimension: 64
a = 4.847047794560825 b = 25.75759669181994 error = 0.003491711735859271
Removed dimension: 15
a = 4.848431368991506 b = 25.761820538790342 error = 0.0034984217868158085
Removed dimension: 12
a = 4.849973960418082 b = 25.766581664976048 error = 0.003497949017437607
Removed dimension: 28
a = 4.852047938470449 b = 25.783516600711074 error = 0.0036424994304464775
Removed dimension: 16
a = 4.854641178850659 b = 25.79134622361213 error = 0.003649425548518992
Removed dimension: 23
a = 4.851277020673275 b = 25.795757107950365 error = 0.003452074036971675
Removed dimension: 29
a = 4.847532318561183 b = 25.80079996286497 error = 0.003401223175675705
Removed dimension: 56
a = 4.841581504461843 b = 25.79473513114108 error = 0.0035463183406119203
Removed dimension: 31
a = 4.84143298423396 b = 25.82959081870423 error = 0.004564650293916395
Removed dimension: 44
a = 4.8459674799594055 b = 25.84831993528593 error = 0.004449611824114741
Removed dimension: 62
a = 4.8367129934045625 b = 25.836765773152543 error = 0.004478505120576681
Removed dimension: 35
a = 4.826317412097667 b = 25.818751603469657 error = 0.004641797399655201
Removed dimension: 19
a = 4.839214803876905 b = 25.85750669715526 error = 0.004666240057041637
Removed dimension: 14
a = 4.851981791686178 b = 25.896146618568384 error = 0.004670530651232574
Removed dimension: 39
a = 4.865225792422776 b = 25.93480601117958 error = 0.0046959083277362534
Removed dimension: 21
a = 4.877579965527218 b = 26.02537781252344 error = 0.003991873784859323
Removed dimension: 47
a = 4.863387347753443 b = 26.001690031508573 error = 0.004167029846114723
Removed dimension: 3
a = 4.878760375217468 b = 26.063322065579626 error = 0.003547119532624543
Removed dimension: 65
a = 4.894155912754808 b = 26.151871554724018 error = 0.003598373388643883
Removed dimension: 18
a = 4.908478264937661 b = 26.221784155672538 error = 0.0036133668808685515
Removed dimension: 27
a = 4.924771636128421 b = 26.28890183067515 error = 0.003361712753476187
Removed dimension: 11
a = 4.94596879899059 b = 26.37837395157426 error = 0.003164630244931743
Removed dimension: 48
a = 4.969945326367623 b = 26.45761866428306 error = 0.003774221604099126
Removed dimension: 17
a = 4.999521443828608 b = 26.558525850506285 error = 0.0037372511245038487
Removed dimension: 40
a = 4.967236184984293 b = 26.539703454837333 error = 0.0038838068799934566
Removed dimension: 25
a = 5.007655927806062 b = 26.695365950065653 error = 0.00385805718351806
Removed dimension: 36
a = 5.052341919798461 b = 26.84916010066008 error = 0.00420170947235099
Removed dimension: 63
a = 5.128808556901707 b = 27.08858069085805 error = 0.004679898563919704
Removed dimension: 66
a = 4.343250263591622 b = 21.04054537496923 error = 1.2039958438903042E-4
Removed dimension: 43
a = 4.410089481207599 b = 21.341686574037993 error = 3.378493475995059E-4
Removed dimension: 34
a = 4.54505620983215 b = 22.086991745089662 error = 1.181131508508626E-4
Removed dimension: 20
a = 4.667695177346972 b = 22.71374630228673 error = 4.1521909786768063E-4
Removed dimension: 51
a = 4.376608374589491 b = 22.011103148536662 error = 7.391066224888831E-4
Removed dimension: 22
a = 4.384693535929284 b = 23.657580275446445 error = 2.429521877445051E-5
Removed dimension: 58
a = 4.300782234029145 b = 23.74249472581221 error = 2.6694654154391095E-5
Removed dimension: 72
a = 4.337243272782274 b = 24.604257098037003 error = 6.212761881685402E-5
Removed dimension: 26
a = 3.846515794487996 b = 23.929867825227948 error = 1.0138491036459918E-4
Removed dimension: 71
a = 2.8685422394763602 b = 22.976930627100906 error = 9.645438721728183E-6
Removed dimension: 0
a = 3.114855626242174 b = 25.49378016575902 error = 1.7058599569141908E-4
Removed dimension: 1
a = 2.8975317489305272 b = 24.94343966738166 error = 6.478640208584796E-5
Removed dimension: 5
a = 3.950311363494765 b = 31.76841239712069 error = 8.27214896363837E-4
Dimensions removed are: {2, 4, 38, 41, 45, }
Fractal dimension after dimensionality reduction: a = 3.950311363494765 b = 31.76841239712069 error = 8.27214896363837E-4
Total time: 51769.963
