-0,6931471805599453	24,26894328363933
-1,3862943611198906	19,056216634610067
-2,0794415416798357	15,085728020897163
-2,772588722239781	12,226458436086935
-3,4657359027997265	6,249975242259483
-4,1588830833596715	3,970291913552122
-4,852030263919617	0,0
The fractal dimension of whole dataset is: a = 7.520374886064243 b = 29.481669932668574 error = 5.773159728050814E-15
Removed dimension: 10
a = 7.520374886064243 b = 29.481669932668574 error = 5.773159728050814E-15
Removed dimension: 43
a = 7.5203748861474455 b = 29.48166993278393 error = 4.440892098500626E-15
Removed dimension: 38
a = 7.5203748575802125 b = 29.48166991436739 error = 7.327471962526033E-15
Removed dimension: 35
a = 7.520374962957809 b = 29.481670124009938 error = -5.551115123125783E-15
Removed dimension: 32
a = 7.520374795224752 b = 29.481670008005878 error = 1.887379141862766E-15
Removed dimension: 36
a = 7.520374994170294 b = 29.48167028380296 error = -5.10702591327572E-15
Removed dimension: 8
a = 7.520385894377548 b = 29.481694737707105 error = 4.9960036108132044E-15
Removed dimension: 39
a = 7.520225010575923 b = 29.481583221553596 error = 1.1324274851176597E-14
Removed dimension: 23
a = 7.5200114944602054 b = 29.481435223517686 error = 4.440892098500626E-15
Removed dimension: 7
a = 7.519796630823231 b = 29.481317291449304 error = 3.3306690738754696E-15
Removed dimension: 31
a = 7.520261287475193 b = 29.48475111080663 error = -3.552713678800501E-15
Removed dimension: 33
a = 7.519360832672285 b = 29.487475799630253 error = 2.55351295663786E-15
Removed dimension: 12
a = 7.523873367657583 b = 29.522612355510738 error = -7.549516567451064E-15
Removed dimension: 34
a = 7.51682656421784 b = 29.51774812637581 error = 2.220446049250313E-15
Removed dimension: 15
a = 7.524299956205521 b = 29.544559266848758 error = 4.6629367034256575E-15
Removed dimension: 28
a = 7.516530069092342 b = 29.543144302889292 error = 3.6637359812630166E-15
Removed dimension: 3
a = 7.495177718427563 b = 29.60272154455736 error = 3.774758283725532E-15
Removed dimension: 16
a = 7.5181746251029065 b = 29.681347784166846 error = -3.1086244689504383E-15
Removed dimension: 42
a = 7.491231919624141 b = 29.685050550997502 error = 5.551115123125783E-15
Removed dimension: 30
a = 7.473523991987341 b = 29.674813395736287 error = 8.659739592076221E-15
Removed dimension: 18
a = 7.445901574916028 b = 29.66453576609345 error = 6.106226635438361E-15
Removed dimension: 37
a = 7.472460344898202 b = 29.96125012293625 error = 1.6431300764452317E-14
Removed dimension: 19
a = 7.4909554199549095 b = 30.042987605314238 error = -2.6645352591003757E-15
Removed dimension: 9
a = 7.536558617936916 b = 30.107310366984155 error = -6.661338147750939E-15
Removed dimension: 17
a = 7.584504551229341 b = 30.267840078409144 error = 3.4416913763379853E-15
Removed dimension: 1
a = 7.5161929228041595 b = 30.227672148831143 error = 1.1435297153639112E-14
Removed dimension: 26
a = 7.469022007536056 b = 30.439373632678127 error = -7.771561172376096E-15
Removed dimension: 21
a = 7.361289296937989 b = 30.3667126000946 error = 1.7430501486614958E-14
Removed dimension: 11
a = 7.274819367612205 b = 30.30681762603995 error = 4.440892098500626E-15
Removed dimension: 14
a = 7.4764392607774965 b = 30.765386796710445 error = 5.10702591327572E-15
Removed dimension: 27
a = 7.282753425839534 b = 30.88043580131582 error = -4.884981308350689E-15
Removed dimension: 25
a = 7.475505592405059 b = 31.412251852694368 error = 7.549516567451064E-15
Removed dimension: 2
a = 7.191209842438824 b = 31.221271523903578 error = 7.549516567451064E-15
Removed dimension: 13
a = 7.572202330408914 b = 32.02024540204346 error = 7.549516567451064E-15
Removed dimension: 41
a = 7.452971076290584 b = 32.20316838686995 error = 1.3322676295501878E-14
Removed dimension: 40
a = 6.7694860739668625 b = 31.758613886377187 error = 7.187415687530674E-4
Dimensions removed are: {0, 4, 5, 6, 20, 22, 24, 29, }
Fractal dimension after dimensionality reduction: a = 6.7694860739668625 b = 31.758613886377187 error = 7.187415687530674E-4
Total time: 15957.425
