-0,6931471805599453	27,26447561380218
-1,3862943611198906	26,112822765153854
-2,0794415416798357	24,870923726221417
-2,772588722239781	23,966421580048625
-3,4657359027997265	23,17159742907954
-4,1588830833596715	22,290025461763808
-4,852030263919617	21,544142187307433
The fractal dimension of whole dataset is: a = 1.6614838535706051 b = 28.416128462450523 error = 1.5842882561400984E-13
Removed dimension: 0
a = 1.6614838535706051 b = 28.416128462450523 error = 1.5842882561400984E-13
Removed dimension: 1
a = 1.6614838535706051 b = 28.416128462450523 error = 1.5842882561400984E-13
Removed dimension: 3
a = 1.6614838535706051 b = 28.416128462450523 error = 1.5842882561400984E-13
Removed dimension: 4
a = 1.6614838535706051 b = 28.416128462450523 error = 1.5842882561400984E-13
Removed dimension: 6
a = 1.6614838535706051 b = 28.416128462450523 error = 1.5842882561400984E-13
Removed dimension: 8
a = 1.6614838535706051 b = 28.416128462450523 error = 1.5842882561400984E-13
Removed dimension: 9
a = 1.6614838535706051 b = 28.416128462450523 error = 1.5842882561400984E-13
Removed dimension: 13
a = 1.6614838535706051 b = 28.416128462450523 error = 1.5842882561400984E-13
Removed dimension: 14
a = 1.6614838535706051 b = 28.416128462450523 error = 1.5842882561400984E-13
Removed dimension: 22
a = 1.6614838535706051 b = 28.416128462450523 error = 1.5842882561400984E-13
Removed dimension: 26
a = 1.6614838535706051 b = 28.416128462450523 error = 1.5842882561400984E-13
Removed dimension: 27
a = 1.6614838535706051 b = 28.416128462450523 error = 1.5842882561400984E-13
Removed dimension: 28
a = 1.6614838535706051 b = 28.416128462450523 error = 1.5842882561400984E-13
Removed dimension: 30
a = 1.6614838535706051 b = 28.416128462450523 error = 1.5842882561400984E-13
Removed dimension: 31
a = 1.6614838535706051 b = 28.416128462450523 error = 1.5842882561400984E-13
Removed dimension: 32
a = 1.6614838535706051 b = 28.416128462450523 error = 1.5842882561400984E-13
Removed dimension: 33
a = 1.6614838535706051 b = 28.416128462450523 error = 1.5842882561400984E-13
Removed dimension: 34
a = 1.6614838535706051 b = 28.416128462450523 error = 1.5842882561400984E-13
Removed dimension: 36
a = 1.6614838535706051 b = 28.416128462450523 error = 1.5842882561400984E-13
Removed dimension: 37
a = 1.6614838535706051 b = 28.416128462450523 error = 1.5842882561400984E-13
Removed dimension: 41
a = 1.6614838535706051 b = 28.416128462450523 error = 1.5842882561400984E-13
Removed dimension: 43
a = 1.6614838535706051 b = 28.416128462450523 error = 1.5842882561400984E-13
Removed dimension: 45
a = 1.6614838535706051 b = 28.416128462450523 error = 1.5842882561400984E-13
Removed dimension: 48
a = 1.6614838535706051 b = 28.416128462450523 error = 1.5842882561400984E-13
Removed dimension: 49
a = 1.6614838535706051 b = 28.416128462450523 error = 1.5842882561400984E-13
Removed dimension: 50
a = 1.6614838535706051 b = 28.416128462450523 error = 1.5842882561400984E-13
Removed dimension: 51
a = 1.6614838535706051 b = 28.416128462450523 error = 1.5842882561400984E-13
Removed dimension: 52
a = 1.6614838535706051 b = 28.416128462450523 error = 1.5842882561400984E-13
Removed dimension: 56
a = 1.6614838535706051 b = 28.416128462450523 error = 1.5842882561400984E-13
Removed dimension: 57
a = 1.6614838535706051 b = 28.416128462450523 error = 1.5842882561400984E-13
Removed dimension: 58
a = 1.6614838535706051 b = 28.416128462450523 error = 1.5842882561400984E-13
Removed dimension: 59
a = 1.6614838535706051 b = 28.416128462450523 error = 1.5842882561400984E-13
Removed dimension: 60
a = 1.6614838535706051 b = 28.416128462450523 error = 1.5842882561400984E-13
Removed dimension: 67
a = 1.6614838535706051 b = 28.416128462450523 error = 1.5842882561400984E-13
Removed dimension: 70
a = 1.6614838535706051 b = 28.416128462450523 error = 1.5842882561400984E-13
Removed dimension: 71
a = 1.6614838535706051 b = 28.416128462450523 error = 1.5842882561400984E-13
Removed dimension: 75
a = 1.6614838535706051 b = 28.416128462450523 error = 1.5842882561400984E-13
Removed dimension: 76
a = 1.6614838535706051 b = 28.416128462450523 error = 1.5842882561400984E-13
Removed dimension: 78
a = 1.6614838535706051 b = 28.416128462450523 error = 1.5842882561400984E-13
Removed dimension: 79
a = 1.6614838535706051 b = 28.416128462450523 error = 1.5842882561400984E-13
Removed dimension: 80
a = 1.6614838535706051 b = 28.416128462450523 error = 1.5842882561400984E-13
Removed dimension: 82
a = 1.6614838535706051 b = 28.416128462450523 error = 1.5842882561400984E-13
Removed dimension: 84
a = 1.6614838535706051 b = 28.416128462450523 error = 1.5842882561400984E-13
Removed dimension: 24
a = 1.6614838535640093 b = 28.41612846244595 error = -1.574296248918472E-13
Removed dimension: 62
a = 1.661483853557443 b = 28.416128462441403 error = -1.4832579608992091E-13
Removed dimension: 16
a = 1.6614838535442216 b = 28.41612846243222 error = 9.470202400052585E-14
Removed dimension: 77
a = 1.661483853524493 b = 28.416128462418556 error = -3.175237850427948E-14
Removed dimension: 98
a = 1.6614838540833698 b = 28.41612846320702 error = -5.0182080713057076E-14
Removed dimension: 85
a = 1.6614838553187259 b = 28.41612846496067 error = 1.0469403122215226E-13
Removed dimension: 90
a = 1.6614838565738699 b = 28.41612846670066 error = 7.549516567451064E-15
Removed dimension: 99
a = 1.6614838650832033 b = 28.416128479469226 error = -2.7045032879868813E-13
Removed dimension: 102
a = 1.6614838435981054 b = 28.41612846457688 error = 7.505107646466058E-14
Removed dimension: 46
a = 1.6614838186298686 b = 28.41612844727022 error = 1.3655743202889425E-14
Removed dimension: 65
a = 1.661483793529921 b = 28.41612843853015 error = 1.9384494009955233E-13
Removed dimension: 68
a = 1.661483764262044 b = 28.41612841824321 error = -4.6629367034256575E-15
Removed dimension: 10
a = 1.6614837056295404 b = 28.416128377603687 error = 2.2615243011614439E-13
Removed dimension: 95
a = 1.6614836184465749 b = 28.416128317178842 error = -3.708144902248023E-14
Removed dimension: 87
a = 1.6614837149895085 b = 28.41612845286417 error = -1.2234657731369225E-13
Removed dimension: 55
a = 1.6614836024318451 b = 28.41612839222729 error = 6.694644838489694E-14
Removed dimension: 21
a = 1.6614834664529647 b = 28.416128315360385 error = -3.352873534367973E-14
Removed dimension: 7
a = 1.6614832861049065 b = 28.41612819035265 error = -4.8627768478581856E-14
Removed dimension: 83
a = 1.6614830850311069 b = 28.416128059665656 error = 1.0080825063596421E-13
Removed dimension: 53
a = 1.6614828313893653 b = 28.41612790131033 error = -1.5010215292932116E-13
Removed dimension: 12
a = 1.6614825712621961 b = 28.416128672959164 error = -7.083222897108499E-14
Removed dimension: 72
a = 1.6614822646421465 b = 28.41612846042921 error = -1.2856382625159313E-13
Removed dimension: 20
a = 1.6614818291339581 b = 28.416128158562273 error = 7.971401316808624E-14
Removed dimension: 94
a = 1.66148137496073 b = 28.41612835417173 error = 8.915090887740007E-14
Removed dimension: 89
a = 1.661480854344268 b = 28.416128010720332 error = -1.6364687382974807E-13
Removed dimension: 47
a = 1.6614803200377324 b = 28.41612764036726 error = 1.5765166949677223E-14
Removed dimension: 29
a = 1.6614795831894689 b = 28.416127260203876 error = -8.237854842718662E-14
Removed dimension: 92
a = 1.6614786781526467 b = 28.416126685131854 error = 7.471800955727304E-14
Removed dimension: 42
a = 1.6614777283639361 b = 28.416126026788504 error = -1.2789769243681803E-13
Removed dimension: 15
a = 1.6614764336413017 b = 28.41612565168438 error = 1.8285373215576328E-13
Removed dimension: 74
a = 1.661475043729816 b = 28.416124792728347 error = -1.3855583347321954E-13
Removed dimension: 44
a = 1.6614734374473048 b = 28.41612367933813 error = -1.247890679678676E-13
Removed dimension: 40
a = 1.661471375397753 b = 28.416122496013983 error = -1.9761969838327786E-14
Removed dimension: 23
a = 1.6614704403407958 b = 28.416130272111477 error = 2.298161660974074E-14
Removed dimension: 93
a = 1.6614681516070984 b = 28.416128685682168 error = -1.127986593019159E-13
Removed dimension: 91
a = 1.6614709322521914 b = 28.416134822017913 error = 3.5860203695392556E-14
Removed dimension: 73
a = 1.6614677443107329 b = 28.416132694253225 error = 4.907185768843192E-14
Removed dimension: 96
a = 1.6614644485497454 b = 28.416130409944277 error = -7.327471962526033E-15
Removed dimension: 88
a = 1.6614608922071816 b = 28.416128281645165 error = -7.949196856316121E-14
Removed dimension: 54
a = 1.6614570909696917 b = 28.416125646828103 error = -1.290079154614432E-13
Removed dimension: 69
a = 1.661452698220184 b = 28.416122602049462 error = -1.794120407794253E-13
Removed dimension: 11
a = 1.6614481916096866 b = 28.41611985223336 error = 3.3639757646142243E-14
Removed dimension: 100
a = 1.661443552926916 b = 28.41612115586471 error = -9.259260025373806E-14
Removed dimension: 86
a = 1.6614344710141655 b = 28.416117907409856 error = 1.949551631241775E-13
Removed dimension: 19
a = 1.6614445533874098 b = 28.416138889972498 error = 1.0735856648125264E-13
Removed dimension: 103
a = 1.6614299919903592 b = 28.41612881151103 error = 7.205347429817266E-14
Removed dimension: 25
a = 1.6614127978054856 b = 28.416117679516056 error = -1.3877787807814457E-13
Removed dimension: 66
a = 1.6613910129631895 b = 28.416105733693154 error = 1.3644640972643174E-13
Removed dimension: 61
a = 1.661359075544663 b = 28.41609243093344 error = -1.8784973576657649E-13
Removed dimension: 17
a = 1.661317864293425 b = 28.416068509597025 error = -1.9984014443252818E-13
Removed dimension: 2
a = 1.6612235770233899 b = 28.41600574009731 error = 2.5979218776228663E-14
Removed dimension: 81
a = 1.6615103923235215 b = 28.416433796968484 error = 2.9332092310596636E-13
Removed dimension: 63
a = 1.6631399729767982 b = 28.42449837351321 error = -7.815970093361102E-14
Removed dimension: 38
a = 1.6943356240790912 b = 28.478112627996993 error = 3.804392301139936E-4
Removed dimension: 35
a = 1.6833763542272129 b = 28.490501379963245 error = 3.4142029802342044E-4
Removed dimension: 39
a = 1.6939181053731087 b = 28.56517525479359 error = 4.962633437001207E-4
Removed dimension: 5
a = 1.6585889251233443 b = 28.548495817854402 error = 4.969016898831446E-4
Removed dimension: 18
a = 1.4790837423979475 b = 28.406047224638105 error = 9.880984919163893E-15
Removed dimension: 97
a = 1.2135590915236074 b = 28.515548981198403 error = 4.280229441296912E-4
Dimensions removed are: {64, 101, }
Fractal dimension after dimensionality reduction: a = 1.2135590915236074 b = 28.515548981198403 error = 4.280229441296912E-4
Total time: 1510.516
