-0,6931471805599453	27,339163298675757
-1,3862943611198906	26,386918638216514
-2,0794415416798357	25,28857841017572
-2,772588722239781	24,533457176374093
-3,4657359027997265	23,68493141110238
-4,1588830833596715	22,83505405871955
-4,852030263919617	22,064393533809596
The fractal dimension of whole dataset is: a = 1.2639907481146038 b = 28.094883139962775 error = 0.0014556741480783453
Removed dimension: 3
a = 1.2639907481146038 b = 28.094883139962775 error = 0.0014556741480783453
Removed dimension: 5
a = 1.2639907481146038 b = 28.094883139962775 error = 0.0014556741480783453
Removed dimension: 8
a = 1.2639907481146038 b = 28.094883139962775 error = 0.0014556741480783453
Removed dimension: 12
a = 1.2639907481146038 b = 28.094883139962775 error = 0.0014556741480783453
Removed dimension: 18
a = 1.263990748310775 b = 28.09488314081699 error = 0.0014556741412260488
Removed dimension: 6
a = 1.263990748816214 b = 28.094883143090623 error = 0.001455674131515261
Removed dimension: 17
a = 1.2639907549998193 b = 28.094883174068315 error = 0.0014556740806723756
Removed dimension: 7
a = 1.263990726394752 b = 28.09488325230036 error = 0.001455673535296742
Removed dimension: 13
a = 1.263988821357927 b = 28.09488185092849 error = 0.0014556681723133513
Removed dimension: 22
a = 1.2639765688842823 b = 28.094861721249632 error = 0.0014559095908217579
Removed dimension: 23
a = 1.2639633776518149 b = 28.094904028552726 error = 0.0014542007393755219
Removed dimension: 9
a = 1.2639439543063966 b = 28.094901273570294 error = 0.0014539586776201041
Removed dimension: 10
a = 1.2639143776102566 b = 28.09485245726255 error = 0.0014545460490583695
Removed dimension: 11
a = 1.2638803618887902 b = 28.09479566875076 error = 0.0014553980451819104
Removed dimension: 15
a = 1.263822756948388 b = 28.09476117799855 error = 0.0014552543738720614
Removed dimension: 19
a = 1.2637247352465935 b = 28.09459915532488 error = 0.0014572108071186918
Removed dimension: 16
a = 1.2635216676211765 b = 28.094395257553437 error = 0.0014584685061650449
Removed dimension: 14
a = 1.2632768410639212 b = 28.09401028777257 error = 0.0014638093286579723
Removed dimension: 4
a = 1.2635891211583656 b = 28.1627185635383 error = 0.0014942342881463233
Removed dimension: 20
a = 1.2630850709603936 b = 28.16222304819601 error = 0.0014973471701865693
Removed dimension: 2
a = 1.2430826539147886 b = 28.173654841915766 error = 9.943885101657557E-4
Removed dimension: 1
a = 1.1278703899426044 b = 28.578865181576305 error = 6.601275490166758E-4
Dimensions removed are: {0, 21, }
Fractal dimension after dimensionality reduction: a = 1.1278703899426044 b = 28.578865181576305 error = 6.601275490166758E-4
Total time: 76.402
