-0,6931471805599453	27,264502604729355
-1,3862943611198906	26,112976870875897
-2,0794415416798357	24,8713533616568
-2,772588722239781	23,967322541914708
-3,4657359027997265	23,17391258999874
-4,1588830833596715	22,296235811558173
-4,852030263919617	21,557838043582162
-5,545177444479562	20,941080508568334
The fractal dimension of whole dataset is: a = 1.6613004656864003 b = 28.416028338582805 error = -1.454392162258955E-13
Removed dimension: 0
a = 1.6613004656864003 b = 28.416028338582805 error = -1.454392162258955E-13
Removed dimension: 3
a = 1.6613004656864003 b = 28.416028338582805 error = -1.454392162258955E-13
Removed dimension: 5
a = 1.6613004656864003 b = 28.416028338582805 error = -1.454392162258955E-13
Removed dimension: 7
a = 1.6613004656864003 b = 28.416028338582805 error = -1.454392162258955E-13
Removed dimension: 9
a = 1.6613004656864003 b = 28.416028338582805 error = -1.454392162258955E-13
Removed dimension: 10
a = 1.6613004656864003 b = 28.416028338582805 error = -1.454392162258955E-13
Removed dimension: 12
a = 1.6613004656864003 b = 28.416028338582805 error = -1.454392162258955E-13
Removed dimension: 14
a = 1.6613004656864003 b = 28.416028338582805 error = -1.454392162258955E-13
Removed dimension: 15
a = 1.6613004656864003 b = 28.416028338582805 error = -1.454392162258955E-13
Removed dimension: 17
a = 1.6613004656864003 b = 28.416028338582805 error = -1.454392162258955E-13
Removed dimension: 20
a = 1.6613004656864003 b = 28.416028338582805 error = -1.454392162258955E-13
Removed dimension: 21
a = 1.6613004656864003 b = 28.416028338582805 error = -1.454392162258955E-13
Removed dimension: 25
a = 1.6613004656864003 b = 28.416028338582805 error = -1.454392162258955E-13
Removed dimension: 26
a = 1.6613004656864003 b = 28.416028338582805 error = -1.454392162258955E-13
Removed dimension: 27
a = 1.6613004656864003 b = 28.416028338582805 error = -1.454392162258955E-13
Removed dimension: 28
a = 1.6613004656864003 b = 28.416028338582805 error = -1.454392162258955E-13
Removed dimension: 30
a = 1.6613004656864003 b = 28.416028338582805 error = -1.454392162258955E-13
Removed dimension: 32
a = 1.6613004656864003 b = 28.416028338582805 error = -1.454392162258955E-13
Removed dimension: 40
a = 1.6613004656864003 b = 28.416028338582805 error = -1.454392162258955E-13
Removed dimension: 42
a = 1.6613004656864003 b = 28.416028338582805 error = -1.454392162258955E-13
Removed dimension: 43
a = 1.6613004656864003 b = 28.416028338582805 error = -1.454392162258955E-13
Removed dimension: 44
a = 1.6613004656864003 b = 28.416028338582805 error = -1.454392162258955E-13
Removed dimension: 46
a = 1.6613004656864003 b = 28.416028338582805 error = -1.454392162258955E-13
Removed dimension: 48
a = 1.6613004656864003 b = 28.416028338582805 error = -1.454392162258955E-13
Removed dimension: 49
a = 1.6613004656864003 b = 28.416028338582805 error = -1.454392162258955E-13
Removed dimension: 58
a = 1.6613004656864003 b = 28.416028338582805 error = -1.454392162258955E-13
Removed dimension: 59
a = 1.6613004656864003 b = 28.416028338582805 error = -1.454392162258955E-13
Removed dimension: 61
a = 1.6613004656864003 b = 28.416028338582805 error = -1.454392162258955E-13
Removed dimension: 62
a = 1.6613004656864003 b = 28.416028338582805 error = -1.454392162258955E-13
Removed dimension: 64
a = 1.6613004656864003 b = 28.416028338582805 error = -1.454392162258955E-13
Removed dimension: 65
a = 1.6613004656864003 b = 28.416028338582805 error = -1.454392162258955E-13
Removed dimension: 66
a = 1.6613004656864003 b = 28.416028338582805 error = -1.454392162258955E-13
Removed dimension: 69
a = 1.6613004656864003 b = 28.416028338582805 error = -1.454392162258955E-13
Removed dimension: 71
a = 1.6613004656864003 b = 28.416028338582805 error = -1.454392162258955E-13
Removed dimension: 72
a = 1.6613004656864003 b = 28.416028338582805 error = -1.454392162258955E-13
Removed dimension: 74
a = 1.6613004656864003 b = 28.416028338582805 error = -1.454392162258955E-13
Removed dimension: 76
a = 1.6613004656864003 b = 28.416028338582805 error = -1.454392162258955E-13
Removed dimension: 79
a = 1.6613004656864003 b = 28.416028338582805 error = -1.454392162258955E-13
Removed dimension: 81
a = 1.6613004656864003 b = 28.416028338582805 error = -1.454392162258955E-13
Removed dimension: 82
a = 1.6613004656864003 b = 28.416028338582805 error = -1.454392162258955E-13
Removed dimension: 83
a = 1.6613004656864003 b = 28.416028338582805 error = -1.454392162258955E-13
Removed dimension: 84
a = 1.6613004656864003 b = 28.416028338582805 error = -1.454392162258955E-13
Removed dimension: 88
a = 1.6613004656864003 b = 28.416028338582805 error = -1.454392162258955E-13
Removed dimension: 90
a = 1.6613004656864003 b = 28.416028338582805 error = -1.454392162258955E-13
Removed dimension: 101
a = 1.6613004656864003 b = 28.416028338582805 error = -1.454392162258955E-13
Removed dimension: 103
a = 1.6613004656818453 b = 28.41602833858107 error = -1.4699352846037073E-13
Removed dimension: 54
a = 1.661300465675279 b = 28.416028338576528 error = 3.297362383136715E-14
Removed dimension: 99
a = 1.6613004656686832 b = 28.416028338571948 error = 5.950795411990839E-14
Removed dimension: 102
a = 1.6613004656621464 b = 28.416028338567436 error = -1.212363542890671E-13
Removed dimension: 97
a = 1.661300465642418 b = 28.41602833855377 error = -7.72715225139109E-14
Removed dimension: 56
a = 1.661300465616064 b = 28.416028338535494 error = 1.0880185641326534E-14
Removed dimension: 50
a = 1.661300465575542 b = 28.416028338520388 error = 5.3512749786932545E-14
Removed dimension: 94
a = 1.6613004661344188 b = 28.41602833930885 error = -9.947598300641403E-14
Removed dimension: 86
a = 1.661300467389474 b = 28.41602834104873 error = -5.995204332975845E-14
Removed dimension: 77
a = 1.6613004686512136 b = 28.416028342820677 error = -9.992007221626409E-14
Removed dimension: 92
a = 1.6613004667485771 b = 28.41602834150186 error = 8.01581023779363E-14
Removed dimension: 89
a = 1.6613004760215269 b = 28.416028354799533 error = -8.060219158778636E-14
Removed dimension: 57
a = 1.661300450951808 b = 28.416028337422535 error = -2.1582735598713043E-13
Removed dimension: 34
a = 1.661300421497471 b = 28.41602831700633 error = -2.0627943797535409E-13
Removed dimension: 45
a = 1.6613003654682483 b = 28.416028286928476 error = -2.020605904817785E-13
Removed dimension: 16
a = 1.6613003064695686 b = 28.41602824603515 error = 1.5065726444163374E-13
Removed dimension: 67
a = 1.661300237863589 b = 28.41602819848112 error = -7.416289804496046E-14
Removed dimension: 98
a = 1.6613003355300149 b = 28.416028334943334 error = -2.48245868306185E-13
Removed dimension: 93
a = 1.6613002212304122 b = 28.41602825571831 error = -4.218847493575595E-15
Removed dimension: 68
a = 1.6613001064501964 b = 28.416028184839483 error = 9.015010959956271E-14
Removed dimension: 24
a = 1.6612999908121286 b = 28.416028104685275 error = 2.512434704726729E-13
Removed dimension: 19
a = 1.6612998275100384 b = 28.4160279914929 error = 1.708633234898116E-13
Removed dimension: 60
a = 1.6612996052598465 b = 28.416027837440797 error = -1.9539925233402755E-14
Removed dimension: 91
a = 1.6612992823166866 b = 28.416027695523308 error = 1.5698553568199713E-13
Removed dimension: 37
a = 1.6612989437439916 b = 28.416027460842603 error = -1.9095836023552692E-14
Removed dimension: 53
a = 1.6612985612501372 b = 28.416027199005985 error = 1.8096635301390052E-14
Removed dimension: 38
a = 1.6612989561447886 b = 28.41602871134777 error = -1.0658141036401503E-14
Removed dimension: 95
a = 1.6612985596522136 b = 28.41602847139303 error = 8.237854842718662E-14
Removed dimension: 23
a = 1.6612981377208744 b = 28.41602817893251 error = -1.2323475573339238E-13
Removed dimension: 31
a = 1.6612976200536085 b = 28.416027820112898 error = 5.717648576819556E-14
Removed dimension: 35
a = 1.6612970373966918 b = 28.416027965751795 error = 2.1294077612310502E-13
Removed dimension: 8
a = 1.6612964254294535 b = 28.416027859669374 error = -5.3734794391857577E-14
Removed dimension: 11
a = 1.6612957531181196 b = 28.416027419846547 error = 1.3522516439934407E-13
Removed dimension: 6
a = 1.6612949913349242 b = 28.416027119786825 error = 1.0447198661722723E-13
Removed dimension: 29
a = 1.6612940234314437 b = 28.4160268963606 error = -1.7852386235972517E-13
Removed dimension: 87
a = 1.661292870651597 b = 28.4160263576509 error = -2.353672812205332E-14
Removed dimension: 18
a = 1.6612916375055748 b = 28.41602550289918 error = 2.391420395042587E-13
Removed dimension: 96
a = 1.6612901654373187 b = 28.41602607310714 error = 2.858824288409778E-13
Removed dimension: 22
a = 1.6612885709951304 b = 28.416025098496675 error = 3.510525203864745E-13
Removed dimension: 85
a = 1.6612867425957651 b = 28.416024632134146 error = -1.3322676295501878E-15
Removed dimension: 55
a = 1.661284570984716 b = 28.41602312688806 error = 3.4861002973229915E-14
Removed dimension: 80
a = 1.6612816302920033 b = 28.41602449114782 error = 2.000621890374532E-13
Removed dimension: 73
a = 1.6612784039376431 b = 28.416029744215578 error = 1.0802470029602773E-13
Removed dimension: 1
a = 1.6612751417610323 b = 28.416027483047056 error = 2.2015722578316854E-13
Removed dimension: 47
a = 1.661270540898183 b = 28.41603116159532 error = -3.1086244689504383E-15
Removed dimension: 41
a = 1.661264410878281 b = 28.416027173735458 error = 8.981704269217516E-14
Removed dimension: 100
a = 1.6612572847242344 b = 28.416023767914222 error = 1.389999226830696E-13
Removed dimension: 51
a = 1.6612499650157748 b = 28.416018694278947 error = -1.341149413747189E-13
Removed dimension: 2
a = 1.6611570671390479 b = 28.415956975701462 error = -1.0547118733938987E-13
Removed dimension: 63
a = 1.6613796871948094 b = 28.416291795269924 error = 1.7774670624248756E-13
Removed dimension: 78
a = 1.6951334495971795 b = 28.472665751514366 error = 4.1178200992397773E-4
Removed dimension: 39
a = 1.6942972548234938 b = 28.478039228964953 error = 3.810972067739282E-4
Removed dimension: 75
a = 1.6833414347501787 b = 28.49043077696889 error = 3.421021970624327E-4
Removed dimension: 33
a = 1.693877387834894 b = 28.565092852562056 error = 4.969530076797124E-4
Removed dimension: 36
a = 1.658528814436123 b = 28.548411082272725 error = 4.975629979714347E-4
Removed dimension: 70
a = 1.4557032371342915 b = 28.43316388259016 error = 1.6621462299859502E-6
Removed dimension: 4
a = 1.0338871048357827 b = 27.63935014755625 error = 1.6270226013137545E-6
Dimensions removed are: {13, 52, }
Fractal dimension after dimensionality reduction: a = 1.0338871048357827 b = 27.63935014755625 error = 1.6270226013137545E-6
Total time: 1833.75
