-0,6931471805599453	27,30888427389531
-1,3862943611198906	26,251417828969224
-2,0794415416798357	25,208747626600786
-2,772588722239781	24,39325879277181
-3,4657359027997265	23,48130714492458
-4,1588830833596715	22,72383250032654
-4,852030263919617	22,107144494602796
The fractal dimension of whole dataset is: a = 1.5149283631204447 b = 28.355253536903092 error = 1.2409083421038858E-5
Removed dimension: 2
a = 1.5149283631204447 b = 28.355331562655266 error = 1.1891114314543927E-5
Removed dimension: 6
a = 1.5149283631204447 b = 28.355331562655266 error = 1.1891114314543927E-5
Removed dimension: 9
a = 1.514928364352281 b = 28.355331566526456 error = 1.189112032373707E-5
Removed dimension: 3
a = 1.514928312459487 b = 28.355331531431524 error = 1.189112286970051E-5
Removed dimension: 11
a = 1.514928433831345 b = 28.355337385771772 error = 1.1869867438729642E-5
Removed dimension: 8
a = 1.514927689156675 b = 28.355336611518055 error = 1.187157280801987E-5
Removed dimension: 13
a = 1.5149250432832349 b = 28.355334844674008 error = 1.187148187820064E-5
Removed dimension: 10
a = 1.515571184117856 b = 28.36185790649303 error = 1.5885642684621004E-5
Removed dimension: 12
a = 1.5103631953881793 b = 28.38210259202394 error = 1.5721809479396498E-5
Removed dimension: 4
a = 1.51542803766351 b = 28.457725984483886 error = 2.6760886728816047E-8
Removed dimension: 5
a = 1.458109731619678 b = 28.442658826252966 error = 2.888535165516126E-4
Removed dimension: 1
a = 1.1297907594511944 b = 28.522599025803178 error = 6.348009529506538E-4
Dimensions removed are: {0, 7, }
Fractal dimension after dimensionality reduction: a = 1.1297907594511944 b = 28.522599025803178 error = 6.348009529506538E-4
Total time: 44.352
