-0,6931471805599453	27,352838919016904
-1,3862943611198906	26,36864282083125
-2,0794415416798357	25,34199917250355
-2,772588722239781	24,617736941013415
-3,4657359027997265	23,90460867744075
-4,1588830833596715	23,198998204239473
-4,852030263919617	22,51432846910657
The fractal dimension of whole dataset is: a = 1.0234036699303959 b = 27.45333496696837 error = 7.019577816680389E-6
Removed dimension: 3
a = 1.0234036699303959 b = 27.45333496696837 error = 7.019577816680389E-6
Removed dimension: 4
a = 1.0234036699303959 b = 27.45333496696837 error = 7.019577816680389E-6
Removed dimension: 5
a = 1.0234036386890133 b = 27.45333511379439 error = 7.019529327245699E-6
Removed dimension: 0
a = 1.0233652008169067 b = 27.453244012160155 error = 7.044553475332727E-6
Removed dimension: 6
a = 1.0353304943987922 b = 27.499082319899298 error = 1.3727050923062478E-5
Removed dimension: 2
a = 1.036267313876946 b = 27.577675205059645 error = 7.307194960226582E-9
Removed dimension: 7
a = 1.031068895963596 b = 27.648211952255522 error = 4.8196097982566855E-6
Dimensions removed are: {1, 8, }
Fractal dimension after dimensionality reduction: a = 1.031068895963596 b = 27.648211952255522 error = 4.8196097982566855E-6
Total time: 32.748
