-0,6931471805599453	27,264487498744774
-1,3862943611198906	26,112902094880077
-2,0794415416798357	24,871164221840697
-2,772588722239781	23,96767820245117
-3,4657359027997265	23,174154430513717
-4,1588830833596715	22,294406610561126
-4,852030263919617	21,554168187224732
The fractal dimension of whole dataset is: a = 1.6613865513157082 b = 28.416072902609468 error = -2.682298827494378E-13
Removed dimension: 1
a = 1.6613865513157082 b = 28.416072902609468 error = -2.682298827494378E-13
Removed dimension: 5
a = 1.6613865513157082 b = 28.416072902609468 error = -2.682298827494378E-13
Removed dimension: 8
a = 1.6613865513157082 b = 28.416072902609468 error = -2.682298827494378E-13
Removed dimension: 9
a = 1.6613865513157082 b = 28.416072902609468 error = -2.682298827494378E-13
Removed dimension: 12
a = 1.6613865513157082 b = 28.416072902609468 error = -2.682298827494378E-13
Removed dimension: 13
a = 1.6613865513157082 b = 28.416072902609468 error = -2.682298827494378E-13
Removed dimension: 14
a = 1.6613865513157082 b = 28.416072902609468 error = -2.682298827494378E-13
Removed dimension: 28
a = 1.6613865513157082 b = 28.416072902609468 error = -2.682298827494378E-13
Removed dimension: 29
a = 1.6613865513157082 b = 28.416072902609468 error = -2.682298827494378E-13
Removed dimension: 30
a = 1.6613865513157082 b = 28.416072902609468 error = -2.682298827494378E-13
Removed dimension: 32
a = 1.6613865513157082 b = 28.416072902609468 error = -2.682298827494378E-13
Removed dimension: 33
a = 1.6613865513157082 b = 28.416072902609468 error = -2.682298827494378E-13
Removed dimension: 36
a = 1.6613865513157082 b = 28.416072902609468 error = -2.682298827494378E-13
Removed dimension: 38
a = 1.6613865513157082 b = 28.416072902609468 error = -2.682298827494378E-13
Removed dimension: 45
a = 1.6613865513157082 b = 28.416072902609468 error = -2.682298827494378E-13
Removed dimension: 44
a = 1.661386551282788 b = 28.416072902586645 error = 1.724176357242868E-13
Removed dimension: 49
a = 1.6613865512366757 b = 28.416072902554674 error = 1.5198953207118393E-13
Removed dimension: 50
a = 1.661386551124782 b = 28.416072902477133 error = -2.227107387398064E-13
Removed dimension: 47
a = 1.6613865516836588 b = 28.41607290326559 error = 1.212363542890671E-13
Removed dimension: 3
a = 1.6613865528136875 b = 28.416072904946237 error = -6.394884621840902E-14
Removed dimension: 41
a = 1.6613865540687722 b = 28.416072906686153 error = 2.617905892066119E-13
Removed dimension: 39
a = 1.6613865619328612 b = 28.416072919007384 error = 1.4588330543574557E-13
Removed dimension: 42
a = 1.6613866565851967 b = 28.41607305338142 error = 4.9182879990894435E-14
Removed dimension: 15
a = 1.6613869352220911 b = 28.416073714074503 error = -1.2390088954816747E-13
Removed dimension: 27
a = 1.6613862742833037 b = 28.41607329079131 error = -8.615330671091215E-14
Removed dimension: 43
a = 1.6613856099324238 b = 28.416072830298365 error = -1.2323475573339238E-13
Removed dimension: 18
a = 1.6613848562854352 b = 28.416072457246443 error = 1.3733458814613186E-13
Removed dimension: 0
a = 1.6613840753643658 b = 28.416071915960426 error = -2.7711166694643907E-13
Removed dimension: 25
a = 1.6613849358509927 b = 28.416074389363164 error = 2.0239365738916604E-13
Removed dimension: 40
a = 1.6613840491373175 b = 28.416073856702525 error = -1.0436096431476471E-14
Removed dimension: 52
a = 1.6613830814739812 b = 28.4160733933663 error = -1.056932319443149E-13
Removed dimension: 34
a = 1.661384116610902 b = 28.416079590494377 error = 8.237854842718662E-14
Removed dimension: 11
a = 1.6613828218484261 b = 28.41607869303341 error = 1.8096635301390052E-13
Removed dimension: 6
a = 1.661381149162848 b = 28.416077594582298 error = 2.886579864025407E-15
Removed dimension: 16
a = 1.6613791007586483 b = 28.416076305315155 error = 2.30593322214645E-13
Removed dimension: 35
a = 1.661376613305888 b = 28.416076129581942 error = 1.6397994073713562E-13
Removed dimension: 10
a = 1.661373562611113 b = 28.416074015001467 error = 2.7644553313166398E-14
Removed dimension: 46
a = 1.661376376388098 b = 28.416080795815287 error = -5.617728504603292E-14
Removed dimension: 21
a = 1.6613714889612348 b = 28.41607759905955 error = -1.1235457009206584E-13
Removed dimension: 4
a = 1.661362821199795 b = 28.41607163193155 error = -1.4499512701604544E-13
Removed dimension: 19
a = 1.6613428501123664 b = 28.41606167310504 error = -1.4921397450962104E-13
Removed dimension: 7
a = 1.6613779868819 b = 28.416116453862326 error = -8.881784197001252E-15
Removed dimension: 17
a = 1.661342421115841 b = 28.4160949906016 error = -2.0450308113595383E-13
Removed dimension: 2
a = 1.6612462813897102 b = 28.416030762429166 error = -1.9872992140790302E-13
Removed dimension: 26
a = 1.6616981653081773 b = 28.416702384832643 error = 2.503552920529728E-13
Removed dimension: 53
a = 1.6633298577147588 b = 28.42477027573784 error = 1.2645440250480533E-13
Removed dimension: 22
a = 1.6944771413737971 b = 28.478330132292864 error = 3.7970662241570974E-4
Removed dimension: 48
a = 1.6835274493973387 b = 28.490734652822784 error = 3.4080254474699867E-4
Removed dimension: 37
a = 1.6940740502604434 b = 28.56541866541223 error = 4.952708417970131E-4
Removed dimension: 20
a = 1.6586947445696023 b = 28.54870722749373 error = 4.957818741333497E-4
Removed dimension: 23
a = 1.4790682792676448 b = 28.406041639175662 error = -2.824407374646398E-13
Removed dimension: 51
a = 1.213526711157544 b = 28.51553487129793 error = 4.280726028569326E-4
Dimensions removed are: {24, 31, }
Fractal dimension after dimensionality reduction: a = 1.213526711157544 b = 28.51553487129793 error = 4.280726028569326E-4
Total time: 284.273
