-0,6931471805599453	30,941813461461876
-1,3862943611198906	27,766698473455794
-2,0794415416798357	20,900072630347292
-2,772588722239781	12,123652530729192
-3,4657359027997265	6,879355804460439
-4,1588830833596715	1,0986122886681098
-4,852030263919617	0,0
The fractal dimension of whole dataset is: a = 11.284072402984904 b = 43.887192980309706 error = 0.0037055387451099264
Removed dimension: 1
a = 11.284072402984904 b = 43.887192980309706 error = 0.0037055387451099264
Removed dimension: 2
a = 11.284072402984904 b = 43.887192980309706 error = 0.0037055387451099264
Removed dimension: 22
a = 11.284072402984904 b = 43.887192980309706 error = 0.0037055387451099264
Removed dimension: 33
a = 11.284072403015784 b = 43.8871929849933 error = 0.00370553881606428
Removed dimension: 40
a = 11.28407240396997 b = 43.88719298730817 error = 0.003705538810335862
Removed dimension: 42
a = 11.284064575200507 b = 43.88717951839354 error = 0.0037055034499086092
Removed dimension: 54
a = 11.284056742573386 b = 43.88716596799825 error = 0.00370546700130292
Removed dimension: 29
a = 11.28404890990601 b = 43.88715240445824 error = 0.003705430353492689
Removed dimension: 61
a = 11.284037162762447 b = 43.887132104603126 error = 0.003705376006349126
Removed dimension: 30
a = 11.284021500054223 b = 43.88710501496418 error = 0.0037053031862087638
Removed dimension: 56
a = 11.284001919711175 b = 43.88707110813683 error = 0.003705211565861455
Removed dimension: 58
a = 11.283978423917787 b = 43.88703050818728 error = 0.0037051029727032114
Removed dimension: 43
a = 11.283939273172896 b = 43.886962802968576 error = 0.0037049210394720644
Removed dimension: 57
a = 11.283888420403304 b = 43.88687587411559 error = 0.0037046995138932948
Removed dimension: 23
a = 11.283821896378386 b = 43.88676237446734 error = 0.003704413727690148
Removed dimension: 19
a = 11.283751427985987 b = 43.8866404661183 error = 0.0037040859020758266
Removed dimension: 66
a = 11.283567568238821 b = 43.88636134607728 error = 0.003703829429147487
Removed dimension: 44
a = 11.283379758735588 b = 43.88603872927631 error = 0.0037029905689723863
Removed dimension: 41
a = 11.28072998488305 b = 43.88240010434065 error = 0.0037007068320014103
Removed dimension: 63
a = 11.27770630043081 b = 43.87763732793661 error = 0.003690257998049673
Removed dimension: 13
a = 11.274543535573066 b = 43.87382501086771 error = 0.0036945285332439237
Removed dimension: 64
a = 11.271379281561344 b = 43.8704506130416 error = 0.003709283822086684
Removed dimension: 39
a = 11.268138734463896 b = 43.86574886265703 error = 0.003707423930855658
Removed dimension: 52
a = 11.255505785922262 b = 43.84433008488374 error = 0.003649140847694521
Removed dimension: 20
a = 11.242146580754461 b = 43.82339922247504 error = 0.0035856536290869157
Removed dimension: 14
a = 11.224268987825791 b = 43.8023259301378 error = 0.003603705400516022
Removed dimension: 21
a = 11.20013998592757 b = 43.76521261481865 error = 0.00354155025053704
Removed dimension: 18
a = 11.174997584959662 b = 43.74410626118055 error = 0.0034634552383852046
Removed dimension: 31
a = 11.147289851102157 b = 43.72355056903228 error = 0.0036707906873451046
Removed dimension: 4
a = 11.118020153946988 b = 43.684648456042865 error = 0.003667256309383471
Removed dimension: 50
a = 11.08380703748435 b = 43.638548145869805 error = 0.0037029867277877937
Removed dimension: 17
a = 11.046522066588834 b = 43.59203696646523 error = 0.0033152746007852896
Removed dimension: 15
a = 11.007060678620682 b = 43.55069532938272 error = 0.003381243626094377
Removed dimension: 27
a = 10.955631735604138 b = 43.46341851910607 error = 0.003155068239587444
Removed dimension: 12
a = 10.903227041710771 b = 43.395606801566785 error = 0.003137834492885072
Removed dimension: 37
a = 10.840234463194022 b = 43.32368956414735 error = 0.00319013367768739
Removed dimension: 38
a = 10.765070214351105 b = 43.224825509043114 error = 0.0032735057988670935
Removed dimension: 53
a = 10.685376398275611 b = 43.128915930361224 error = 0.0027014830837720494
Removed dimension: 8
a = 10.562716952792472 b = 43.068253116895804 error = 0.0024685622756889236
Removed dimension: 16
a = 8.172817713344386 b = 36.40480531845966 error = 0.0015604857297588648
Removed dimension: 24
a = 8.161980856261104 b = 36.630611354955214 error = 0.0013038533439956312
Removed dimension: 35
a = 8.127474161789209 b = 36.57901315450201 error = 0.0014931862291505116
Removed dimension: 60
a = 8.208118788249678 b = 36.89928364407737 error = 0.0016737372008103213
Removed dimension: 55
a = 8.326514189256029 b = 37.371232370544206 error = 0.0019236243841550538
Removed dimension: 10
a = 6.517571373942971 b = 31.488883063678735 error = 8.861343870381067E-4
Removed dimension: 7
a = 6.581746221308981 b = 31.79900215757325 error = 8.852771930426551E-4
Removed dimension: 65
a = 6.674778843310274 b = 32.288335284082635 error = 4.473969261378219E-4
Removed dimension: 45
a = 6.258689958513865 b = 33.35366523545462 error = 0.0012431266126611273
Removed dimension: 49
a = 8.913375200715526 b = 43.16233665756102 error = 9.995354368208531E-5
Removed dimension: 25
a = 8.910722047266205 b = 43.44825619570051 error = 3.589088840971755E-5
Removed dimension: 26
a = 8.880054921402495 b = 43.706445170613065 error = 4.6642019882303654E-4
Removed dimension: 0
a = 8.888199382502489 b = 44.1233017959144 error = 5.447283989953311E-4
Removed dimension: 36
a = 8.837215405144354 b = 44.27276625286329 error = 0.0011698198549413563
Removed dimension: 9
a = 8.733161289042389 b = 45.5947657333718 error = 4.345339061232467E-4
Removed dimension: 62
a = 8.727836789788192 b = 46.03097838178991 error = 3.8865353968797756E-5
Dimensions removed are: {3, 5, 6, 11, 28, 32, 34, 46, 47, 48, 51, 59, }
Fractal dimension after dimensionality reduction: a = 8.727836789788192 b = 46.03097838178991 error = 3.8865353968797756E-5
Total time: 124183.391
