-0,6931471805599453	30,72001173754941
-1,3862943611198906	29,18840044281303
-2,0794415416798357	24,15759747339838
-2,772588722239781	18,073824552196562
-3,4657359027997265	13,601273476037694
-4,1588830833596715	11,50008335695693
-4,852030263919617	9,302646042760209
The fractal dimension of whole dataset is: a = 8.01747175948815 b = 40.56621882137617 error = 0.0022362865914870023
Removed dimension: 22
a = 8.017471739398779 b = 40.566218786833545 error = 0.0022362864818280537
Removed dimension: 2
a = 8.017471086536984 b = 40.56621766605664 error = 0.002236283187007193
Removed dimension: 20
a = 8.017384099870572 b = 40.56609438399684 error = 0.0022362251256712318
Removed dimension: 23
a = 8.01728803009356 b = 40.56596194646704 error = 0.002236268488151616
Removed dimension: 24
a = 8.011019821331018 b = 40.55761885501839 error = 0.002231390622561835
Removed dimension: 13
a = 8.000639337053116 b = 40.54452819897786 error = 0.002232261361581056
Removed dimension: 7
a = 7.988824804391845 b = 40.528800631777244 error = 0.002217700399232969
Removed dimension: 16
a = 7.981900890739746 b = 41.295037000103434 error = 6.379239705188722E-4
Removed dimension: 18
a = 7.984803599765633 b = 41.39052598106021 error = 3.65241249727033E-4
Removed dimension: 5
a = 7.995027845379407 b = 41.61479160428423 error = 2.7974149611864618E-5
Removed dimension: 12
a = 8.00199524892072 b = 42.17828121162448 error = 4.528480941347057E-4
Removed dimension: 15
a = 7.9428850279703305 b = 42.73951277030205 error = 0.001551702105796915
Removed dimension: 0
a = 7.8785134265679755 b = 42.982336642188635 error = 0.001369301978728199
Removed dimension: 1
a = 7.931010675317431 b = 43.49650901683199 error = 0.0015085672811149253
Removed dimension: 17
a = 7.799323713718223 b = 43.25757015472404 error = 0.0017200365570979592
Removed dimension: 9
a = 7.780871413932664 b = 44.90896463324526 error = 4.064314137464109E-7
Removed dimension: 21
a = 7.694710681912769 b = 44.82848775358124 error = 2.144404923543064E-5
Removed dimension: 6
a = 7.528440602808166 b = 44.80188120271205 error = 2.2644614914224537E-4
Dimensions removed are: {3, 4, 8, 10, 11, 14, 19, 25, 26, }
Fractal dimension after dimensionality reduction: a = 7.528440602808166 b = 44.80188120271205 error = 2.2644614914224537E-4
Total time: 15039.9
