-0,6931471805599453	31,63817655022711
-1,3862943611198906	30,333495570626965
-2,0794415416798357	25,313097122556776
-2,772588722239781	20,14463104619593
-3,4657359027997265	16,247733912673493
-4,1588830833596715	14,919013534365353
-4,852030263919617	13,589299807600595
The fractal dimension of whole dataset is: a = 7.349712160843047 b = 40.55937700213062 error = 5.2792749471231026E-5
Removed dimension: 2
a = 7.349711745419584 b = 40.55937629202069 error = 5.279237207467258E-5
Removed dimension: 1
a = 7.358555201219731 b = 40.95072181567997 error = 1.0176621014967857E-4
Removed dimension: 0
a = 7.335111365403855 b = 41.29209643514945 error = 1.2950620119955847E-4
Removed dimension: 6
a = 7.153460185697858 b = 41.074972795557045 error = 1.4850450746206612E-4
Removed dimension: 4
a = 6.923197666040305 b = 40.79827301248756 error = 1.7444049110015847E-4
Removed dimension: 7
a = 6.669150642371585 b = 40.5007701861979 error = 2.1465444907831088E-4
Removed dimension: 5
a = 6.299608697480094 b = 40.03431067806579 error = 2.3288810754862332E-4
Removed dimension: 3
a = 5.928130594629108 b = 39.709837218718924 error = 3.800691708235604E-4
Removed dimension: 13
a = 5.5452821390939055 b = 39.32994824428966 error = 4.639576337367446E-4
Dimensions removed are: {8, 9, 10, 11, 12, 14, 15, 16, }
Fractal dimension after dimensionality reduction: a = 5.5452821390939055 b = 39.32994824428966 error = 4.639576337367446E-4
Total time: 4653.188
