-0,6931471805599453	30,960658427383525
-1,3862943611198906	29,189875281893794
-2,0794415416798357	23,117397385904674
-2,772588722239781	16,765465506686933
-3,4657359027997265	12,95642448886057
-4,1588830833596715	10,40626084311129
-4,852030263919617	7,105786129481271
The fractal dimension of whole dataset is: a = 8.96231718433166 b = 41.684148552907835 error = 1.264522908427379E-4
Removed dimension: 2
a = 8.962316504957151 b = 41.68414738471043 error = 1.264514894347979E-4
Removed dimension: 36
a = 8.962300558158613 b = 41.6841202746534 error = 1.2643371114662294E-4
Removed dimension: 26
a = 8.962250209357874 b = 41.68403448453693 error = 1.263771827009208E-4
Removed dimension: 35
a = 8.962183054659475 b = 41.68392085542008 error = 1.2630381966260984E-4
Removed dimension: 21
a = 8.962018069078448 b = 41.68365091478131 error = 1.2615599423915214E-4
Removed dimension: 28
a = 8.960748459116468 b = 41.68171284403331 error = 1.2451301883120713E-4
Removed dimension: 23
a = 8.957395835854706 b = 41.67725975368503 error = 1.2371057860616208E-4
Removed dimension: 14
a = 8.9526538291212 b = 41.671656987333726 error = 1.2420702823501273E-4
Removed dimension: 0
a = 8.961315102517618 b = 42.05704355502485 error = 1.9024563461866872E-4
Removed dimension: 1
a = 8.96736395284506 b = 42.4108445037417 error = 2.8164697349875034E-4
Removed dimension: 10
a = 8.956003142276215 b = 42.39770261573869 error = 2.8115308020504326E-4
Removed dimension: 4
a = 8.933226921349544 b = 42.36685300149528 error = 2.7143162913578767E-4
Removed dimension: 27
a = 8.897860838141439 b = 42.35893948462861 error = 4.584742020481425E-4
Removed dimension: 30
a = 8.849045269608219 b = 42.33327450123757 error = 7.133796552060145E-4
Removed dimension: 18
a = 8.800415830474721 b = 42.25005786770576 error = 5.823389812963375E-4
Removed dimension: 33
a = 8.739761840817197 b = 42.173226752079906 error = 6.049049395494555E-4
Removed dimension: 25
a = 8.680256274320419 b = 42.09851180333871 error = 3.476493311175277E-4
Removed dimension: 17
a = 8.597254497603021 b = 42.08232497574689 error = 2.6568090325718163E-4
Removed dimension: 29
a = 8.51683547463649 b = 42.1374004899018 error = 1.6985889807130672E-4
Removed dimension: 24
a = 8.475306715338261 b = 42.277486799945024 error = 1.7534371517635705E-5
Removed dimension: 22
a = 8.363160153918173 b = 42.27576305433884 error = 1.1293195033823533E-4
Removed dimension: 31
a = 8.248926723035474 b = 42.20425436297722 error = 9.709131751522992E-5
Removed dimension: 6
a = 8.067092838594617 b = 41.98675730860009 error = 1.106584579780856E-4
Removed dimension: 32
a = 7.834720391842904 b = 41.70685468624055 error = 1.2719339636524385E-4
Removed dimension: 7
a = 7.580587024816367 b = 41.40922362900554 error = 1.5591106595869153E-4
Removed dimension: 3
a = 7.211461960867731 b = 41.0855417024039 error = 2.2438075427033688E-4
Removed dimension: 5
a = 6.84043758295094 b = 40.62145269192115 error = 2.74704365442191E-4
Removed dimension: 13
a = 6.457562644324654 b = 40.24148501320073 error = 3.294520619986363E-4
Dimensions removed are: {8, 9, 11, 12, 15, 16, 19, 20, 34, }
Fractal dimension after dimensionality reduction: a = 6.457562644324654 b = 40.24148501320073 error = 3.294520619986363E-4
Total time: 37281.032
