-0,6931471805599453	31,06415644455766
-1,3862943611198906	29,684919810893625
-2,0794415416798357	24,10600151051825
-2,772588722239781	18,326133245232867
-3,4657359027997265	13,883363580069675
-4,1588830833596715	11,85141708982527
-4,852030263919617	9,72704865890033
The fractal dimension of whole dataset is: a = 8.193632524397461 b = 41.093943867781846 error = 7.823499010128909E-5
Removed dimension: 1
a = 8.193632524397461 b = 41.093943867781846 error = 7.823499010128909E-5
Removed dimension: 19
a = 8.193632524397461 b = 41.093943867781846 error = 7.823499010128909E-5
Removed dimension: 2
a = 8.193631961585512 b = 41.09394290371375 error = 7.823442773613465E-5
Removed dimension: 18
a = 8.193441105935925 b = 41.093726813151264 error = 7.837493224838177E-5
Removed dimension: 21
a = 8.20050473661719 b = 41.47949810566563 error = 1.33532127433722E-4
Removed dimension: 0
a = 8.17980161653318 b = 41.82406872622964 error = 1.612350791411199E-4
Removed dimension: 17
a = 8.106826236231637 b = 41.82937728597372 error = 3.9227087591897636E-4
Removed dimension: 6
a = 7.925221371353789 b = 41.612335710812765 error = 4.2954892516444687E-4
Removed dimension: 4
a = 7.695022542458191 b = 41.335749839457634 error = 4.796519267015187E-4
Removed dimension: 7
a = 7.440884419161743 b = 41.03806252000032 error = 5.511626518638346E-4
Removed dimension: 5
a = 7.071347131523117 b = 40.57164420163346 error = 5.993273282258738E-4
Removed dimension: 3
a = 6.699832372302769 b = 40.247107914666465 error = 8.25152663124662E-4
Removed dimension: 13
a = 6.316966073428384 b = 39.867157554551355 error = 9.651088634189398E-4
Dimensions removed are: {8, 9, 10, 11, 12, 14, 15, 16, 20, }
Fractal dimension after dimensionality reduction: a = 6.316966073428384 b = 39.867157554551355 error = 9.651088634189398E-4
Total time: 10634.909
