-0,6931471805599453	23,914479019016763
-1,3862943611198906	20,37287105714418
-2,0794415416798357	16,811722316546945
-2,772588722239781	14,221748034385891
-3,4657359027997265	11,966056295776589
The fractal dimension of whole dataset is: a = 5.123555935646989 b = 27.470742564932785 error = 1.892206941689345E-6
Removed dimension: 5
a = 5.123555935646989 b = 27.470742564932785 error = 1.892206941689345E-6
Removed dimension: 10
a = 5.122888343600972 b = 27.47399308324134 error = 5.086945373045104E-6
Removed dimension: 11
a = 5.121100890716784 b = 27.477865617672805 error = 1.130583505870586E-5
Removed dimension: 9
a = 5.1076671849235655 b = 27.464586406536462 error = 5.020491599783128E-6
Removed dimension: 13
a = 5.045993011552517 b = 27.486696318643983 error = 2.06516416183522E-5
Removed dimension: 8
a = 5.087916641728082 b = 27.859071296077673 error = -1.9984014443252818E-15
Removed dimension: 12
a = 5.068283906634645 b = 28.348681509444404 error = 3.6517731693330724E-4
Removed dimension: 6
a = 5.106402906112917 b = 28.45137742017317 error = 3.4416913763379853E-15
Dimensions removed are: {0, 1, 2, 3, 4, 7, }
Fractal dimension after dimensionality reduction: a = 5.106402906112917 b = 28.45137742017317 error = 3.4416913763379853E-15
Total time: 175.596
