-0,6931471805599453	23,137897061698595
-1,3862943611198906	19,565188547841025
-2,0794415416798357	16,350392542345578
-2,772588722239781	13,797287522455852
-3,4657359027997265	11,390283142077875
The fractal dimension of whole dataset is: a = 5.154328855484064 b = 26.710605575556134 error = -6.661338147750939E-16
Removed dimension: 5
a = 5.154328855484064 b = 26.710605575556134 error = -6.661338147750939E-16
Removed dimension: 12
a = 5.154328855484064 b = 26.710605575556134 error = -6.661338147750939E-16
Removed dimension: 17
a = 5.154328856049892 b = 26.710605579524344 error = 5.551115123125783E-15
Removed dimension: 22
a = 5.154328842112043 b = 26.7106055761214 error = -5.10702591327572E-15
Removed dimension: 26
a = 5.154328809959184 b = 26.710605553834725 error = 2.9976021664879227E-15
Removed dimension: 21
a = 5.154328551538371 b = 26.71060539616714 error = 6.661338147750939E-16
Removed dimension: 23
a = 5.154329397847301 b = 26.710608861737466 error = 1.199040866595169E-14
Removed dimension: 28
a = 5.154328048119139 b = 26.710607945755807 error = -1.7541523789077473E-14
Removed dimension: 16
a = 5.154325255428925 b = 26.710606010010448 error = 9.992007221626409E-15
Removed dimension: 29
a = 5.154318784351921 b = 26.710604632499813 error = 1.1102230246251565E-14
Removed dimension: 27
a = 5.154296016505761 b = 26.710590465500438 error = 7.327471962526033E-15
Removed dimension: 20
a = 5.154341825693013 b = 26.71069844276077 error = 2.0761170560490427E-14
Removed dimension: 7
a = 5.154145855424651 b = 26.710562664358932 error = 1.5210055437364645E-14
Removed dimension: 14
a = 5.154456181924215 b = 26.711652304523856 error = 1.432187701766452E-14
Removed dimension: 9
a = 5.153806094922112 b = 26.711205603916206 error = -1.3322676295501878E-15
Removed dimension: 30
a = 5.15227353749067 b = 26.71020422994885 error = 1.3988810110276972E-14
Removed dimension: 15
a = 5.150522766826823 b = 26.731322123533428 error = -9.769962616701378E-15
Removed dimension: 13
a = 5.160501750292075 b = 26.748321164930296 error = 9.992007221626409E-15
Removed dimension: 10
a = 5.150048570662061 b = 26.74192731450447 error = -1.3766765505351941E-14
Removed dimension: 25
a = 5.137345854472783 b = 26.827124445464765 error = 1.9095836023552692E-14
Removed dimension: 11
a = 5.124076250594962 b = 26.819523451937442 error = -1.5987211554602254E-14
Removed dimension: 18
a = 5.098159026521398 b = 27.26099014481099 error = 2.921329285019425E-4
Removed dimension: 32
a = 5.087172841675885 b = 27.413055334785994 error = 2.3589513505617443E-4
Removed dimension: 24
a = 5.052448199643985 b = 27.499206905567746 error = 7.721360491785845E-5
Removed dimension: 6
a = 5.0415637361069505 b = 27.52889426680403 error = -2.0872192862952943E-14
Removed dimension: 8
a = 5.053688788712991 b = 27.960220067027876 error = 6.706574586745617E-5
Removed dimension: 19
a = 5.009493930183396 b = 27.960536762505622 error = -2.6645352591003757E-15
Dimensions removed are: {0, 1, 2, 3, 4, 31, }
Fractal dimension after dimensionality reduction: a = 5.009493930183396 b = 27.960536762505622 error = -2.6645352591003757E-15
Total time: 1427.05
