-0,6931471805599453	23,064737291146663
-1,3862943611198906	19,59491003822932
-2,0794415416798357	16,425982402225678
-2,772588722239781	14,040509187556298
-3,4657359027997265	11,79213928275116
The fractal dimension of whole dataset is: a = 5.005902570525227 b = 26.534564544064008 error = -7.549516567451064E-15
Removed dimension: 5
a = 5.005902570525227 b = 26.534564544064008 error = -7.549516567451064E-15
Removed dimension: 9
a = 5.004372785347709 b = 26.53354690442141 error = 2.1094237467877974E-14
Removed dimension: 4
a = 5.004372785347709 b = 26.53354690442141 error = 2.1094237467877974E-14
Removed dimension: 0
a = 5.006736642789024 b = 26.57309812802054 error = 9.992007221626409E-15
Removed dimension: 10
a = 4.996437405502883 b = 26.566777965915986 error = -4.440892098500626E-15
Removed dimension: 11
a = 4.983659718763652 b = 26.55966400053138 error = -1.7763568394002505E-15
Removed dimension: 8
a = 4.950395355519603 b = 26.869718055382755 error = 9.651751587536062E-5
Removed dimension: 16
a = 4.947495623372253 b = 27.016477203531466 error = 5.420523863042259E-5
Removed dimension: 1
a = 4.943002667081323 b = 27.427187185512942 error = 5.743486127807174E-7
Removed dimension: 6
a = 4.802555074820985 b = 27.32901647084549 error = 1.0483191886678789E-5
Removed dimension: 15
a = 4.745135826117006 b = 27.74031600011349 error = 3.6637359812630166E-14
Removed dimension: 12
a = 4.8432551861361395 b = 28.379367788298623 error = 7.771561172376096E-16
Dimensions removed are: {2, 3, 7, 13, 14, 17, }
Fractal dimension after dimensionality reduction: a = 4.8432551861361395 b = 28.379367788298623 error = 7.771561172376096E-16
Total time: 352.755
