-0,6931471805599453	23,482519697235723
-1,3862943611198906	19,782397197652994
-2,0794415416798357	16,352292845045277
-2,772588722239781	13,733007910451514
-3,4657359027997265	11,244915292315913
The fractal dimension of whole dataset is: a = 5.338148380829642 b = 27.182642196818414 error = 2.653433028854124E-14
Removed dimension: 1
a = 5.338148380829642 b = 27.182642196818414 error = 2.653433028854124E-14
Removed dimension: 3
a = 5.338148380829642 b = 27.182642196818414 error = 2.653433028854124E-14
Removed dimension: 5
a = 5.338148380829642 b = 27.182642196818414 error = 2.653433028854124E-14
Removed dimension: 22
a = 5.338143270995617 b = 27.182640083751757 error = -8.881784197001252E-15
Removed dimension: 10
a = 5.338133048542054 b = 27.182633271014257 error = -6.217248937900877E-15
Removed dimension: 17
a = 5.338421619006166 b = 27.183296453750565 error = 2.475797344914099E-14
Removed dimension: 21
a = 5.338079682758751 b = 27.183061837046203 error = 2.353672812205332E-14
Removed dimension: 9
a = 5.336843095635259 b = 27.18222694115367 error = -9.103828801926284E-15
Removed dimension: 12
a = 5.341547428009157 b = 27.64689000656638 error = 1.2943000748411038E-4
Removed dimension: 19
a = 5.3392833459906415 b = 27.6490816516926 error = 1.1210679803352885E-4
Removed dimension: 11
a = 5.336059186417334 b = 27.6520236813605 error = 9.201199957031836E-5
Removed dimension: 7
a = 5.33917292026518 b = 27.691140675089223 error = 4.884981308350689E-15
Removed dimension: 15
a = 5.372758114691896 b = 27.807909939018636 error = -1.354472090042691E-14
Removed dimension: 8
a = 5.420484874560198 b = 28.232138213070474 error = 1.9761969838327786E-14
Removed dimension: 13
a = 5.362870944236254 b = 28.473941521239688 error = 1.9317880628477724E-14
Removed dimension: 16
a = 5.268753854579689 b = 28.467891759726964 error = -5.995204332975845E-15
Removed dimension: 14
a = 5.164967242849006 b = 28.48476638564482 error = 2.1316282072803006E-14
Dimensions removed are: {0, 2, 4, 6, 18, 20, }
Fractal dimension after dimensionality reduction: a = 5.164967242849006 b = 28.48476638564482 error = 2.1316282072803006E-14
Total time: 610.173
