-0,6931471805599453	21,850126339312876
-1,3862943611198906	18,214465103658803
-2,0794415416798357	14,797947767520695
-2,772588722239781	11,874870497564473
-3,4657359027997265	7,868636894184167
The fractal dimension of whole dataset is: a = 4.948815267291581 b = 25.211981369353715 error = 9.459140153692536E-4
Removed dimension: 5
a = 4.948815267291581 b = 25.211981369353715 error = 9.459140153692536E-4
Removed dimension: 12
a = 4.948815267291581 b = 25.211981369353715 error = 9.459140153692536E-4
Removed dimension: 17
a = 4.948815267291581 b = 25.211981369353715 error = 9.459140153692536E-4
Removed dimension: 19
a = 4.948815267291581 b = 25.211981369353715 error = 9.459140153692536E-4
Removed dimension: 21
a = 4.948815267291581 b = 25.211981369353715 error = 9.459140153692536E-4
Removed dimension: 31
a = 4.948815267291581 b = 25.211981369353715 error = 9.459140153692536E-4
Removed dimension: 32
a = 4.948815267291581 b = 25.211981369353715 error = 9.459140153692536E-4
Removed dimension: 37
a = 4.948815267291581 b = 25.211981369353715 error = 9.459140153692536E-4
Removed dimension: 48
a = 4.948815267291581 b = 25.211981369353715 error = 9.459140153692536E-4
Removed dimension: 49
a = 4.948815267291581 b = 25.211981369353715 error = 9.459140153692536E-4
Removed dimension: 50
a = 4.948815267291581 b = 25.211981369353715 error = 9.459140153692536E-4
Removed dimension: 56
a = 4.948815267291581 b = 25.211981369353715 error = 9.459140153692536E-4
Removed dimension: 57
a = 4.948815267291581 b = 25.211981369353715 error = 9.459140153692536E-4
Removed dimension: 59
a = 4.948815267291581 b = 25.211981369353715 error = 9.459140153692536E-4
Removed dimension: 53
a = 4.948815278401098 b = 25.211981481180413 error = 9.459135532020602E-4
Removed dimension: 36
a = 4.948810573355109 b = 25.21198142189494 error = 9.46013948151303E-4
Removed dimension: 4
a = 4.948804546220837 b = 25.21197724420382 error = 9.46152184334581E-4
Removed dimension: 52
a = 4.948794187889189 b = 25.211977594653966 error = 9.463704840766418E-4
Removed dimension: 1
a = 4.948780126631898 b = 25.228233632292238 error = 8.841399962356E-4
Removed dimension: 0
a = 4.948802936069994 b = 25.25815786604547 error = 8.709452404190854E-4
Removed dimension: 62
a = 4.9487786995884155 b = 25.258142828432405 error = 8.714722344195236E-4
Removed dimension: 46
a = 4.948747188604242 b = 25.258137866599796 error = 8.721512092575434E-4
Removed dimension: 51
a = 4.94868977135964 b = 25.258137989186572 error = 8.733809377898805E-4
Removed dimension: 10
a = 4.9487541000240025 b = 25.26082137189572 error = 8.661469809428946E-4
Removed dimension: 45
a = 4.9486429380979855 b = 25.26067327568704 error = 8.65557320207988E-4
Removed dimension: 28
a = 4.948507350625148 b = 25.260518817274168 error = 8.654774086385153E-4
Removed dimension: 25
a = 4.948355070149804 b = 25.260363274255848 error = 8.659131651294061E-4
Removed dimension: 11
a = 4.948750855266536 b = 25.264315700405696 error = 8.589690983710208E-4
Removed dimension: 23
a = 4.9479319197858125 b = 25.26333481498009 error = 8.586249117665812E-4
Removed dimension: 43
a = 4.9470397739901495 b = 25.263598074531643 error = 8.686953057676083E-4
Removed dimension: 14
a = 4.945687394339448 b = 25.261872690124505 error = 8.650160618811631E-4
Removed dimension: 29
a = 4.943214695435078 b = 25.259001770227222 error = 8.618718815757154E-4
Removed dimension: 2
a = 4.946317542757832 b = 25.269739480599647 error = 8.364497795120274E-4
Removed dimension: 44
a = 4.945041885985462 b = 25.28983606632487 error = 8.118320266132795E-4
Removed dimension: 16
a = 4.945272228002031 b = 25.322906178212605 error = 7.715557172338627E-4
Removed dimension: 41
a = 4.9452457253092765 b = 25.367149593937295 error = 7.203977589426147E-4
Removed dimension: 42
a = 4.944212751958452 b = 25.435903002204885 error = 6.155210603782102E-4
Removed dimension: 33
a = 4.943795202570101 b = 25.5326964468298 error = 5.476805241813043E-4
Removed dimension: 27
a = 4.9417653108112995 b = 25.63823628961765 error = 5.12271246581042E-4
Removed dimension: 22
a = 4.941049206717825 b = 25.809462967235824 error = 3.988389856141028E-4
Removed dimension: 61
a = 4.937740409418121 b = 25.91079709218672 error = 4.8015990643390793E-4
Removed dimension: 6
a = 4.931367120931542 b = 25.909265584096374 error = 4.5930283387951576E-4
Removed dimension: 55
a = 4.924115993497813 b = 25.9119556427907 error = 4.5829325952373434E-4
Removed dimension: 40
a = 4.935529221836076 b = 25.964869501158205 error = 4.6452059758084197E-4
Removed dimension: 9
a = 4.922959982281579 b = 25.991633225211935 error = 3.9494338056433875E-4
Removed dimension: 15
a = 4.908809625218327 b = 26.001172856410143 error = 4.2877699980603534E-4
Removed dimension: 26
a = 4.918427580233912 b = 26.241204123610665 error = 2.607088082975384E-4
Removed dimension: 35
a = 4.932065021527658 b = 26.65041395579152 error = 3.72366992998141E-4
Removed dimension: 38
a = 4.9148380259310525 b = 26.7186357833527 error = 6.710315733053918E-4
Removed dimension: 7
a = 4.891610581511371 b = 26.695218059402656 error = 6.61899104228425E-4
Removed dimension: 47
a = 4.865388779683646 b = 26.758378157407464 error = 6.816982158245333E-4
Removed dimension: 58
a = 4.873179177831375 b = 27.330567312342456 error = 1.4765966227514582E-14
Removed dimension: 13
a = 4.849591198370985 b = 27.326930277131112 error = 1.27675647831893E-14
Removed dimension: 3
a = 4.925041153739059 b = 27.763374333797138 error = 9.44565637592043E-4
Removed dimension: 54
a = 4.943399350281804 b = 28.737650142567105 error = 8.394639115082425E-4
Removed dimension: 60
a = 4.988534310959043 b = 30.891508385743677 error = 9.837727304995436E-5
Removed dimension: 20
a = 4.897152526990774 b = 30.978415617047588 error = 7.30871310888892E-5
Removed dimension: 39
a = 4.345058756184599 b = 31.37638236238191 error = 1.3448244756864014E-4
Dimensions removed are: {8, 18, 24, 30, 34, }
Fractal dimension after dimensionality reduction: a = 4.345058756184599 b = 31.37638236238191 error = 1.3448244756864014E-4
Total time: 27355.245
