-0,6931471805599453	21,41813049679409
-1,3862943611198906	17,686300671965594
-2,0794415416798357	14,113694047017336
-2,772588722239781	10,159562852085312
-3,4657359027997265	4,174387269895637
The fractal dimension of whole dataset is: a = 5.269037121290734 b = 25.030542921712378 error = 1.1876867124038792E-4
Removed dimension: 5
a = 5.269037121290734 b = 25.030542921712378 error = 1.1876867124038792E-4
Removed dimension: 12
a = 5.269037121290734 b = 25.030542921712378 error = 1.1876867124038792E-4
Removed dimension: 17
a = 5.269037121290734 b = 25.030542921712378 error = 1.1876867124038792E-4
Removed dimension: 20
a = 5.269037121290734 b = 25.030542921712378 error = 1.1876867124038792E-4
Removed dimension: 21
a = 5.269037121290734 b = 25.030542921712378 error = 1.1876867124038792E-4
Removed dimension: 22
a = 5.269037121290734 b = 25.030542952975217 error = 1.1876848472358592E-4
Removed dimension: 23
a = 5.269037121290734 b = 25.030542952975217 error = 1.1876848472358592E-4
Removed dimension: 25
a = 5.269037121290734 b = 25.030542952975217 error = 1.1876848472358592E-4
Removed dimension: 43
a = 5.269037121290734 b = 25.030542952975217 error = 1.1876848472358592E-4
Removed dimension: 51
a = 5.269037121290734 b = 25.030542952975217 error = 1.1876848472358592E-4
Removed dimension: 55
a = 5.269037121290734 b = 25.030542952975217 error = 1.1876848472358592E-4
Removed dimension: 77
a = 5.269037121290734 b = 25.030542952975217 error = 1.1876848472358592E-4
Removed dimension: 81
a = 5.269037121290734 b = 25.030542952975217 error = 1.1876848472358592E-4
Removed dimension: 83
a = 5.269037121290734 b = 25.030542952975217 error = 1.1876848472358592E-4
Removed dimension: 95
a = 5.269037121290734 b = 25.030542952975217 error = 1.1876848472358592E-4
Removed dimension: 98
a = 5.269037121290734 b = 25.030542952975217 error = 1.1876848472358592E-4
Removed dimension: 110
a = 5.269037121290734 b = 25.030542952975217 error = 1.1876848472358592E-4
Removed dimension: 111
a = 5.269037121290734 b = 25.030542952975217 error = 1.1876848472358592E-4
Removed dimension: 74
a = 5.269037121290705 b = 25.030542963396126 error = 1.1876842255442721E-4
Removed dimension: 97
a = 5.26903712129072 b = 25.030543067605606 error = 1.1876780079689286E-4
Removed dimension: 105
a = 5.269037121650773 b = 25.03054306822953 error = 1.1876780152619837E-4
Removed dimension: 59
a = 5.26903712237088 b = 25.030543069477382 error = 1.1876780298458733E-4
Removed dimension: 72
a = 5.269037123811093 b = 25.030543082394026 error = 1.1876774373109633E-4
Removed dimension: 42
a = 5.269037127051588 b = 25.03054309843032 error = 1.187676881039268E-4
Removed dimension: 27
a = 5.26903713101222 b = 25.030543105293564 error = 1.187676961136308E-4
Removed dimension: 54
a = 5.269037163777196 b = 25.03054317249189 error = 1.1876770020868843E-4
Removed dimension: 90
a = 5.269036628418422 b = 25.030542667972977 error = 1.1876852046199815E-4
Removed dimension: 73
a = 5.26903741441767 b = 25.031445441373126 error = 1.1345280137298186E-4
Removed dimension: 103
a = 5.269036344421367 b = 25.031444329374878 error = 1.1345501283444026E-4
Removed dimension: 30
a = 5.2690352014676085 b = 25.03144517159336 error = 1.1345793044137409E-4
Removed dimension: 39
a = 5.269032883672489 b = 25.031448444486134 error = 1.1346710094595203E-4
Removed dimension: 85
a = 5.269030217005677 b = 25.031445678885188 error = 1.1347264625705122E-4
Removed dimension: 58
a = 5.269027005280938 b = 25.0314426206945 error = 1.1347763960700696E-4
Removed dimension: 80
a = 5.26902379321043 b = 25.03143932264645 error = 1.1348402768285304E-4
Removed dimension: 40
a = 5.269020046533022 b = 25.03143547965773 error = 1.1349146183969872E-4
Removed dimension: 96
a = 5.269016299154984 b = 25.031431957906175 error = 1.1349701398322143E-4
Removed dimension: 60
a = 5.269012026801348 b = 25.0314385050264 error = 1.1351107919843617E-4
Removed dimension: 67
a = 5.269016661298635 b = 25.0314489704027 error = 1.1353202190966805E-4
Removed dimension: 63
a = 5.269011843377027 b = 25.031883656903624 error = 1.109914050561045E-4
Removed dimension: 32
a = 5.269006493768964 b = 25.031878513013783 error = 1.109999409265594E-4
Removed dimension: 26
a = 5.268999022746627 b = 25.031871509741066 error = 1.1101096835552937E-4
Removed dimension: 108
a = 5.26899045994492 b = 25.03186262910127 error = 1.1102833691500891E-4
Removed dimension: 61
a = 5.268980342280409 b = 25.031853626329326 error = 1.1104922915128324E-4
Removed dimension: 101
a = 5.268970171678646 b = 25.031843384312687 error = 1.1106807609506664E-4
Removed dimension: 106
a = 5.268957928137483 b = 25.03183113811277 error = 1.11090830179017E-4
Removed dimension: 71
a = 5.268942201930771 b = 25.031815533943483 error = 1.111255762824559E-4
Removed dimension: 49
a = 5.26891649085712 b = 25.031790365288096 error = 1.1117320254505625E-4
Removed dimension: 50
a = 5.268882792488677 b = 25.031755904576336 error = 1.1123889975483969E-4
Removed dimension: 92
a = 5.26884274929255 b = 25.0317144008213 error = 1.1132077282172137E-4
Removed dimension: 78
a = 5.268798808228995 b = 25.03168200122605 error = 1.114277043020584E-4
Removed dimension: 94
a = 5.268742783778808 b = 25.031624457868944 error = 1.1153955407616767E-4
Removed dimension: 8
a = 5.268682780628882 b = 25.03156959815872 error = 1.1164399281449189E-4
Removed dimension: 10
a = 5.268599281039701 b = 25.03148825251361 error = 1.1178736119876742E-4
Removed dimension: 91
a = 5.268477878653373 b = 25.031363214837423 error = 1.1202961103207176E-4
Removed dimension: 24
a = 5.268354796127254 b = 25.0312396200252 error = 1.1226490816163004E-4
Removed dimension: 69
a = 5.268495792535658 b = 25.031900620744036 error = 1.1228824236730883E-4
Removed dimension: 87
a = 5.268345836144588 b = 25.031774254613445 error = 1.1256455301733581E-4
Removed dimension: 33
a = 5.268194223858767 b = 25.031617215201365 error = 1.1287440436225094E-4
Removed dimension: 57
a = 5.267729140018534 b = 25.033661718037898 error = 1.0320032604271834E-4
Removed dimension: 13
a = 5.2670015516367785 b = 25.032916061878623 error = 1.0459263585305134E-4
Removed dimension: 36
a = 5.2660907218417226 b = 25.032346248852498 error = 1.0599862484761413E-4
Removed dimension: 31
a = 5.267106432008791 b = 25.067503409169575 error = 5.1288670650850854E-5
Removed dimension: 3
a = 5.267104869563615 b = 25.067501784906373 error = 5.129082623589465E-5
Removed dimension: 79
a = 5.267952734417416 b = 25.12621748873132 error = 6.109141430110654E-5
Removed dimension: 62
a = 5.266893625433403 b = 25.128102283754586 error = 5.041560295071523E-5
Removed dimension: 11
a = 5.265667864506318 b = 25.13009841234108 error = 4.383273878472149E-5
Removed dimension: 56
a = 5.264364616834509 b = 25.129295711524684 error = 4.3623381033475184E-5
Removed dimension: 107
a = 5.262815192320527 b = 25.12836988075962 error = 4.491566620146159E-5
Removed dimension: 7
a = 5.2611605883192585 b = 25.126693874140415 error = 4.69103356400824E-5
Removed dimension: 6
a = 5.259144371453118 b = 25.124922126442293 error = 4.9231559097084876E-5
Removed dimension: 48
a = 5.256262584183287 b = 25.135912744440237 error = 4.9137454386838364E-5
Removed dimension: 41
a = 5.2520875177366575 b = 25.13159739521766 error = 5.489934455915613E-5
Removed dimension: 14
a = 5.24784560655305 b = 25.13062642297751 error = 5.557067502948154E-5
Removed dimension: 15
a = 5.252249967298018 b = 25.158988908552665 error = 5.6305795978039974E-5
Removed dimension: 53
a = 5.245796028500151 b = 25.1858695764537 error = 6.631240787069448E-5
Removed dimension: 16
a = 5.238060132639397 b = 25.17809452445951 error = 7.908195427475118E-5
Removed dimension: 76
a = 5.229404318204266 b = 25.245109872020038 error = 8.022348214808961E-5
Removed dimension: 64
a = 5.218731049294372 b = 25.292075743428633 error = 3.101257238724564E-5
Removed dimension: 28
a = 5.215380948379965 b = 25.290505125687858 error = 3.316976801814864E-5
Removed dimension: 100
a = 5.211899699552512 b = 25.3101154984086 error = 1.099120794378905E-14
Removed dimension: 1
a = 5.211899699552512 b = 25.3101154984086 error = 1.099120794378905E-14
Removed dimension: 84
a = 5.211877376442442 b = 25.326796120301733 error = -2.220446049250313E-15
Removed dimension: 65
a = 5.211692196376699 b = 25.326685897334468 error = 1.2212453270876722E-15
Removed dimension: 37
a = 5.210449978568549 b = 25.33200856342656 error = 1.5654144647214707E-14
Removed dimension: 70
a = 5.2091300780512455 b = 25.33121325136842 error = -1.4432899320127035E-14
Removed dimension: 35
a = 5.211080023941273 b = 25.392182215799217 error = -1.6209256159527285E-14
Removed dimension: 9
a = 5.208994666640413 b = 25.39075289457646 error = 1.2212453270876722E-15
Removed dimension: 34
a = 5.206853908271977 b = 25.391687179373683 error = 1.6542323066914832E-14
Removed dimension: 38
a = 5.203300700105196 b = 25.39713923492825 error = -1.5987211554602254E-14
Removed dimension: 104
a = 5.208088297510699 b = 25.516496822111115 error = -1.3322676295501878E-15
Removed dimension: 44
a = 5.214919243674852 b = 25.53005920645137 error = 1.3322676295501878E-14
Removed dimension: 89
a = 5.207095881538919 b = 25.536152287657124 error = 2.1871393585115584E-14
Removed dimension: 109
a = 5.197495206569722 b = 25.529585484835707 error = 1.3877787807814457E-14
Removed dimension: 88
a = 5.188080973186771 b = 26.075599637072948 error = 0.0011452462346168701
Removed dimension: 75
a = 5.1883272615875695 b = 26.179014333413722 error = 0.0010055977448065745
Removed dimension: 47
a = 5.155280650049902 b = 26.260784545437517 error = -1.4432899320127035E-14
Removed dimension: 18
a = 5.130111212500684 b = 26.266996256371147 error = -1.4876988529977098E-14
Removed dimension: 2
a = 5.124969550446351 b = 26.54244275496808 error = 0.0013697896674916832
Removed dimension: 82
a = 5.096459171209494 b = 26.761849110201986 error = 7.633289366457685E-4
Removed dimension: 112
a = 5.063812513276563 b = 27.874592709654173 error = 8.271909767498808E-5
Removed dimension: 93
a = 5.09072803764277 b = 28.05144443932553 error = 9.78590833444759E-6
Removed dimension: 86
a = 5.099237470205366 b = 28.17285323863917 error = 8.846647110111183E-4
Removed dimension: 45
a = 5.070352681485046 b = 28.377808097709686 error = 9.132052853484396E-4
Removed dimension: 0
a = 4.986949526829728 b = 28.334201547742083 error = 8.607031443168545E-4
Removed dimension: 19
a = 4.909782092780705 b = 28.49640643381587 error = 5.979514277457687E-4
Removed dimension: 68
a = 4.786725377005439 b = 28.601848327041818 error = 4.1205671707134073E-4
Removed dimension: 102
a = 4.612330884577224 b = 28.446953838374974 error = 4.4859117613693655E-4
Dimensions removed are: {4, 29, 46, 52, 66, 99, }
Fractal dimension after dimensionality reduction: a = 4.612330884577224 b = 28.446953838374974 error = 4.4859117613693655E-4
Total time: 14659.666
