-0,6931471805599453	23,497915160999778
-1,3862943611198906	19,957311574323576
-2,0794415416798357	16,741126918942385
-2,772588722239781	14,172845783868883
-3,4657359027997265	11,912117605761479
The fractal dimension of whole dataset is: a = 5.1080112362514045 b = 27.038518747675948 error = 9.992007221626409E-15
Removed dimension: 2
a = 5.1080112362514045 b = 27.038518747675948 error = 9.992007221626409E-15
Removed dimension: 5
a = 5.1080112362514045 b = 27.038518747675948 error = 9.992007221626409E-15
Removed dimension: 13
a = 5.107876987382648 b = 27.038425693451092 error = -4.440892098500626E-16
Removed dimension: 9
a = 5.106434699126935 b = 27.037462086460014 error = 1.4432899320127035E-15
Removed dimension: 15
a = 5.101141579572987 b = 27.501531299257437 error = 1.1188998350675217E-4
Removed dimension: 10
a = 5.100137689819622 b = 27.504712319358678 error = 9.334194918786398E-5
Removed dimension: 11
a = 5.098085016695612 b = 27.508506237605303 error = 7.29906252060486E-5
Removed dimension: 17
a = 5.095950531208427 b = 27.508892562060993 error = 6.430251349009986E-5
Removed dimension: 16
a = 5.072414360820073 b = 27.514555573407574 error = 3.2613103462253434E-6
Removed dimension: 6
a = 4.959227574247414 b = 27.424650467802387 error = 3.750299001537005E-5
Removed dimension: 8
a = 4.981003692033651 b = 27.790983096467333 error = 6.106226635438361E-15
Removed dimension: 7
a = 4.88860373429293 b = 27.728666674543522 error = -7.549516567451064E-15
Dimensions removed are: {0, 1, 3, 4, 12, 14, }
Fractal dimension after dimensionality reduction: a = 4.88860373429293 b = 27.728666674543522 error = -7.549516567451064E-15
Total time: 313.619
