-0,6931471805599453	23,714919063488235
-1,3862943611198906	20,18016592128186
-2,0794415416798357	16,863423669422517
-2,772588722239781	14,46629758247315
-3,4657359027997265	12,390088599355703
The fractal dimension of whole dataset is: a = 4.942309213846059 b = 27.086164037934285 error = 2.5302346056366165E-4
Removed dimension: 5
a = 4.942309213846059 b = 27.086164037934285 error = 2.5302346056366165E-4
Removed dimension: 13
a = 4.942290610599092 b = 27.086145543310792 error = 2.5308067704332693E-4
Removed dimension: 16
a = 4.9421129416926615 b = 27.085972940085263 error = 2.5356886875183005E-4
Removed dimension: 10
a = 4.941573824723352 b = 27.08896823978292 error = 2.2813906192198363E-4
Removed dimension: 11
a = 4.940011407128941 b = 27.092923500007736 error = 1.958837235993549E-4
Removed dimension: 15
a = 4.942964910490503 b = 27.098295314732372 error = 2.0531821714908638E-4
Removed dimension: 9
a = 4.9298996776975486 b = 27.085244471075868 error = 2.4166580985562902E-4
Removed dimension: 17
a = 4.987735195393682 b = 27.28705818741387 error = 1.61130594900305E-4
Removed dimension: 14
a = 5.045993011552517 b = 27.486696318643983 error = 2.06516416183522E-5
Removed dimension: 8
a = 5.087916641728082 b = 27.859071296077673 error = -1.9984014443252818E-15
Removed dimension: 12
a = 5.068283906634645 b = 28.348681509444404 error = 3.6517731693330724E-4
Removed dimension: 6
a = 5.106402906112917 b = 28.45137742017317 error = 3.4416913763379853E-15
Removed dimension: 2
a = 4.128318123861771 b = 28.375974685749213 error = 0.0012520163316614985
Dimensions removed are: {0, 1, 3, 4, 7, }
Fractal dimension after dimensionality reduction: a = 4.128318123861771 b = 28.375974685749213 error = 0.0012520163316614985
Total time: 319.393
