-0,6931471805599453	23,462967374719543
-1,3862943611198906	20,112669607785048
-2,0794415416798357	16,661841372932063
-2,772588722239781	14,337339027801843
-3,4657359027997265	12,233196446726538
The fractal dimension of whole dataset is: a = 4.905975377619878 b = 26.888662992592888 error = 5.461830181863192E-5
Removed dimension: 5
a = 4.905975377619878 b = 26.888662992592888 error = 5.461830181863192E-5
Removed dimension: 13
a = 4.905975377619878 b = 26.888662992592888 error = 5.461830181863192E-5
Removed dimension: 16
a = 4.905926827947683 b = 26.888615381767575 error = 5.4553517439104304E-5
Removed dimension: 1
a = 4.9059989206293 b = 27.443436952700615 error = 2.8776274563824256E-4
Removed dimension: 11
a = 4.905893027947377 b = 27.443423298682735 error = 2.8773586616936964E-4
Removed dimension: 10
a = 4.90521653414376 b = 27.446481777664076 error = 3.1935464473209496E-4
Removed dimension: 14
a = 4.899090245208481 b = 27.446525641462344 error = 3.3383936966790984E-4
Removed dimension: 9
a = 4.884964343505115 b = 27.43235773189145 error = 2.89824170128794E-4
Removed dimension: 15
a = 4.953158060425481 b = 27.706368870633433 error = 7.978484545556608E-5
Removed dimension: 6
a = 4.81179695166818 b = 27.58698702645473 error = 3.6977887973854706E-6
Removed dimension: 12
a = 4.890915022098335 b = 28.154446040096868 error = 2.508209798546268E-5
Removed dimension: 7
a = 4.729066668131104 b = 28.02687063462925 error = 9.992007221626409E-16
Removed dimension: 8
a = 4.665535681221369 b = 28.37872302634831 error = -1.3766765505351941E-14
Dimensions removed are: {0, 2, 3, 4, 17, }
Fractal dimension after dimensionality reduction: a = 4.665535681221369 b = 28.37872302634831 error = -1.3766765505351941E-14
Total time: 328.706
