-0,6931471805599453	23,49231205473258
-1,3862943611198906	20,02281511635009
-2,0794415416798357	16,815572046927485
-2,772588722239781	14,243595237087227
-3,4657359027997265	12,021638859549945
The fractal dimension of whole dataset is: a = 5.0054260273838365 b = 26.961808993115042 error = 5.551115123125783E-16
Removed dimension: 2
a = 5.0054260273838365 b = 26.961808993115042 error = 5.551115123125783E-16
Removed dimension: 5
a = 5.0054260273838365 b = 26.961808993115042 error = 5.551115123125783E-16
Removed dimension: 17
a = 5.005420936426836 b = 26.96180609581544 error = -1.709743457922741E-14
Removed dimension: 14
a = 5.0052600835636545 b = 26.961694601106842 error = 7.771561172376096E-15
Removed dimension: 9
a = 5.003765537411719 b = 26.960694721316365 error = -4.218847493575595E-15
Removed dimension: 16
a = 5.01166814641668 b = 26.971775607252347 error = -1.7763568394002505E-14
Removed dimension: 10
a = 5.0012284476358495 b = 26.965290672243675 error = 2.6978419498391304E-14
Removed dimension: 11
a = 4.987599076270476 b = 26.957467609583187 error = -2.220446049250313E-14
Removed dimension: 8
a = 4.9771823837293425 b = 27.30085370088925 error = 8.286475205054877E-5
Removed dimension: 13
a = 5.087922529694057 b = 27.85907537730469 error = 2.55351295663786E-15
Removed dimension: 12
a = 5.0683596006407425 b = 28.348758196333492 error = 3.649031959097604E-4
Removed dimension: 6
a = 5.106410636407381 b = 28.451382778404962 error = 1.3433698597964394E-14
Dimensions removed are: {0, 1, 3, 4, 7, 15, }
Fractal dimension after dimensionality reduction: a = 5.106410636407381 b = 28.451382778404962 error = 1.3433698597964394E-14
Total time: 314.104
