-0,6931471805599453	25,495147109058856
-1,3862943611198906	20,636438256156133
-2,0794415416798357	16,127473837970392
-2,772588722239781	13,55391589727581
-3,4657359027997265	8,44741429680832
-4,1588830833596715	6,576469569048224
-4,852030263919617	3,912023005428146
The fractal dimension of whole dataset is: a = 6.757347886433701 b = 30.09154763592383 error = 3.4829819350790103E-4
Removed dimension: 24
a = 6.7573478864458725 b = 30.091547635944934 error = 3.4829819355530756E-4
Removed dimension: 25
a = 6.757347886500858 b = 30.091547636040207 error = 3.4829819368820125E-4
Removed dimension: 8
a = 6.757314996348003 b = 30.091527965672185 error = 3.484232028766465E-4
Removed dimension: 7
a = 6.75705913172217 b = 30.091362291520905 error = 3.4842966220238747E-4
Removed dimension: 9
a = 6.756511753121879 b = 30.090809152419006 error = 3.501265073758697E-4
Removed dimension: 20
a = 6.758127699185217 b = 30.19722782725409 error = 8.689333421685319E-5
Removed dimension: 14
a = 6.757078288817169 b = 30.224041592506175 error = 6.910960648376374E-5
Removed dimension: 18
a = 6.758925796717486 b = 30.325356844816532 error = 2.9470922247032405E-7
Removed dimension: 10
a = 6.760337585046489 b = 30.337565070190497 error = 2.4620917193907133E-6
Removed dimension: 26
a = 6.765016787186813 b = 30.35368242617694 error = 7.564324703390746E-6
Removed dimension: 15
a = 6.77521870221884 b = 30.394263116422934 error = 6.927675705536984E-6
Removed dimension: 12
a = 6.808562673892255 b = 30.55974514758301 error = 6.83775373655493E-7
Removed dimension: 23
a = 6.758675434392373 b = 30.510539530468325 error = 1.5660515228388405E-5
Removed dimension: 11
a = 6.6975524057964915 b = 30.491379832482522 error = 9.88667524293163E-7
Removed dimension: 19
a = 6.756239122053427 b = 30.953317244625367 error = 4.5884345768931745E-4
Removed dimension: 17
a = 6.793366594796536 b = 31.19265685792375 error = 5.39068250407948E-4
Removed dimension: 16
a = 6.832309807759026 b = 31.498872681261275 error = 3.2923154641750774E-4
Removed dimension: 0
a = 6.799228422548729 b = 31.84564644897373 error = 1.8229976997963249E-6
Removed dimension: 13
a = 6.961256821584659 b = 32.5030461515456 error = 4.378764726364892E-6
Removed dimension: 2
a = 6.7780300170738075 b = 32.4046949536167 error = 1.527656084832074E-5
Removed dimension: 27
a = 6.508688313901969 b = 32.47567222499649 error = 1.5858072398544643E-4
Removed dimension: 21
a = 6.167734487085329 b = 32.16334100710287 error = 2.374537776184127E-5
Dimensions removed are: {1, 3, 4, 5, 6, 22, 28, }
Fractal dimension after dimensionality reduction: a = 6.167734487085329 b = 32.16334100710287 error = 2.374537776184127E-5
Total time: 5451.055
