-0,6931471805599453	25,829193749001874
-1,3862943611198906	20,713117958962094
-2,0794415416798357	16,0793363193522
-2,772588722239781	13,463132085246002
-3,4657359027997265	8,451053388911692
-4,1588830833596715	6,576469569048224
-4,852030263919617	3,871201010907891
The fractal dimension of whole dataset is: a = 7.033035481564946 b = 30.583548926219162 error = 6.111800607676576E-4
Removed dimension: 26
a = 7.033035481591197 b = 30.583548926264648 error = 6.111800608480378E-4
Removed dimension: 8
a = 7.033000914506513 b = 30.58351298643963 error = 6.113074142586328E-4
Removed dimension: 7
a = 7.032375616626731 b = 30.583135658486032 error = 6.113517804771096E-4
Removed dimension: 9
a = 7.031556480142626 b = 30.582292676948743 error = 6.144369544150985E-4
Removed dimension: 12
a = 7.03007848940838 b = 30.614529391627315 error = 5.877463966248442E-4
Removed dimension: 24
a = 7.027946688781351 b = 30.614963334537258 error = 5.703368188484381E-4
Removed dimension: 15
a = 7.030194040979363 b = 30.636602544293808 error = 5.670368794999936E-4
Removed dimension: 19
a = 7.014238218083224 b = 30.680665372862855 error = 4.33178915357213E-4
Removed dimension: 10
a = 6.992557233713824 b = 30.658242423668735 error = 5.032300822469526E-4
Removed dimension: 25
a = 7.015306479249819 b = 30.80447214776281 error = 5.894593187696362E-4
Removed dimension: 16
a = 7.0345391768336585 b = 30.892057649339904 error = 5.896234569101599E-4
Removed dimension: 28
a = 7.067856503766942 b = 31.12358049487092 error = 3.9554118692686213E-4
Removed dimension: 27
a = 7.034634629987289 b = 31.23253117105856 error = 1.0481055565669806E-6
Removed dimension: 11
a = 6.99601233569574 b = 31.224552177674234 error = 2.397285574584629E-5
Removed dimension: 23
a = 6.937127253759166 b = 31.16567336693722 error = 1.3867682023827044E-6
Removed dimension: 13
a = 6.991696726267326 b = 31.393822868827577 error = 4.840885160173336E-6
Removed dimension: 18
a = 6.918211625650396 b = 31.39988974183654 error = 5.835663769437893E-6
Removed dimension: 14
a = 7.012038712035629 b = 31.77346799250175 error = 1.1162367831274445E-5
Removed dimension: 2
a = 6.87444998627002 b = 31.752538180328962 error = 1.4737720741975213E-4
Removed dimension: 17
a = 7.07131770656418 b = 32.371658732085784 error = 1.9681620312628212E-5
Removed dimension: 21
a = 6.774267985708106 b = 32.10574001575307 error = 7.289316045167027E-5
Dimensions removed are: {0, 1, 3, 4, 5, 6, 20, 22, }
Fractal dimension after dimensionality reduction: a = 6.774267985708106 b = 32.10574001575307 error = 7.289316045167027E-5
Total time: 5442.267
