-0,6931471805599453	25,718515056680143
-1,3862943611198906	21,17505085048694
-2,0794415416798357	16,326844899587552
-2,772588722239781	13,59270444970975
-3,4657359027997265	8,450625947144124
-4,1588830833596715	6,576469569048224
-4,852030263919617	3,912023005428146
The fractal dimension of whole dataset is: a = 6.774657980651149 b = 30.490535571402948 error = 2.631157310443166E-4
Removed dimension: 26
a = 6.774657980651149 b = 30.490535571402948 error = 2.631157310443166E-4
Removed dimension: 27
a = 6.774657980695087 b = 30.49053557147909 error = 2.6311573094084384E-4
Removed dimension: 8
a = 6.77463442683103 b = 30.49051927919028 error = 2.6302889151441633E-4
Removed dimension: 12
a = 6.774696105422067 b = 30.52490499832099 error = 2.902500290268284E-4
Removed dimension: 7
a = 6.7740026411318945 b = 30.52448232208286 error = 2.903657265496129E-4
Removed dimension: 9
a = 6.773291022363662 b = 30.52374243927789 error = 2.8864015841778556E-4
Removed dimension: 10
a = 6.772694660379528 b = 30.53403701918033 error = 2.1942379315187388E-4
Removed dimension: 24
a = 6.771704141154285 b = 30.534069500949514 error = 2.195584672607387E-4
Removed dimension: 25
a = 6.769196079305889 b = 30.534989766035892 error = 2.1812346268412774E-4
Removed dimension: 15
a = 6.773733152378597 b = 30.56011524360907 error = 2.1373676150260312E-4
Removed dimension: 19
a = 6.769087029829298 b = 30.62730439469331 error = 3.349567211926585E-4
Removed dimension: 14
a = 6.786047356603699 b = 30.808782105354865 error = 4.838059905361014E-4
Removed dimension: 11
a = 6.753015178975195 b = 30.804051667430656 error = 6.744293725150508E-4
Removed dimension: 18
a = 6.705645035452675 b = 30.82180340755594 error = 7.79746673173487E-4
Removed dimension: 13
a = 6.755225788472756 b = 31.017529733470276 error = 6.977811207066198E-4
Removed dimension: 23
a = 6.686493512257978 b = 30.948708228409608 error = 4.892818623829509E-4
Removed dimension: 0
a = 6.623526954606435 b = 31.25127663036944 error = 2.7944354529241267E-5
Removed dimension: 20
a = 6.576031785601723 b = 31.649039088914943 error = 1.6027999903800438E-4
Removed dimension: 17
a = 6.646581266836771 b = 32.07516642452793 error = 1.3417663911752253E-4
Removed dimension: 16
a = 6.68494459876388 b = 32.56447435202049 error = 2.170143402324687E-5
Removed dimension: 2
a = 6.507956765498131 b = 32.475646691260046 error = 1.5011785504603914E-4
Removed dimension: 21
a = 6.166550920536036 b = 32.16295289984943 error = 2.7517960211942416E-5
Dimensions removed are: {1, 3, 4, 5, 6, 22, 28, }
Fractal dimension after dimensionality reduction: a = 6.166550920536036 b = 32.16295289984943 error = 2.7517960211942416E-5
Total time: 5114.408
