-0,6931471805599453	25,451830735619396
-1,3862943611198906	19,855493439442174
-2,0794415416798357	15,854747362497987
-2,772588722239781	13,458918467735936
-3,4657359027997265	7,165493475060845
-4,1588830833596715	3,912023005428146
-4,852030263919617	3,912023005428146
The fractal dimension of whole dataset is: a = 8.073808064336784 b = 31.04816803179657 error = 7.993605777301127E-15
Removed dimension: 28
a = 8.073808064349503 b = 31.048168031814214 error = 1.532107773982716E-14
Removed dimension: 10
a = 8.073808170599207 b = 31.04816821244995 error = -1.1102230246251565E-15
Removed dimension: 8
a = 8.073809661144447 b = 31.048186533069618 error = 7.549516567451064E-15
Removed dimension: 7
a = 8.07360990229181 b = 31.04805890216923 error = 5.995204332975845E-15
Removed dimension: 14
a = 8.070635060466927 b = 31.069186246759337 error = 1.1102230246251565E-14
Removed dimension: 23
a = 8.063868584833942 b = 31.064506390625326 error = 7.105427357601002E-15
Removed dimension: 27
a = 8.05407213988956 b = 31.116687761299126 error = -2.4424906541753444E-15
Removed dimension: 16
a = 8.063711857321428 b = 31.18588535476428 error = -1.1102230246251565E-15
Removed dimension: 15
a = 8.07796753503647 b = 31.229612011432028 error = 1.021405182655144E-14
Removed dimension: 9
a = 8.10386850429453 b = 31.27404794604539 error = 1.5543122344752192E-15
Removed dimension: 20
a = 8.058846720273436 b = 31.323445539514942 error = -5.995204332975845E-15
Removed dimension: 13
a = 8.151207323801302 b = 31.57066036094401 error = 9.992007221626409E-16
Removed dimension: 21
a = 8.03895274775474 b = 31.495009320560253 error = -1.7763568394002505E-15
Removed dimension: 18
a = 7.986591757927336 b = 31.556652961908945 error = 7.771561172376096E-16
Removed dimension: 12
a = 8.159621302485986 b = 31.968684527596807 error = 1.1435297153639112E-14
Removed dimension: 0
a = 7.785477604829846 b = 32.11765769273777 error = 1.4099832412739488E-14
Removed dimension: 1
a = 7.268082768895569 b = 31.780161774932928 error = -7.105427357601002E-15
Removed dimension: 19
a = 7.228321241172096 b = 32.207033321931135 error = 5.551115123125783E-15
Removed dimension: 25
a = 7.168682616558714 b = 32.26964494675112 error = 1.6542323066914832E-14
Removed dimension: 17
a = 7.302822210183512 b = 32.85853052572713 error = -6.661338147750939E-16
Dimensions removed are: {2, 3, 4, 5, 6, 11, 22, 24, 26, }
Fractal dimension after dimensionality reduction: a = 7.302822210183512 b = 32.85853052572713 error = -6.661338147750939E-16
Total time: 5276.758
