-0,6931471805599453	25,562447649516905
-1,3862943611198906	20,503632847642333
-2,0794415416798357	16,05255406692132
-2,772588722239781	13,504759088128548
-3,4657359027997265	8,15248607578024
-4,1588830833596715	6,57507584059962
-4,852030263919617	3,912023005428146
The fractal dimension of whole dataset is: a = 6.859938155496169 b = 30.165460435526242 error = 0.0010194223745014774
Removed dimension: 28
a = 6.859938155507601 b = 30.16546043554605 error = 0.0010194223745459974
Removed dimension: 8
a = 6.859919878284346 b = 30.165449213740388 error = 0.001019603973401395
Removed dimension: 7
a = 6.859624187177137 b = 30.16527270328699 error = 0.0010195836408077863
Removed dimension: 9
a = 6.859106355127074 b = 30.164745086540123 error = 0.001022285799776368
Removed dimension: 20
a = 6.857828222831356 b = 30.262396453194963 error = 5.537849344978696E-4
Removed dimension: 18
a = 6.857084511214996 b = 30.353019689991456 error = 2.5893591395032E-4
Removed dimension: 14
a = 6.855950799942482 b = 30.38121443473744 error = 2.337432564601949E-4
Removed dimension: 26
a = 6.858097876290148 b = 30.394692657438558 error = 2.666439335041737E-4
Removed dimension: 10
a = 6.863897564232572 b = 30.411949103221076 error = 3.2691504986415154E-4
Removed dimension: 15
a = 6.873790966911754 b = 30.451360113226386 error = 3.1476495940485627E-4
Removed dimension: 0
a = 6.83905087573014 b = 30.74732999929262 error = 8.583193847142567E-4
Removed dimension: 11
a = 6.8063825914651925 b = 30.753963797397 error = 5.406461830602671E-4
Removed dimension: 27
a = 6.7663403263687485 b = 31.002515095283343 error = 6.0599234908975674E-6
Removed dimension: 12
a = 6.7864893109599365 b = 31.185879038237 error = 8.146664963182282E-6
Removed dimension: 19
a = 6.812500519615984 b = 31.559102237094393 error = 7.010758911063508E-5
Removed dimension: 17
a = 6.8365826957567695 b = 31.767205679658325 error = 1.0351754502102573E-4
Removed dimension: 25
a = 6.76159912485048 b = 32.1951844435187 error = 8.983117395578999E-4
Removed dimension: 16
a = 6.737081317192995 b = 32.462758181202545 error = 6.378772469566307E-4
Removed dimension: 13
a = 6.782921681803703 b = 33.113096404352845 error = 3.8762886513077355E-4
Removed dimension: 23
a = 6.665752981479821 b = 32.99416190968732 error = 1.4092631782813836E-4
Removed dimension: 21
a = 6.2998244889829484 b = 32.65971837771706 error = 4.162388750061918E-5
Removed dimension: 24
a = 5.924755312846912 b = 32.39785986344702 error = 5.615323481822365E-5
Dimensions removed are: {1, 2, 3, 4, 5, 6, 22, }
Fractal dimension after dimensionality reduction: a = 5.924755312846912 b = 32.39785986344702 error = 5.615323481822365E-5
Total time: 5304.202
