-0,6931471805599453	31,99261583408391
-1,3862943611198906	28,269242138990563
-2,0794415416798357	24,61184916277173
-2,772588722239781	22,07801089638702
-3,4657359027997265	20,543111434975163
The fractal dimension of whole dataset is: a = 5.324097737330278 b = 35.666503990021326 error = 1.9978281472043946E-5
Removed dimension: 15
a = 5.324097712725555 b = 35.66650398328224 error = 1.9978256662334104E-5
Removed dimension: 16
a = 5.324097623883972 b = 35.6665038914594 error = 1.9978330676684308E-5
Removed dimension: 17
a = 5.32409528907409 b = 35.666502927241915 error = 1.9976765117890594E-5
Removed dimension: 19
a = 5.32409239611544 b = 35.66650291738233 error = 1.997238910034227E-5
Removed dimension: 14
a = 5.324102416876224 b = 35.66652194239148 error = 1.997913208040547E-5
Removed dimension: 20
a = 5.324083820340113 b = 35.66650627904685 error = 1.9985990170945378E-5
Removed dimension: 18
a = 5.324038307721142 b = 35.66648008170271 error = 1.9973374192683302E-5
Removed dimension: 10
a = 5.324220175294581 b = 35.66691845727253 error = 2.0111532708977364E-5
Removed dimension: 12
a = 5.323840760147276 b = 35.66658850746368 error = 2.046119285492587E-5
Removed dimension: 8
a = 5.3219193399592 b = 35.664592434803104 error = 2.2144332339713024E-5
Removed dimension: 11
a = 5.305055515291263 b = 35.64708168488296 error = 3.9862208381924447E-5
Removed dimension: 4
a = 5.325418814607345 b = 35.99038890394039 error = 1.521199242316973E-4
Removed dimension: 21
a = 5.34636530460405 b = 36.276427502349534 error = 3.218370108167834E-4
Removed dimension: 6
a = 5.296075187182763 b = 36.529264929071736 error = 9.058825276786475E-4
Removed dimension: 9
a = 5.441845935506311 b = 36.81179034589107 error = 2.891558644273484E-4
Removed dimension: 5
a = 5.227006717431537 b = 36.952007745530935 error = 1.6047717292699826E-4
Dimensions removed are: {0, 1, 2, 3, 7, 13, }
Fractal dimension after dimensionality reduction: a = 5.227006717431537 b = 36.952007745530935 error = 1.6047717292699826E-4
Total time: 3881.942
