-0,6931471805599453	31,945081489020083
-1,3862943611198906	28,22086991231972
-2,0794415416798357	24,601499732687383
-2,772588722239781	22,054573931464326
-3,4657359027997265	20,51125654902394
The fractal dimension of whole dataset is: a = 5.2972744911119 b = 35.59066201791939 error = 5.095144981659416E-5
Removed dimension: 15
a = 5.2972744911119 b = 35.59066201791939 error = 5.095144981659416E-5
Removed dimension: 23
a = 5.297274491070017 b = 35.590662017892825 error = 5.0951449839353735E-5
Removed dimension: 22
a = 5.297274466522706 b = 35.59066201153661 error = 5.095140886612892E-5
Removed dimension: 16
a = 5.297274377607384 b = 35.59066191963607 error = 5.0951528376419475E-5
Removed dimension: 17
a = 5.2972720457065305 b = 35.59066090399399 error = 5.094924019710678E-5
Removed dimension: 19
a = 5.29726915744017 b = 35.590660886852554 error = 5.094229940494355E-5
Removed dimension: 14
a = 5.297279325844937 b = 35.59068016694603 error = 5.0953242746398786E-5
Removed dimension: 20
a = 5.2972607500136855 b = 35.590664446654884 error = 5.096465985987564E-5
Removed dimension: 18
a = 5.297215349844093 b = 35.590637798112006 error = 5.094679399852975E-5
Removed dimension: 10
a = 5.297396527947418 b = 35.591075354277244 error = 5.1165639604389135E-5
Removed dimension: 12
a = 5.297017895250427 b = 35.590746598809794 error = 5.1726929977569114E-5
Removed dimension: 25
a = 5.295630709009365 b = 35.58998857285975 error = 5.0959532631789095E-5
Removed dimension: 2
a = 5.293806166336323 b = 35.610119780950114 error = 6.566526593665412E-5
Removed dimension: 8
a = 5.29188270309288 b = 35.6081215912928 error = 6.8695812633357E-5
Removed dimension: 11
a = 5.274980192340823 b = 35.59057059939208 error = 9.84129624198582E-5
Removed dimension: 4
a = 5.295315519828689 b = 35.93385424070916 error = 7.814863043353881E-5
Removed dimension: 6
a = 5.245597621520011 b = 36.18792117021857 error = 4.45242467203788E-4
Removed dimension: 24
a = 5.299181796375631 b = 36.5301799503699 error = 9.250434782123174E-4
Removed dimension: 9
a = 5.44496346159155 b = 36.812731525688186 error = 2.9996414646527025E-4
Removed dimension: 5
a = 5.230145762888364 b = 36.95299598468382 error = 1.688847511019942E-4
Dimensions removed are: {0, 1, 3, 7, 13, 21, }
Fractal dimension after dimensionality reduction: a = 5.230145762888364 b = 36.95299598468382 error = 1.688847511019942E-4
Total time: 3735.24
