-0,6931471805599453	31,62974736263219
-1,3862943611198906	27,88630774736141
-2,0794415416798357	24,175283889522238
-2,772588722239781	21,536421323411354
-3,4657359027997265	19,718229021621738
The fractal dimension of whole dataset is: a = 5.377258742571783 b = 35.348875159829205 error = 4.727336262000392E-6
Removed dimension: 15
a = 5.377258742571783 b = 35.348875159829205 error = 4.727336262000392E-6
Removed dimension: 25
a = 5.377258742571783 b = 35.34887515983153 error = 4.727336262000392E-6
Removed dimension: 36
a = 5.377258742571783 b = 35.34887515983153 error = 4.727336262000392E-6
Removed dimension: 37
a = 5.377258742571783 b = 35.34887515983153 error = 4.727336262000392E-6
Removed dimension: 38
a = 5.377258742571783 b = 35.348875159831536 error = 4.727336270327065E-6
Removed dimension: 40
a = 5.377258742571812 b = 35.348875159831586 error = 4.727336248455671E-6
Removed dimension: 29
a = 5.377258742573527 b = 35.34887515984307 error = 4.7273362565602994E-6
Removed dimension: 31
a = 5.3772587424366405 b = 35.348875159701294 error = 4.7273362793198714E-6
Removed dimension: 18
a = 5.377258742299487 b = 35.34887515961291 error = 4.72733629419686E-6
Removed dimension: 14
a = 5.377258741913494 b = 35.34887515927878 error = 4.7273363821265235E-6
Removed dimension: 23
a = 5.3772587391034925 b = 35.348875156359 error = 4.727337499565998E-6
Removed dimension: 33
a = 5.3772587458132985 b = 35.348875167986215 error = 4.727340216503784E-6
Removed dimension: 27
a = 5.377258712836632 b = 35.34887515664365 error = 4.727326836762025E-6
Removed dimension: 16
a = 5.3772586406000675 b = 35.3488750818828 error = 4.727355806033451E-6
Removed dimension: 17
a = 5.377257077851421 b = 35.34887433056136 error = 4.726972008484154E-6
Removed dimension: 19
a = 5.37725492897452 b = 35.3488743288106 error = 4.725413000006284E-6
Removed dimension: 21
a = 5.377251825308892 b = 35.34887110219177 error = 4.726672845012381E-6
Removed dimension: 34
a = 5.377244335698418 b = 35.3488633153788 error = 4.7297146765767906E-6
Removed dimension: 32
a = 5.377236390102647 b = 35.348857251393476 error = 4.731726586437723E-6
Removed dimension: 20
a = 5.377223947206981 b = 35.3488459356298 error = 4.7348901859312065E-6
Removed dimension: 22
a = 5.377238851787943 b = 35.348873129407835 error = 4.740266404401616E-6
Removed dimension: 35
a = 5.377206668974947 b = 35.34884658309818 error = 4.745277088713529E-6
Removed dimension: 10
a = 5.377273669078465 b = 35.349061503737104 error = 4.760739079401333E-6
Removed dimension: 12
a = 5.376999424821238 b = 35.348815300347624 error = 4.888332017727315E-6
Removed dimension: 26
a = 5.376216541079521 b = 35.348011815335866 error = 5.220835579633487E-6
Removed dimension: 4
a = 5.3780116905854625 b = 35.63223377761698 error = 1.1263825358487356E-4
Removed dimension: 8
a = 5.376007868127527 b = 35.6301520054353 error = 1.0879661749740865E-4
Removed dimension: 28
a = 5.3913839162909785 b = 35.71623984687979 error = 1.2227918757767853E-5
Removed dimension: 39
a = 5.408827537800131 b = 36.00333391472223 error = 1.7977041542116545E-4
Removed dimension: 11
a = 5.386740462438713 b = 35.98039529551162 error = 1.3019736878627786E-4
Removed dimension: 6
a = 5.335585225194312 b = 36.19845313934935 error = 2.574287628999139E-4
Removed dimension: 5
a = 5.312588737103643 b = 36.479579838607364 error = 5.988381209011129E-4
Removed dimension: 30
a = 5.1890724478880355 b = 36.676119522033005 error = 3.9693054078571155E-4
Removed dimension: 0
a = 5.064139577941566 b = 36.61474005881702 error = 7.590654417447551E-4
Removed dimension: 9
a = 5.244614545631977 b = 36.95836093911833 error = 1.2153696305694517E-4
Dimensions removed are: {1, 2, 3, 7, 13, 24, }
Fractal dimension after dimensionality reduction: a = 5.244614545631977 b = 36.95836093911833 error = 1.2153696305694517E-4
Total time: 20687.063
