-0,6931471805599453	31,79284947273042
-1,3862943611198906	28,298067058911055
-2,0794415416798357	24,626185633450667
-2,772588722239781	21,72202634085067
-3,4657359027997265	19,960941242872682
The fractal dimension of whole dataset is: a = 5.169655190323517 b = 35.42045614528046 error = 1.5262960414275106E-4
Removed dimension: 10
a = 5.169655190323517 b = 35.42045614528046 error = 1.5262960414275106E-4
Removed dimension: 24
a = 5.169655190323517 b = 35.42045614528046 error = 1.5262960414275106E-4
Removed dimension: 29
a = 5.169655190327302 b = 35.42045614529215 error = 1.5262960416306814E-4
Removed dimension: 15
a = 5.169655167834599 b = 35.42045613713616 error = 1.526296567049279E-4
Removed dimension: 16
a = 5.169655080263747 b = 35.420456046607725 error = 1.526294561118302E-4
Removed dimension: 17
a = 5.16965311899504 b = 35.42045548118107 error = 1.5263504243956394E-4
Removed dimension: 19
a = 5.169650338019619 b = 35.42045558769427 error = 1.526481058599094E-4
Removed dimension: 12
a = 5.169646175239342 b = 35.42045125956517 error = 1.5263840646151383E-4
Removed dimension: 14
a = 5.169659501802411 b = 35.42047584204649 error = 1.5261109149200536E-4
Removed dimension: 20
a = 5.1696441081074855 b = 35.420463946316474 error = 1.5260355148760674E-4
Removed dimension: 18
a = 5.169605468881416 b = 35.420446391257876 error = 1.5266943919933773E-4
Removed dimension: 28
a = 5.169556061611377 b = 35.42039505255248 error = 1.5255454291873694E-4
Removed dimension: 23
a = 5.16972843352269 b = 35.42080414917711 error = 1.5217329476047148E-4
Removed dimension: 27
a = 5.1694009311107925 b = 35.420524122510166 error = 1.5135102024899094E-4
Removed dimension: 8
a = 5.167580554660911 b = 35.418632757951904 error = 1.4715070752802095E-4
Removed dimension: 30
a = 5.164654719769471 b = 35.41587469979924 error = 1.4227422982659998E-4
Removed dimension: 5
a = 5.1559420025008045 b = 35.54001014507026 error = 6.138719065342801E-4
Removed dimension: 4
a = 5.147525079240374 b = 35.54168468916344 error = 7.229818632998875E-4
Removed dimension: 13
a = 5.136344835314703 b = 35.53024369126067 error = 6.713137491913823E-4
Removed dimension: 11
a = 5.120001353719421 b = 35.51327484624153 error = 5.950932367065898E-4
Removed dimension: 6
a = 5.043578985847878 b = 35.6536221533039 error = 8.210406270169335E-4
Removed dimension: 25
a = 5.005331548241989 b = 35.960787080111714 error = 0.0024745443518351395
Removed dimension: 7
a = 5.0063193352577935 b = 36.407812183901456 error = 3.6169814290121227E-4
Removed dimension: 26
a = 5.120654699436381 b = 36.67710476895049 error = 7.534142963558921E-4
Removed dimension: 9
a = 5.297857400625227 b = 37.014452885064266 error = 1.2456685595130246E-4
Dimensions removed are: {0, 1, 2, 3, 21, 22, }
Fractal dimension after dimensionality reduction: a = 5.297857400625227 b = 37.014452885064266 error = 1.2456685595130246E-4
Total time: 20663.537
