-0,6931471805599453	22,24322878796635
-1,3862943611198906	16,32134673254064
-2,0794415416798357	12,568108195711002
The fractal dimension of whole dataset is: a = 8.543469874091988 b = 28.165110843392036 error = -2.886579864025407E-15
Removed dimension: 29
a = 8.543469874091988 b = 28.165110843392036 error = -2.886579864025407E-15
Removed dimension: 31
a = 8.543469874091988 b = 28.165110843392036 error = -2.886579864025407E-15
Removed dimension: 21
a = 8.543469528670057 b = 28.165110854179428 error = 6.661338147750939E-16
Removed dimension: 22
a = 8.54346632393357 b = 28.165108696472863 error = 7.993605777301127E-15
Removed dimension: 26
a = 8.543416087199617 b = 28.165078387422895 error = 2.220446049250313E-16
Removed dimension: 25
a = 8.542975837162707 b = 28.16478032063121 error = 7.105427357601002E-15
Removed dimension: 24
a = 8.542461243677453 b = 28.164438707902093 error = 4.107825191113079E-15
Removed dimension: 13
a = 8.54150475130369 b = 28.16378405110067 error = 2.7755575615628914E-15
Removed dimension: 27
a = 8.53946688047809 b = 28.16246447781969 error = 8.881784197001252E-15
Removed dimension: 17
a = 8.536915558936277 b = 28.16072102522621 error = 5.440092820663267E-15
Removed dimension: 3
a = 8.533616619510843 b = 28.158449344515923 error = -3.774758283725532E-15
Removed dimension: 30
a = 8.529507894276115 b = 28.164215113287373 error = 5.218048215738236E-15
Removed dimension: 23
a = 8.522224102282996 b = 28.159206527750854 error = 1.1102230246251565E-15
Removed dimension: 9
a = 8.513918770830836 b = 28.153547336303973 error = 5.88418203051333E-15
Removed dimension: 0
a = 8.503179560162007 b = 28.1462092030892 error = -2.6645352591003757E-15
Removed dimension: 28
a = 8.491695864716682 b = 28.13824950358009 error = 2.9976021664879227E-15
Removed dimension: 5
a = 8.463026007716046 b = 28.118534661713838 error = 4.551914400963142E-15
Removed dimension: 32
a = 8.308266259866654 b = 28.133496998914236 error = -4.440892098500626E-15
Removed dimension: 8
a = 8.490068310671317 b = 28.826490711386413 error = -1.3322676295501878E-15
Removed dimension: 12
a = 7.8074604697240675 b = 28.83456274385361 error = 9.962578228578378E-4
Removed dimension: 4
a = 7.833329291528378 b = 29.658140233997027 error = 1.9538786117523355E-4
Removed dimension: 20
a = 7.961300620265514 b = 30.34775117009461 error = 7.049028554027004E-4
Removed dimension: 6
a = 7.561341017277026 b = 30.626483627664133 error = 8.059518872460814E-4
Removed dimension: 16
a = 7.493889091324826 b = 31.22825023794157 error = 0.0014442916726864485
Dimensions removed are: {1, 2, 7, 10, 11, 14, 15, 18, 19, }
Fractal dimension after dimensionality reduction: a = 7.493889091324826 b = 31.22825023794157 error = 0.0014442916726864485
Total time: 6159.158
