-0,6931471805599453	21,83153920440732
-1,3862943611198906	15,908525315363025
-2,0794415416798357	12,56832749281246
The fractal dimension of whole dataset is: a = 8.545102764840625 b = 27.754553093451577 error = 8.43769498715119E-15
Removed dimension: 31
a = 8.545102764840625 b = 27.754553093451577 error = 8.43769498715119E-15
Removed dimension: 30
a = 8.545102588363829 b = 27.754552972117587 error = -4.218847493575595E-15
Removed dimension: 21
a = 8.545102345429688 b = 27.75455288196892 error = -6.217248937900877E-15
Removed dimension: 22
a = 8.545100608286925 b = 27.7545517069246 error = 2.3314683517128287E-15
Removed dimension: 26
a = 8.545058831713655 b = 27.75452671675628 error = -4.218847493575595E-15
Removed dimension: 25
a = 8.544742210755267 b = 27.754313543044663 error = 9.103828801926284E-15
Removed dimension: 24
a = 8.544280458982612 b = 27.75400893843143 error = 6.8833827526759706E-15
Removed dimension: 13
a = 8.543378466137618 b = 27.753390662410943 error = 1.3322676295501878E-15
Removed dimension: 27
a = 8.54154642709919 b = 27.752199878490067 error = -4.218847493575595E-15
Removed dimension: 17
a = 8.53908440772939 b = 27.75051918848179 error = -1.9984014443252818E-15
Removed dimension: 3
a = 8.535756203477593 b = 27.748229504728734 error = 5.88418203051333E-15
Removed dimension: 23
a = 8.528586043265756 b = 27.743303727411913 error = 1.1879386363489175E-14
Removed dimension: 9
a = 8.52046710923915 b = 27.737778764997202 error = 6.5503158452884236E-15
Removed dimension: 0
a = 8.509808150784714 b = 27.730506068486225 error = 2.7755575615628914E-15
Removed dimension: 5
a = 8.480949705104317 b = 27.71067171569008 error = 8.326672684688674E-15
Removed dimension: 10
a = 8.401500756289114 b = 28.187903011369933 error = 2.886579864025407E-15
Removed dimension: 20
a = 8.44751010146177 b = 28.4170984306748 error = 5.440092820663267E-15
Removed dimension: 8
a = 8.495741115266416 b = 29.020825761532663 error = 1.9984014443252818E-15
Removed dimension: 32
a = 8.637820819721348 b = 29.32664939798057 error = 1.0658141036401503E-14
Removed dimension: 12
a = 8.055083509604938 b = 29.440700839596037 error = 5.046842283714659E-4
Removed dimension: 18
a = 8.056697986738671 b = 30.219735738544387 error = 6.84985474556088E-5
Removed dimension: 29
a = 8.045831033000086 b = 30.371907353881493 error = 2.3908666783234445E-4
Removed dimension: 16
a = 8.095669596417096 b = 31.086471230487174 error = 9.077443316268807E-4
Removed dimension: 6
a = 7.624725563714914 b = 31.347663900858453 error = 7.253124053503424E-4
Dimensions removed are: {1, 2, 4, 7, 11, 14, 15, 19, 28, }
Fractal dimension after dimensionality reduction: a = 7.624725563714914 b = 31.347663900858453 error = 7.253124053503424E-4
Total time: 2336.231
