-0,6931471805599453	22,374067125967045
-1,3862943611198906	16,280830297187567
-2,0794415416798357	12,404460282250483
The fractal dimension of whole dataset is: a = 8.790682555842091 b = 28.467303954746463 error = 8.215650382226158E-15
Removed dimension: 28
a = 8.790682555842091 b = 28.467303954746463 error = 8.215650382226158E-15
Removed dimension: 29
a = 8.790682555842091 b = 28.467303954746463 error = 8.215650382226158E-15
Removed dimension: 30
a = 8.790682555842091 b = 28.467303954746463 error = 8.215650382226158E-15
Removed dimension: 32
a = 8.790682555842091 b = 28.467303954746463 error = 8.215650382226158E-15
Removed dimension: 21
a = 8.790682154104621 b = 28.46730390770993 error = 1.4432899320127035E-15
Removed dimension: 22
a = 8.790678432095941 b = 28.467301467318514 error = 8.659739592076221E-15
Removed dimension: 26
a = 8.790617169484033 b = 28.467263277978212 error = 6.772360450213455E-15
Removed dimension: 25
a = 8.790288503018653 b = 28.467042754391823 error = 1.2212453270876722E-15
Removed dimension: 24
a = 8.789860948927323 b = 28.466762038579013 error = 3.1086244689504383E-15
Removed dimension: 13
a = 8.78886826443055 b = 28.46608233159261 error = -7.993605777301127E-15
Removed dimension: 27
a = 8.786492625544767 b = 28.464531084984365 error = 5.662137425588298E-15
Removed dimension: 17
a = 8.783743276729664 b = 28.462650454208983 error = 2.7755575615628914E-15
Removed dimension: 3
a = 8.780094723499746 b = 28.46013697363359 error = 4.440892098500626E-16
Removed dimension: 23
a = 8.77290757038941 b = 28.45519601910755 error = 3.552713678800501E-15
Removed dimension: 9
a = 8.765385215763134 b = 28.450079122021158 error = 9.658940314238862E-15
Removed dimension: 0
a = 8.75366396149335 b = 28.442063250827626 error = -2.6645352591003757E-15
Removed dimension: 5
a = 8.721638842241887 b = 28.420025038908424 error = -7.105427357601002E-15
Removed dimension: 8
a = 8.616472211980051 b = 28.34712908565342 error = 4.3298697960381105E-15
Removed dimension: 12
a = 8.63656580116283 b = 28.92231100762499 error = 3.219646771412954E-15
Removed dimension: 16
a = 7.893409544670629 b = 28.85048817767947 error = 9.959449121809127E-4
Removed dimension: 4
a = 7.9000183501511545 b = 29.65500882629128 error = 1.5450573182951288E-4
Removed dimension: 31
a = 7.96136735771173 b = 30.434763700657015 error = 8.752285771705948E-4
Removed dimension: 6
a = 7.545776307875815 b = 30.699084117184455 error = 9.265248765889522E-4
Removed dimension: 20
a = 7.493889091324826 b = 31.22825023794157 error = 0.0014442916726864485
Dimensions removed are: {1, 2, 7, 10, 11, 14, 15, 18, 19, }
Fractal dimension after dimensionality reduction: a = 7.493889091324826 b = 31.22825023794157 error = 0.0014442916726864485
Total time: 3504.91
