-0,6931471805599453	22,374067125967045
-1,3862943611198906	16,569464603088452
-2,0794415416798357	12,580865465034217
The fractal dimension of whole dataset is: a = 8.374271274088459 b = 28.17866964884558 error = 1.27675647831893E-14
Removed dimension: 28
a = 8.374271274088459 b = 28.17866964884558 error = 1.27675647831893E-14
Removed dimension: 29
a = 8.374271274088459 b = 28.17866964884558 error = 1.27675647831893E-14
Removed dimension: 30
a = 8.374271274088459 b = 28.17866964884558 error = 1.27675647831893E-14
Removed dimension: 31
a = 8.374271274088459 b = 28.17866964884558 error = 1.27675647831893E-14
Removed dimension: 32
a = 8.374271274088459 b = 28.17866964884558 error = 1.27675647831893E-14
Removed dimension: 21
a = 8.374271056779929 b = 28.178669729645435 error = 1.0325074129013956E-14
Removed dimension: 22
a = 8.374268318389626 b = 28.178667971046323 error = 9.325873406851315E-15
Removed dimension: 26
a = 8.37421174352441 b = 28.178633031004445 error = 6.661338147750939E-16
Removed dimension: 25
a = 8.37376101334273 b = 28.178327899297248 error = -1.7763568394002505E-15
Removed dimension: 24
a = 8.373242155081167 b = 28.177983896256258 error = 1.1435297153639112E-14
Removed dimension: 13
a = 8.372292065183071 b = 28.17733371359583 error = -1.1102230246251565E-15
Removed dimension: 27
a = 8.370120400548752 b = 28.175923851164917 error = -1.5543122344752192E-15
Removed dimension: 17
a = 8.367546465066699 b = 28.17416480764676 error = 4.884981308350689E-15
Removed dimension: 3
a = 8.36415657842094 b = 28.171830621084876 error = 9.547918011776346E-15
Removed dimension: 23
a = 8.356783282324276 b = 28.166760642072695 error = 5.329070518200751E-15
Removed dimension: 9
a = 8.34851457806689 b = 28.161126414843793 error = 1.1102230246251565E-15
Removed dimension: 0
a = 8.337562196298022 b = 28.15364348545647 error = 1.3322676295501878E-15
Removed dimension: 5
a = 8.308266259866654 b = 28.133496998914236 error = -4.440892098500626E-15
Removed dimension: 8
a = 8.490068310671317 b = 28.826490711386413 error = -1.3322676295501878E-15
Removed dimension: 12
a = 7.8074604697240675 b = 28.83456274385361 error = 9.962578228578378E-4
Removed dimension: 4
a = 7.833329291528378 b = 29.658140233997027 error = 1.9538786117523355E-4
Removed dimension: 20
a = 7.961300620265514 b = 30.34775117009461 error = 7.049028554027004E-4
Removed dimension: 6
a = 7.561341017277026 b = 30.626483627664133 error = 8.059518872460814E-4
Removed dimension: 16
a = 7.493889091324826 b = 31.22825023794157 error = 0.0014442916726864485
Dimensions removed are: {1, 2, 7, 10, 11, 14, 15, 18, 19, }
Fractal dimension after dimensionality reduction: a = 7.493889091324826 b = 31.22825023794157 error = 0.0014442916726864485
Total time: 5983.591
