-0,6931471805599453	21,206337793044657
-1,3862943611198906	12,225532076686394
-2,0794415416798357	3,4657359027997265
-2,772588722239781	0,0
The fractal dimension of whole dataset is: a = 12.797139184720823 b = 30.02138635254916 error = 3.879717329591248E-5
Removed dimension: 29
a = 12.797139184720823 b = 30.02138635254916 error = 3.879717329591248E-5
Removed dimension: 32
a = 12.79713919184064 b = 30.021386364886865 error = 3.8797176718285975E-5
Removed dimension: 24
a = 12.797180894982953 b = 30.021728258600888 error = 3.8439417000879494E-5
Removed dimension: 30
a = 12.820299578152294 b = 30.07726778398967 error = 2.8608801367568937E-5
Removed dimension: 21
a = 12.868391136061824 b = 30.178813973833563 error = 2.6582253158546898E-5
Removed dimension: 27
a = 12.921427716427045 b = 30.592934417041654 error = 4.578987363423881E-5
Removed dimension: 28
a = 12.916953962905135 b = 31.090871482894332 error = 1.340866025075771E-4
Removed dimension: 8
a = 12.842379421093229 b = 31.37276139997305 error = 1.9552177699933004E-4
Removed dimension: 23
a = 12.785289822939147 b = 31.334723302888435 error = 1.9411045471429134E-4
Removed dimension: 22
a = 12.632999115920788 b = 31.324654050282554 error = 4.96857927824057E-4
Removed dimension: 25
a = 12.49692659147951 b = 31.27653549572123 error = 3.9364571750621913E-4
Removed dimension: 13
a = 12.610520222235156 b = 31.759695140610013 error = 2.857265234229578E-4
Removed dimension: 9
a = 12.704895733595478 b = 32.302871514478234 error = 2.4398365960798252E-4
Removed dimension: 17
a = 12.832941226916747 b = 33.05085149222079 error = 2.800724191979187E-4
Removed dimension: 6
a = 12.62138389028992 b = 33.06616638952396 error = 1.842777123621797E-4
Removed dimension: 12
a = 12.00593393549417 b = 33.29643655180915 error = 1.0874894209944586E-4
Removed dimension: 3
a = 12.001987615816997 b = 33.505050524901264 error = 4.831927609874054E-4
Removed dimension: 26
a = 12.01315559806967 b = 33.76051994405826 error = 0.0013347074381818702
Removed dimension: 31
a = 11.399121230137112 b = 33.39921933260464 error = 3.84642400270363E-4
Removed dimension: 14
a = 10.997011149900082 b = 33.21384367546001 error = 6.762922759179224E-4
Dimensions removed are: {0, 1, 2, 4, 5, 7, 10, 11, 15, 16, 18, 19, 20, }
Fractal dimension after dimensionality reduction: a = 10.997011149900082 b = 33.21384367546001 error = 6.762922759179224E-4
Total time: 4832.954
