-0,6931471805599453	21,243917912803806
-1,3862943611198906	12,021476503828202
-2,0794415416798357	3,091042453358316
-2,772588722239781	0,0
The fractal dimension of whole dataset is: a = 13.094531701608437 b = 30.24735380290005 error = 6.468366282319504E-5
Removed dimension: 28
a = 13.09453171660861 b = 30.24735382889337 error = 6.468367188605662E-5
Removed dimension: 32
a = 13.094531739323141 b = 30.247353868254656 error = 6.468368561296511E-5
Removed dimension: 24
a = 13.094572401500715 b = 30.24768585637361 error = 6.424559235385097E-5
Removed dimension: 30
a = 13.087228891594334 b = 30.269226593952403 error = 7.85346079095195E-5
Removed dimension: 27
a = 13.058507490032746 b = 31.02843387133677 error = 1.5535176137937423E-4
Removed dimension: 21
a = 13.106601563113216 b = 31.131733046821147 error = 1.6333726479200728E-4
Removed dimension: 23
a = 13.014498748012828 b = 31.05748657479757 error = 1.2977796767088545E-4
Removed dimension: 8
a = 12.94243254270923 b = 31.341449264350523 error = 1.920877611264471E-4
Removed dimension: 9
a = 13.08932449785664 b = 31.84999245465996 error = 1.767821853203566E-4
Removed dimension: 13
a = 13.233445336647124 b = 32.447321172518606 error = 1.62546758747939E-4
Removed dimension: 29
a = 13.109623157955753 b = 32.47650180918532 error = 1.9901512170028557E-4
Removed dimension: 25
a = 12.933220378542769 b = 32.390538938017386 error = 1.2070744940595457E-4
Removed dimension: 17
a = 13.105514233595487 b = 33.182914161422616 error = 1.9120203755473852E-4
Removed dimension: 31
a = 12.897757748725594 b = 33.24501337866947 error = 2.1416620260006347E-5
Removed dimension: 26
a = 12.697687811585991 b = 33.25457193987159 error = 2.7991770223601E-4
Removed dimension: 12
a = 12.073260691245952 b = 33.44769510090202 error = 1.843115614282853E-4
Removed dimension: 10
a = 12.066992674285386 b = 33.683851197805396 error = 4.5112334092289874E-4
Removed dimension: 22
a = 12.05932957842504 b = 33.87478269011235 error = 0.0011491644687376956
Removed dimension: 3
a = 11.567082058393133 b = 33.4990673974125 error = 8.958496205240252E-4
Dimensions removed are: {0, 1, 2, 4, 5, 6, 7, 11, 14, 15, 16, 18, 19, 20, }
Fractal dimension after dimensionality reduction: a = 11.567082058393133 b = 33.4990673974125 error = 8.958496205240252E-4
Total time: 5103.84
