-0,6931471805599453	20,705193048515895
-1,3862943611198906	11,843760413326404
-2,0794415416798357	2,833213344056216
-2,772588722239781	0,0
The fractal dimension of whole dataset is: a = 12.891908245246059 b = 29.678461509265865 error = 1.7402943717326202E-5
Removed dimension: 30
a = 12.891908280502186 b = 29.678461570360078 error = 1.74029322150826E-5
Removed dimension: 24
a = 12.891949194083834 b = 29.678834073172943 error = 1.7672207620278435E-5
Removed dimension: 31
a = 12.895121849504152 b = 29.790447871889768 error = 1.2307067128514149E-5
Removed dimension: 28
a = 12.900973158293045 b = 29.80297299065473 error = 1.257800099407902E-5
Removed dimension: 8
a = 12.880738662111485 b = 30.083596959580213 error = 2.0838480923823788E-5
Removed dimension: 12
a = 12.857252666495077 b = 30.553124385940762 error = 7.966642041312699E-5
Removed dimension: 21
a = 12.890206090520195 b = 30.644100444725012 error = 7.712404112747429E-5
Removed dimension: 29
a = 12.95254488708132 b = 31.16621007767642 error = 9.35311613814438E-6
Removed dimension: 23
a = 12.893229301866013 b = 31.129238687039567 error = 9.859978252202417E-6
Removed dimension: 26
a = 12.771510996683814 b = 31.220061505410637 error = 3.373700049377204E-4
Removed dimension: 17
a = 12.924714651692714 b = 31.677145368807267 error = 3.8565787365130166E-4
Removed dimension: 9
a = 13.07321484640516 b = 32.36296560042425 error = 3.9770846964826134E-4
Removed dimension: 13
a = 13.256446823577873 b = 32.91832085319806 error = 4.4206660866474845E-4
Removed dimension: 3
a = 12.979814655902564 b = 32.776417290393255 error = 6.46237169128927E-4
Removed dimension: 22
a = 12.677521575485825 b = 32.613996293119165 error = 7.486074431490852E-4
Removed dimension: 6
a = 12.351475902946673 b = 32.47464251998271 error = 4.4063587380649416E-4
Removed dimension: 27
a = 11.831107767836553 b = 32.797953695468294 error = 3.2909663576863313E-4
Removed dimension: 25
a = 11.845797294755888 b = 33.06023696032818 error = 4.2361618528075073E-4
Removed dimension: 32
a = 11.399121230137112 b = 33.39921933260464 error = 3.84642400270363E-4
Removed dimension: 14
a = 10.997011149900082 b = 33.21384367546001 error = 6.762922759179224E-4
Dimensions removed are: {0, 1, 2, 4, 5, 7, 10, 11, 15, 16, 18, 19, 20, }
Fractal dimension after dimensionality reduction: a = 10.997011149900082 b = 33.21384367546001 error = 6.762922759179224E-4
Total time: 4917.786
