-0,6931471805599453	21,571799268700836
-1,3862943611198906	12,313270971379826
-2,0794415416798357	2,9444389791664403
-2,772588722239781	0,0
The fractal dimension of whole dataset is: a = 13.436800157281587 b = 30.913055337191054 error = 8.766208369537232E-6
Removed dimension: 32
a = 13.436800157590367 b = 30.91305533772612 error = 8.766208300370337E-6
Removed dimension: 28
a = 13.436800159442972 b = 30.913055340936445 error = 8.766207889143729E-6
Removed dimension: 31
a = 13.4368003508786 b = 30.91305791853279 error = 8.767593385861083E-6
Removed dimension: 24
a = 13.43684157659445 b = 30.913401032328885 error = 8.931956551938569E-6
Removed dimension: 17
a = 13.477748909939118 b = 31.03602927504777 error = 2.279935006677114E-6
Removed dimension: 8
a = 13.433484189789457 b = 31.3237982123224 error = 5.765102430443925E-6
Removed dimension: 29
a = 13.362476242857355 b = 31.250154125365842 error = 4.994660951496144E-8
Removed dimension: 26
a = 13.27019247266236 b = 31.36820453867135 error = 2.1863237239039268E-4
Removed dimension: 22
a = 13.17495953352497 b = 31.408628151645367 error = 6.220980788803621E-4
Removed dimension: 13
a = 13.282448847320257 b = 31.984342496408004 error = 4.250804356961124E-4
Removed dimension: 23
a = 13.20222021326499 b = 31.94460133909338 error = 4.18616753766643E-4
Removed dimension: 9
a = 13.312333024606287 b = 32.51164475766276 error = 3.614029492450266E-4
Removed dimension: 6
a = 13.078848905795715 b = 32.43717598785537 error = 1.824839370017095E-4
Removed dimension: 30
a = 12.843059436484038 b = 32.27364121934849 error = 1.241266222398174E-4
Removed dimension: 21
a = 12.91218703445953 b = 32.768897925544955 error = 8.796785126885531E-5
Removed dimension: 25
a = 12.606865922883628 b = 32.61928686374519 error = 7.910659016729937E-7
Removed dimension: 27
a = 11.874336067105933 b = 32.72003768957282 error = 2.397109982178458E-4
Removed dimension: 3
a = 11.8655921566793 b = 32.93698951469551 error = 1.2439044555756507E-4
Removed dimension: 14
a = 11.842103466724133 b = 33.187898365241324 error = 8.286750310411151E-4
Dimensions removed are: {0, 1, 2, 4, 5, 7, 10, 11, 12, 15, 16, 18, 19, 20, }
Fractal dimension after dimensionality reduction: a = 11.842103466724133 b = 33.187898365241324 error = 8.286750310411151E-4
Total time: 5064.082
