-0,6931471805599453	32,242951452109175
-1,3862943611198906	28,546873481556258
-2,0794415416798357	24,832925283718243
-2,772588722239781	22,083461891213023
-3,4657359027997265	20,528599147204446
The fractal dimension of whole dataset is: a = 5.345204002997452 b = 35.952432093125815 error = 1.4539843559147059E-6
Removed dimension: 22
a = 5.345204002997452 b = 35.952432093125815 error = 1.4539843559147059E-6
Removed dimension: 25
a = 5.345204002997452 b = 35.952432093125815 error = 1.4539843559147059E-6
Removed dimension: 21
a = 5.3452040029975105 b = 35.95243209312591 error = 1.453984336485803E-6
Removed dimension: 15
a = 5.345203981568049 b = 35.952432086821375 error = 1.4539899222398844E-6
Removed dimension: 16
a = 5.345203890849858 b = 35.95243199307198 error = 1.453969871723082E-6
Removed dimension: 23
a = 5.345203662264732 b = 35.95243177180312 error = 1.4539289383552756E-6
Removed dimension: 17
a = 5.34520142010558 b = 35.952430787918864 error = 1.4543009710932253E-6
Removed dimension: 19
a = 5.345198502493937 b = 35.952430953655586 error = 1.455575502018469E-6
Removed dimension: 24
a = 5.345191529556434 b = 35.95242371119886 error = 1.4540106584304269E-6
Removed dimension: 14
a = 5.345201313798908 b = 35.95244222285836 error = 1.4522106855929806E-6
Removed dimension: 20
a = 5.345183306197711 b = 35.95242745510153 error = 1.450733770336221E-6
Removed dimension: 18
a = 5.34514007533702 b = 35.952403197303454 error = 1.4544703207386434E-6
Removed dimension: 10
a = 5.345323179893106 b = 35.952841778796774 error = 1.4169133795149946E-6
Removed dimension: 12
a = 5.344953747302268 b = 35.952522006562404 error = 1.3292972368406097E-6
Removed dimension: 8
a = 5.343023290997109 b = 35.950516465650615 error = 9.457437232240906E-7
Removed dimension: 11
a = 5.326056787229976 b = 35.932899396865906 error = 3.854045963480601E-7
Removed dimension: 13
a = 5.316202942581704 b = 35.930743236409576 error = -5.10702591327572E-15
Removed dimension: 6
a = 5.037675531218736 b = 35.82864860091945 error = -1.532107773982716E-14
Removed dimension: 4
a = 4.91952712686229 b = 36.14657243365104 error = 1.663636837068161E-5
Removed dimension: 9
a = 4.94886069413584 b = 36.403321681503925 error = 2.765172388241588E-5
Dimensions removed are: {0, 1, 2, 3, 5, 7, }
Fractal dimension after dimensionality reduction: a = 4.94886069413584 b = 36.403321681503925 error = 2.765172388241588E-5
Total time: 3521.805
