-0,6931471805599453	32,01552041372791
-1,3862943611198906	28,25514725089287
-2,0794415416798357	24,61251347992199
-2,772588722239781	21,99523712367831
-3,4657359027997265	20,438028914011902
The fractal dimension of whole dataset is: a = 5.340140695534168 b = 35.687589032664775 error = 6.323042204503526E-5
Removed dimension: 21
a = 5.340140695534168 b = 35.687589032664775 error = 6.323042204503526E-5
Removed dimension: 22
a = 5.340140695534168 b = 35.68758903266478 error = 6.323042203659757E-5
Removed dimension: 15
a = 5.34014067180182 b = 35.68758902491173 error = 6.32303852421412E-5
Removed dimension: 16
a = 5.340140585168769 b = 35.68758893530541 error = 6.323051438328342E-5
Removed dimension: 24
a = 5.340139907742565 b = 35.68758874822643 error = 6.323229100457795E-5
Removed dimension: 17
a = 5.340137996986335 b = 35.68758833901449 error = 6.322840703276711E-5
Removed dimension: 19
a = 5.340135243560751 b = 35.687588780372586 error = 6.321929010566496E-5
Removed dimension: 14
a = 5.340146198407474 b = 35.68760946206208 error = 6.323204232039359E-5
Removed dimension: 20
a = 5.34013290080544 b = 35.687599452569245 error = 6.323576162525768E-5
Removed dimension: 18
a = 5.340091274100185 b = 35.68757938204339 error = 6.319902212870154E-5
Removed dimension: 10
a = 5.340159346862104 b = 35.6877952929681 error = 6.328705656011291E-5
Removed dimension: 12
a = 5.3398554569950685 b = 35.68753237601762 error = 6.383081413241509E-5
Removed dimension: 25
a = 5.341196485984829 b = 35.84627391752334 error = 2.8763999339043167E-6
Removed dimension: 8
a = 5.339494475573224 b = 35.84450575594029 error = 3.4451964625592524E-6
Removed dimension: 23
a = 5.343023290997109 b = 35.950516465650615 error = 9.457437232240906E-7
Removed dimension: 11
a = 5.326056787229976 b = 35.932899396865906 error = 3.854045963480601E-7
Removed dimension: 13
a = 5.316202942581704 b = 35.930743236409576 error = -5.10702591327572E-15
Removed dimension: 6
a = 5.037675531218736 b = 35.82864860091945 error = -1.532107773982716E-14
Removed dimension: 4
a = 4.91952712686229 b = 36.14657243365104 error = 1.663636837068161E-5
Removed dimension: 9
a = 4.94886069413584 b = 36.403321681503925 error = 2.765172388241588E-5
Dimensions removed are: {0, 1, 2, 3, 5, 7, }
Fractal dimension after dimensionality reduction: a = 4.94886069413584 b = 36.403321681503925 error = 2.765172388241588E-5
Total time: 4430.638
