-0,6931471805599453	32,23638170145152
-1,3862943611198906	28,518027680447037
-2,0794415416798357	24,78174584098668
-2,772588722239781	22,040084830464675
-3,4657359027997265	20,487460111340724
The fractal dimension of whole dataset is: a = 5.377383093762762 b = 35.96818158629782 error = 1.4459094382912596E-6
Removed dimension: 25
a = 5.377383093762762 b = 35.96818158629782 error = 1.4459094382912596E-6
Removed dimension: 22
a = 5.377383093762851 b = 35.968181586298165 error = 1.4459094218599589E-6
Removed dimension: 24
a = 5.377383093563968 b = 35.968181586094815 error = 1.4459093867769113E-6
Removed dimension: 15
a = 5.377383072903358 b = 35.968181580198454 error = 1.4459148298673341E-6
Removed dimension: 16
a = 5.377382981457783 b = 35.96818148565823 error = 1.4458947656947885E-6
Removed dimension: 17
a = 5.3773809022317955 b = 35.96818068761317 error = 1.4463105145745558E-6
Removed dimension: 23
a = 5.377378668352659 b = 35.96817836818431 error = 1.4458141726070295E-6
Removed dimension: 19
a = 5.377375843406447 b = 35.968178661187956 error = 1.447117505271045E-6
Removed dimension: 14
a = 5.377385780147902 b = 35.968197369068434 error = 1.4453417517268363E-6
Removed dimension: 20
a = 5.377370274768456 b = 35.96818517740233 error = 1.4444185448825309E-6
Removed dimension: 18
a = 5.377327197144718 b = 35.96816160253986 error = 1.4484969284023208E-6
Removed dimension: 10
a = 5.377483948124235 b = 35.9685355929543 error = 1.4171591095069047E-6
Removed dimension: 12
a = 5.37715343989276 b = 35.968254963205 error = 1.3378895419302594E-6
Removed dimension: 8
a = 5.375260182941841 b = 35.96628804421296 error = 9.618711064307561E-7
Removed dimension: 11
a = 5.3592471726046655 b = 35.94966245193931 error = 2.6407118014493136E-7
Removed dimension: 13
a = 5.347969792188061 b = 35.94605610132785 error = -1.0658141036401503E-14
Removed dimension: 21
a = 5.316202942581704 b = 35.930743236409576 error = -5.10702591327572E-15
Removed dimension: 6
a = 5.037675531218736 b = 35.82864860091945 error = -1.532107773982716E-14
Removed dimension: 4
a = 4.91952712686229 b = 36.14657243365104 error = 1.663636837068161E-5
Removed dimension: 9
a = 4.94886069413584 b = 36.403321681503925 error = 2.765172388241588E-5
Dimensions removed are: {0, 1, 2, 3, 5, 7, }
Fractal dimension after dimensionality reduction: a = 4.94886069413584 b = 36.403321681503925 error = 2.765172388241588E-5
Total time: 3659.163
