-0,6931471805599453	32,237044249653586
-1,3862943611198906	28,518061139088484
-2,0794415416798357	24,787180191366403
-2,772588722239781	22,04863927512265
-3,4657359027997265	20,48587606211871
The fractal dimension of whole dataset is: a = 5.373940966093895 b = 35.96495073808638 error = 6.376449727119038E-7
Removed dimension: 22
a = 5.373940966093895 b = 35.96495073808638 error = 6.376449727119038E-7
Removed dimension: 25
a = 5.37394096609629 b = 35.964950738096924 error = 6.376449857015132E-7
Removed dimension: 21
a = 5.373940966073278 b = 35.96495073807979 error = 6.376449743772383E-7
Removed dimension: 15
a = 5.373940945660946 b = 35.96495073244103 error = 6.37648639001398E-7
Removed dimension: 16
a = 5.373940854686225 b = 35.96495063839049 error = 6.376353571813098E-7
Removed dimension: 17
a = 5.373938794377992 b = 35.96494986007122 error = 6.379142224455236E-7
Removed dimension: 19
a = 5.373935897359284 b = 35.964950078103634 error = 6.387695330456467E-7
Removed dimension: 14
a = 5.373945817899224 b = 35.9649687636245 error = 6.375902338318085E-7
Removed dimension: 20
a = 5.373930606415773 b = 35.96495687768341 error = 6.370184834070258E-7
Removed dimension: 18
a = 5.373887235545159 b = 35.964932997247196 error = 6.396805765085389E-7
Removed dimension: 10
a = 5.374048298206802 b = 35.96531496837108 error = 6.183630580913757E-7
Removed dimension: 12
a = 5.373711156809554 b = 35.96502740640278 error = 5.654034392899021E-7
Removed dimension: 24
a = 5.3731271214317395 b = 35.9644276285193 error = 4.856006248221689E-7
Removed dimension: 8
a = 5.371240868921826 b = 35.96246800323526 error = 2.717365781279568E-7
Removed dimension: 11
a = 5.354868415557964 b = 35.94546868736992 error = 1.0190253998398902E-6
Removed dimension: 13
a = 5.348895509945424 b = 35.94737792839842 error = -1.9761969838327786E-14
Removed dimension: 23
a = 5.316202942581704 b = 35.930743236409576 error = -5.10702591327572E-15
Removed dimension: 6
a = 5.037675531218736 b = 35.82864860091945 error = -1.532107773982716E-14
Removed dimension: 4
a = 4.91952712686229 b = 36.14657243365104 error = 1.663636837068161E-5
Removed dimension: 9
a = 4.94886069413584 b = 36.403321681503925 error = 2.765172388241588E-5
Dimensions removed are: {0, 1, 2, 3, 5, 7, }
Fractal dimension after dimensionality reduction: a = 4.94886069413584 b = 36.403321681503925 error = 2.765172388241588E-5
Total time: 3801.874
