-0,6931471805599453	32,08531208843709
-1,3862943611198906	28,402479576818116
-2,0794415416798357	24,832925600758717
-2,772588722239781	22,08753726907856
-3,4657359027997265	20,535887306387053
The fractal dimension of whole dataset is: a = 5.231491010191808 b = 35.68318569838631 error = 6.098649154639979E-5
Removed dimension: 21
a = 5.231491010191808 b = 35.68318569838631 error = 6.098649154639979E-5
Removed dimension: 22
a = 5.231491010061607 b = 35.68318569825095 error = 6.098649173624793E-5
Removed dimension: 24
a = 5.231491014618516 b = 35.68318570615569 error = 6.098649847607884E-5
Removed dimension: 15
a = 5.231490993189143 b = 35.683185698580175 error = 6.098646763885718E-5
Removed dimension: 16
a = 5.2314909024595355 b = 35.68318560480101 error = 6.0986602906765164E-5
Removed dimension: 17
a = 5.231488660238654 b = 35.68318466557181 error = 6.098400912879498E-5
Removed dimension: 19
a = 5.231485727076567 b = 35.68318470238627 error = 6.097607451305276E-5
Removed dimension: 25
a = 5.2314787542495385 b = 35.68317746026961 error = 6.0986611177815675E-5
Removed dimension: 14
a = 5.231488548318781 b = 35.6831959948142 error = 6.099825047034546E-5
Removed dimension: 20
a = 5.231470540706907 b = 35.68318130184777 error = 6.1008194504941216E-5
Removed dimension: 18
a = 5.231427309825482 b = 35.683157682388796 error = 6.0981872645138324E-5
Removed dimension: 10
a = 5.231612641057655 b = 35.68360024191751 error = 6.123001701074937E-5
Removed dimension: 12
a = 5.231242317876674 b = 35.683277441400314 error = 6.184440241663314E-5
Removed dimension: 8
a = 5.229311791002086 b = 35.68127176536436 error = 6.483152752678745E-5
Removed dimension: 11
a = 5.212344273149458 b = 35.663652854474215 error = 9.426225555742018E-5
Removed dimension: 4
a = 5.231147635526534 b = 36.005404533342556 error = 9.349684447457207E-5
Removed dimension: 6
a = 5.180353342166853 b = 36.25813640727967 error = 4.968929087244556E-4
Removed dimension: 23
a = 5.296075187182763 b = 36.529264929071736 error = 9.058825276786475E-4
Removed dimension: 9
a = 5.441845935506311 b = 36.81179034589107 error = 2.891558644273484E-4
Removed dimension: 5
a = 5.227006717431537 b = 36.952007745530935 error = 1.6047717292699826E-4
Dimensions removed are: {0, 1, 2, 3, 7, 13, }
Fractal dimension after dimensionality reduction: a = 5.227006717431537 b = 36.952007745530935 error = 1.6047717292699826E-4
Total time: 3351.519
