-0,6931471805599453	21,72109172015351
-1,3862943611198906	16,16182531809838
-2,0794415416798357	12,335006611164092
The fractal dimension of whole dataset is: a = 8.020326069225563 b = 27.280358122208636 error = 3.774758283725532E-15
Removed dimension: 8
a = 8.020326069225563 b = 27.280358122208636 error = 3.774758283725532E-15
Removed dimension: 30
a = 8.020326069225563 b = 27.280358122208636 error = 3.774758283725532E-15
Removed dimension: 21
a = 8.020326198866641 b = 27.280358493371864 error = 2.9976021664879227E-15
Removed dimension: 22
a = 8.020323756941481 b = 27.28035692684689 error = 5.218048215738236E-15
Removed dimension: 26
a = 8.02026482441972 b = 27.28032059978524 error = 2.6645352591003757E-15
Removed dimension: 25
a = 8.019824643102488 b = 27.280022653846142 error = -2.220446049250313E-16
Removed dimension: 24
a = 8.019323184091451 b = 27.27969064537202 error = 2.7755575615628914E-15
Removed dimension: 13
a = 8.018402117116462 b = 27.279060557047423 error = 1.4432899320127035E-15
Removed dimension: 28
a = 8.02029395147371 b = 27.353139457430565 error = -2.220446049250313E-15
Removed dimension: 27
a = 8.018189033590588 b = 27.351774032978632 error = -1.9984014443252818E-15
Removed dimension: 17
a = 8.015526583513445 b = 27.34995309086103 error = 4.3298697960381105E-15
Removed dimension: 3
a = 8.012031888882586 b = 27.347547803878037 error = 6.661338147750939E-15
Removed dimension: 23
a = 8.004686244209688 b = 27.34249611293712 error = 5.995204332975845E-15
Removed dimension: 9
a = 7.99642734534591 b = 27.33686918124141 error = -2.220446049250313E-15
Removed dimension: 4
a = 8.007051758664721 b = 27.932564608471786 error = 3.219646771412954E-15
Removed dimension: 0
a = 7.9959854039710425 b = 27.925004433966205 error = 5.329070518200751E-15
Removed dimension: 5
a = 7.9640730956744115 b = 27.90306339723607 error = -1.5543122344752192E-15
Removed dimension: 32
a = 8.037122727231646 b = 28.014477949667622 error = 7.327471962526033E-15
Removed dimension: 29
a = 8.296076895385443 b = 28.762101497785295 error = 1.7763568394002505E-15
Removed dimension: 12
a = 7.8327152624197 b = 28.97453222365752 error = 3.94392283527667E-4
Removed dimension: 31
a = 7.833329291528378 b = 29.658140233997027 error = 1.9538786117523355E-4
Removed dimension: 20
a = 7.961300620265514 b = 30.34775117009461 error = 7.049028554027004E-4
Removed dimension: 6
a = 7.561341017277026 b = 30.626483627664133 error = 8.059518872460814E-4
Removed dimension: 16
a = 7.493889091324826 b = 31.22825023794157 error = 0.0014442916726864485
Dimensions removed are: {1, 2, 7, 10, 11, 14, 15, 18, 19, }
Fractal dimension after dimensionality reduction: a = 7.493889091324826 b = 31.22825023794157 error = 0.0014442916726864485
Total time: 2634.943
