-0,6931471805599453	21,83563189244401
-1,3862943611198906	16,17151271355282
-2,0794415416798357	12,546334122475235
The fractal dimension of whole dataset is: a = 8.171596650390345 b = 27.499751071335155 error = 5.773159728050814E-15
Removed dimension: 28
a = 8.171596650390345 b = 27.499751071335155 error = 5.773159728050814E-15
Removed dimension: 29
a = 8.171596650390345 b = 27.499751071335155 error = 5.773159728050814E-15
Removed dimension: 30
a = 8.171596650390345 b = 27.499751071335155 error = 5.773159728050814E-15
Removed dimension: 32
a = 8.171596650390345 b = 27.499751071335155 error = 5.773159728050814E-15
Removed dimension: 34
a = 8.171596650390345 b = 27.499751071335155 error = 5.773159728050814E-15
Removed dimension: 36
a = 8.171596650390345 b = 27.499751071335155 error = 5.773159728050814E-15
Removed dimension: 37
a = 8.171596650390345 b = 27.499751071335155 error = 5.773159728050814E-15
Removed dimension: 17
a = 8.171596513625103 b = 27.499750976536717 error = 3.219646771412954E-15
Removed dimension: 21
a = 8.171596255905172 b = 27.49975099845474 error = 1.7763568394002505E-15
Removed dimension: 22
a = 8.171593815320401 b = 27.49974941625403 error = 4.6629367034256575E-15
Removed dimension: 26
a = 8.171538416548081 b = 27.499715465135047 error = 5.995204332975845E-15
Removed dimension: 25
a = 8.171077163467942 b = 27.499403113804505 error = 3.774758283725532E-15
Removed dimension: 24
a = 8.170571247024588 b = 27.499068052047747 error = 4.9960036108132044E-15
Removed dimension: 13
a = 8.169621347718696 b = 27.49841768885195 error = 5.662137425588298E-15
Removed dimension: 27
a = 8.167486059714145 b = 27.49703560755966 error = -2.6645352591003757E-15
Removed dimension: 31
a = 8.164824072663794 b = 27.495216394700442 error = -2.886579864025407E-15
Removed dimension: 3
a = 8.161491351972836 b = 27.49292213549262 error = 0.0
Removed dimension: 23
a = 8.154157593089051 b = 27.48787894539352 error = 7.771561172376096E-16
Removed dimension: 9
a = 8.145904450143405 b = 27.48225638957981 error = -8.881784197001252E-16
Removed dimension: 33
a = 8.13688901580957 b = 27.491379426805494 error = -8.215650382226158E-15
Removed dimension: 0
a = 8.126130959507996 b = 27.48403130127828 error = 1.3433698597964394E-14
Removed dimension: 5
a = 8.097514595768432 b = 27.464359045918705 error = 3.552713678800501E-15
Removed dimension: 15
a = 8.15640779795839 b = 28.086293900639475 error = -3.3306690738754696E-15
Removed dimension: 8
a = 8.330146200661979 b = 28.777041107829497 error = -4.440892098500626E-15
Removed dimension: 12
a = 7.836887334962584 b = 28.964995279339337 error = 4.5045778330798925E-4
Removed dimension: 18
a = 7.837802615840952 b = 29.74235172906819 error = 1.6775263077573044E-4
Removed dimension: 16
a = 7.923400325976991 b = 30.486237527880906 error = 8.405422063560986E-4
Removed dimension: 20
a = 7.971020472737938 b = 31.09070283636808 error = 0.0012855489155262356
Removed dimension: 6
a = 7.443011706846421 b = 31.27659798007076 error = 0.0010403607274310778
Dimensions removed are: {1, 2, 4, 7, 10, 11, 14, 19, 35, }
Fractal dimension after dimensionality reduction: a = 7.443011706846421 b = 31.27659798007076 error = 0.0010403607274310778
Total time: 4756.741
