-0,6931471805599453	22,282636187686148
-1,3862943611198906	16,54699410757183
-2,0794415416798357	12,575495982291072
The fractal dimension of whole dataset is: a = 8.27478238529495 b = 28.018278267800426 error = 1.6653345369377348E-15
Removed dimension: 21
a = 8.274782317693617 b = 28.01827843457546 error = -2.6645352591003757E-15
Removed dimension: 22
a = 8.274779910219294 b = 28.018276855415735 error = 1.021405182655144E-14
Removed dimension: 26
a = 8.274727973454546 b = 28.018244840171196 error = 4.3298697960381105E-15
Removed dimension: 25
a = 8.274269186589724 b = 28.01793469837515 error = 1.1102230246251565E-15
Removed dimension: 24
a = 8.27374944286061 b = 28.01759011971872 error = -3.774758283725532E-15
Removed dimension: 13
a = 8.272813979174382 b = 28.01694999989538 error = 9.547918011776346E-15
Removed dimension: 27
a = 8.270835300872271 b = 28.0156595621029 error = 8.104628079763643E-15
Removed dimension: 17
a = 8.268292517974826 b = 28.01392096202983 error = -2.6645352591003757E-15
Removed dimension: 3
a = 8.264900372118449 b = 28.01158576612322 error = 6.328271240363392E-15
Removed dimension: 23
a = 8.257519502128945 b = 28.006511036576438 error = -5.551115123125783E-15
Removed dimension: 9
a = 8.249169692373025 b = 28.000827159565606 error = -5.10702591327572E-15
Removed dimension: 0
a = 8.238224094542412 b = 27.993350135420073 error = 2.1094237467877974E-15
Removed dimension: 10
a = 8.216061182408255 b = 28.547770297821373 error = -5.995204332975845E-15
Removed dimension: 5
a = 8.185775912854517 b = 28.52694758202923 error = -6.661338147750939E-16
Removed dimension: 16
a = 8.394387234059616 b = 29.19131091911447 error = -8.881784197001252E-16
Removed dimension: 12
a = 7.997847026834329 b = 29.47583195070106 error = 2.2007265188750402E-4
Removed dimension: 6
a = 7.962736326634275 b = 30.12453761865729 error = 4.657693263410145E-6
Removed dimension: 8
a = 8.023700330370458 b = 30.88989846423441 error = 2.7796646368294375E-4
Removed dimension: 20
a = 8.008868641180483 b = 31.44940710548929 error = 6.867427840289153E-4
Removed dimension: 28
a = 7.6800034858058845 b = 31.30262944161866 error = 5.56248034744633E-4
Dimensions removed are: {1, 2, 4, 7, 11, 14, 15, 18, 19, }
Fractal dimension after dimensionality reduction: a = 7.6800034858058845 b = 31.30262944161866 error = 5.56248034744633E-4
Total time: 1815.569
