-0,6931471805599453	19,73562702207222
-1,3862943611198906	14,047901618953272
-2,0794415416798357	11,350277115333324
The fractal dimension of whole dataset is: a = 8.20565323301784 b = 25.42335242519112 error = 5.88418203051333E-15
Removed dimension: 8
a = 8.20565323301784 b = 25.42335242519112 error = 5.88418203051333E-15
Removed dimension: 12
a = 8.20565323301784 b = 25.42335242519112 error = 5.88418203051333E-15
Removed dimension: 22
a = 8.20565323301784 b = 25.42335242519112 error = 5.88418203051333E-15
Removed dimension: 26
a = 8.20565323301784 b = 25.42335242519112 error = 5.88418203051333E-15
Removed dimension: 28
a = 8.20565323301784 b = 25.42335242519112 error = 5.88418203051333E-15
Removed dimension: 29
a = 8.20565323301784 b = 25.42335242519112 error = 5.88418203051333E-15
Removed dimension: 32
a = 8.20565323301784 b = 25.42335242519112 error = 5.88418203051333E-15
Removed dimension: 33
a = 8.20565323301784 b = 25.42335242519112 error = 5.88418203051333E-15
Removed dimension: 37
a = 8.20565323301784 b = 25.42335242519112 error = 5.88418203051333E-15
Removed dimension: 40
a = 8.20565323301784 b = 25.42335242519112 error = 5.88418203051333E-15
Removed dimension: 42
a = 8.20565323301784 b = 25.42335242519112 error = 5.88418203051333E-15
Removed dimension: 43
a = 8.20565323301784 b = 25.42335242519112 error = 5.88418203051333E-15
Removed dimension: 44
a = 8.20565323301784 b = 25.42335242519112 error = 5.88418203051333E-15
Removed dimension: 45
a = 8.20565323301784 b = 25.42335242519112 error = 5.88418203051333E-15
Removed dimension: 48
a = 8.20565323301784 b = 25.42335242519112 error = 5.88418203051333E-15
Removed dimension: 53
a = 8.20565323301784 b = 25.42335242519112 error = 5.88418203051333E-15
Removed dimension: 55
a = 8.20565323301784 b = 25.42335242519112 error = 5.88418203051333E-15
Removed dimension: 57
a = 8.20565323301784 b = 25.42335242519112 error = 5.88418203051333E-15
Removed dimension: 58
a = 8.20565323301784 b = 25.42335242519112 error = 5.88418203051333E-15
Removed dimension: 63
a = 8.20565323301784 b = 25.42335242519112 error = 5.88418203051333E-15
Removed dimension: 66
a = 8.20565323301784 b = 25.42335242519112 error = 5.88418203051333E-15
Removed dimension: 68
a = 8.20565323301784 b = 25.42335242519112 error = 5.88418203051333E-15
Removed dimension: 72
a = 8.20565323301784 b = 25.42335242519112 error = 5.88418203051333E-15
Removed dimension: 73
a = 8.20565323301784 b = 25.42335242519112 error = 5.88418203051333E-15
Removed dimension: 74
a = 8.20565323301784 b = 25.42335242519112 error = 5.88418203051333E-15
Removed dimension: 21
a = 8.20565336471598 b = 25.423352607763494 error = 2.220446049250313E-16
Removed dimension: 0
a = 8.20563971986474 b = 25.423343203571058 error = 5.995204332975845E-15
Removed dimension: 65
a = 8.205608575384808 b = 25.423323806728064 error = 2.7755575615628914E-15
Removed dimension: 25
a = 8.20526778080658 b = 25.4230986287824 error = -1.7763568394002505E-15
Removed dimension: 75
a = 8.204845997467656 b = 25.42280627085021 error = 3.9968028886505635E-15
Removed dimension: 24
a = 8.20440802594677 b = 25.422512768322438 error = -4.6629367034256575E-15
Removed dimension: 13
a = 8.203601722870939 b = 25.421962650217083 error = 5.218048215738236E-15
Removed dimension: 27
a = 8.202475040427421 b = 25.4212132608493 error = 2.4424906541753444E-15
Removed dimension: 47
a = 8.203705435854722 b = 25.612300674467264 error = -1.3322676295501878E-15
Removed dimension: 61
a = 8.205408069288858 b = 25.762437414998963 error = 7.549516567451064E-15
Removed dimension: 17
a = 8.203223091301254 b = 25.76094659861238 error = -1.3322676295501878E-15
Removed dimension: 35
a = 8.205630004417989 b = 25.79290578321882 error = 2.220446049250313E-16
Removed dimension: 3
a = 8.202357399432847 b = 25.790652596283053 error = 8.881784197001252E-16
Removed dimension: 49
a = 8.19815582264133 b = 25.787740285176106 error = 4.440892098500626E-16
Removed dimension: 23
a = 8.191389499953361 b = 25.783092218130392 error = 5.662137425588298E-15
Removed dimension: 9
a = 8.184181075519204 b = 25.778191064389546 error = 1.7763568394002505E-15
Removed dimension: 30
a = 8.176905781898572 b = 25.77596817394174 error = -4.440892098500626E-15
Removed dimension: 31
a = 8.165787863400793 b = 25.80625366997551 error = 1.4432899320127035E-15
Removed dimension: 54
a = 8.154373614236137 b = 25.798471075675778 error = 2.886579864025407E-15
Removed dimension: 46
a = 8.140773942470153 b = 25.79218879525871 error = 5.773159728050814E-15
Removed dimension: 38
a = 8.119876148629087 b = 25.779352581092695 error = -2.220446049250313E-16
Removed dimension: 15
a = 8.09897621987154 b = 25.77109078750521 error = 3.885780586188048E-15
Removed dimension: 1
a = 8.121925045996136 b = 26.391574589680765 error = 5.10702591327572E-15
Removed dimension: 14
a = 8.129665644032988 b = 27.022576956312424 error = 3.885780586188048E-15
Removed dimension: 6
a = 8.136341067244192 b = 27.658714965800435 error = 3.9968028886505635E-15
Removed dimension: 5
a = 8.104681040057834 b = 27.6369595513199 error = -8.881784197001252E-16
Removed dimension: 50
a = 8.13970533677352 b = 27.694673016538808 error = 8.770761894538737E-15
Removed dimension: 69
a = 8.158230596263405 b = 27.794628790186678 error = 9.43689570931383E-15
Removed dimension: 2
a = 8.116529462645797 b = 27.773286024088563 error = -7.771561172376096E-15
Removed dimension: 59
a = 8.163863032126864 b = 27.846597982535897 error = 7.438494264988549E-15
Removed dimension: 36
a = 8.140333673914764 b = 27.90686982830523 error = 8.548717289613705E-15
Removed dimension: 60
a = 8.092447661941977 b = 27.92809104541922 error = 6.661338147750939E-15
Removed dimension: 41
a = 8.190547070781589 b = 28.080284898492224 error = -1.7763568394002505E-15
Removed dimension: 34
a = 8.519833423240165 b = 28.80518926516187 error = -7.771561172376096E-15
Removed dimension: 76
a = 8.66880507074197 b = 29.474428697419366 error = 3.9968028886505635E-15
Removed dimension: 52
a = 8.141480691275856 b = 29.5827348278753 error = 9.506049100478364E-4
Removed dimension: 71
a = 8.16743798973293 b = 30.17422247968197 error = 2.639506424486626E-4
Removed dimension: 16
a = 8.228866800080002 b = 30.906620038898968 error = 1.1967429590309386E-5
Removed dimension: 20
a = 8.21858277940632 b = 31.458686110280052 error = 3.1319320435430065E-5
Removed dimension: 39
a = 8.107779343672908 b = 31.6146697628263 error = 2.4862175751716453E-4
Removed dimension: 56
a = 7.9758117500191785 b = 31.75734170576597 error = 7.367206708218665E-4
Removed dimension: 64
a = 7.7583705705248205 b = 31.69340467098883 error = 0.0012021000281187133
Removed dimension: 77
a = 7.449774895117633 b = 31.547172891909327 error = 0.0010435860096201788
Removed dimension: 51
a = 7.062404915700568 b = 31.88964437884321 error = 0.00136034697605103
Dimensions removed are: {4, 7, 10, 11, 18, 19, 62, 67, 70, }
Fractal dimension after dimensionality reduction: a = 7.062404915700568 b = 31.88964437884321 error = 0.00136034697605103
Total time: 21174.045
