-0,6931471805599453	20,80878172984026
-1,3862943611198906	14,671207617543052
-2,0794415416798357	12,274039657669979
The fractal dimension of whole dataset is: a = 8.854647734899626 b = 26.94635584213743 error = 6.8833827526759706E-15
Removed dimension: 25
a = 8.854647734899626 b = 26.94635584213743 error = 6.8833827526759706E-15
Removed dimension: 28
a = 8.854647734899626 b = 26.94635584213743 error = 6.8833827526759706E-15
Removed dimension: 30
a = 8.854647734899626 b = 26.94635584213743 error = 6.8833827526759706E-15
Removed dimension: 36
a = 8.854647734899626 b = 26.94635584213743 error = 6.8833827526759706E-15
Removed dimension: 39
a = 8.854647734899626 b = 26.94635584213743 error = 6.8833827526759706E-15
Removed dimension: 40
a = 8.854647734899626 b = 26.94635584213743 error = 6.8833827526759706E-15
Removed dimension: 43
a = 8.854647734899626 b = 26.94635584213743 error = 6.8833827526759706E-15
Removed dimension: 46
a = 8.854647734899626 b = 26.94635584213743 error = 6.8833827526759706E-15
Removed dimension: 47
a = 8.854647734899626 b = 26.94635584213743 error = 6.8833827526759706E-15
Removed dimension: 41
a = 8.854647124422232 b = 26.94635542082282 error = 2.886579864025407E-15
Removed dimension: 22
a = 8.854646511296215 b = 26.946354995836252 error = 4.551914400963142E-15
Removed dimension: 34
a = 8.854644671919704 b = 26.946353720877607 error = 6.106226635438361E-15
Removed dimension: 21
a = 8.854642626027358 b = 26.946352584610906 error = -2.220446049250313E-16
Removed dimension: 9
a = 8.854637742234305 b = 26.94634921411213 error = -2.220446049250313E-16
Removed dimension: 26
a = 8.854586243430296 b = 26.946317769287568 error = -2.886579864025407E-15
Removed dimension: 24
a = 8.854180508779487 b = 26.946051034788113 error = 1.887379141862766E-15
Removed dimension: 31
a = 8.853743422360807 b = 26.945754765592575 error = -3.552713678800501E-15
Removed dimension: 13
a = 8.852931484260955 b = 26.945202374042793 error = 3.552713678800501E-15
Removed dimension: 27
a = 8.851285277489174 b = 26.944152985618274 error = 7.327471962526033E-15
Removed dimension: 17
a = 8.84903487075858 b = 26.94262093791758 error = 3.552713678800501E-15
Removed dimension: 3
a = 8.846400017785001 b = 26.940809058349686 error = -2.220446049250313E-16
Removed dimension: 23
a = 8.839920383708952 b = 26.936357887657767 error = 5.88418203051333E-15
Removed dimension: 45
a = 8.83185637515223 b = 26.93085941744595 error = 6.8833827526759706E-15
Removed dimension: 44
a = 8.839933176481356 b = 26.954760402661194 error = 1.887379141862766E-15
Removed dimension: 0
a = 8.831217184058273 b = 26.948828783564327 error = 5.440092820663267E-15
Removed dimension: 29
a = 8.814943136150072 b = 27.02682138590891 error = -2.220446049250313E-16
Removed dimension: 7
a = 8.839056452287751 b = 27.43217301433836 error = -5.329070518200751E-15
Removed dimension: 5
a = 8.815630287414344 b = 27.416066176859026 error = 5.662137425588298E-15
Removed dimension: 33
a = 8.78817719525543 b = 27.398728038229542 error = -3.774758283725532E-15
Removed dimension: 37
a = 8.743537983973997 b = 27.528331546115922 error = 2.9976021664879227E-15
Removed dimension: 2
a = 8.822586188408398 b = 28.236986975590995 error = -1.3322676295501878E-15
Removed dimension: 8
a = 9.007602510025157 b = 28.935216112955654 error = 5.10702591327572E-15
Removed dimension: 20
a = 8.978669864990145 b = 29.43851657324437 error = 2.6645352591003757E-15
Removed dimension: 35
a = 8.586547102431833 b = 29.328892647431985 error = 3.219646771412954E-15
Removed dimension: 12
a = 8.167489464164886 b = 29.628177283884185 error = 1.4385861697907565E-4
Removed dimension: 32
a = 8.149255298204396 b = 29.849867306198774 error = 4.979855624331897E-5
Removed dimension: 38
a = 8.050220000990315 b = 30.363552933427826 error = 6.052872333461856E-4
Removed dimension: 16
a = 8.107049629295348 b = 31.07905356465497 error = 0.0014824747842426822
Removed dimension: 10
a = 7.592322952722063 b = 31.280799717146163 error = 0.0014567496518205214
Dimensions removed are: {1, 4, 6, 11, 14, 15, 18, 19, 42, }
Fractal dimension after dimensionality reduction: a = 7.592322952722063 b = 31.280799717146163 error = 0.0014567496518205214
Total time: 5306.815
