-0,6931471805599453	19,18471053864368
-1,3862943611198906	12,513847744284732
-2,0794415416798357	10,094438436028137
The fractal dimension of whole dataset is: a = 9.62402067187231 b = 25.85557333300259 error = 2.1094237467877974E-15
Removed dimension: 3
a = 9.62402067187231 b = 25.85557333300259 error = 2.1094237467877974E-15
Removed dimension: 8
a = 9.62402067187231 b = 25.85557333300259 error = 2.1094237467877974E-15
Removed dimension: 9
a = 9.62402067187231 b = 25.85557333300259 error = 2.1094237467877974E-15
Removed dimension: 12
a = 9.62402067187231 b = 25.85557333300259 error = 2.1094237467877974E-15
Removed dimension: 20
a = 9.62402067187231 b = 25.85557333300259 error = 2.1094237467877974E-15
Removed dimension: 22
a = 9.62402067187231 b = 25.85557333300259 error = 2.1094237467877974E-15
Removed dimension: 25
a = 9.62402067187231 b = 25.85557333300259 error = 2.1094237467877974E-15
Removed dimension: 26
a = 9.62402067187231 b = 25.85557333300259 error = 2.1094237467877974E-15
Removed dimension: 29
a = 9.62402067187231 b = 25.85557333300259 error = 2.1094237467877974E-15
Removed dimension: 31
a = 9.62402067187231 b = 25.85557333300259 error = 2.1094237467877974E-15
Removed dimension: 36
a = 9.62402067187231 b = 25.85557333300259 error = 2.1094237467877974E-15
Removed dimension: 41
a = 9.62402067187231 b = 25.85557333300259 error = 2.1094237467877974E-15
Removed dimension: 42
a = 9.62402067187231 b = 25.85557333300259 error = 2.1094237467877974E-15
Removed dimension: 45
a = 9.62402067187231 b = 25.85557333300259 error = 2.1094237467877974E-15
Removed dimension: 47
a = 9.62402067187231 b = 25.85557333300259 error = 2.1094237467877974E-15
Removed dimension: 55
a = 9.62402067187231 b = 25.85557333300259 error = 2.1094237467877974E-15
Removed dimension: 58
a = 9.62402067187231 b = 25.85557333300259 error = 2.1094237467877974E-15
Removed dimension: 59
a = 9.62402067187231 b = 25.85557333300259 error = 2.1094237467877974E-15
Removed dimension: 61
a = 9.62402067187231 b = 25.85557333300259 error = 2.1094237467877974E-15
Removed dimension: 64
a = 9.62402067187231 b = 25.85557333300259 error = 2.1094237467877974E-15
Removed dimension: 66
a = 9.62402067187231 b = 25.85557333300259 error = 2.1094237467877974E-15
Removed dimension: 68
a = 9.62402067187231 b = 25.85557333300259 error = 2.1094237467877974E-15
Removed dimension: 69
a = 9.62402067187231 b = 25.85557333300259 error = 2.1094237467877974E-15
Removed dimension: 70
a = 9.62402067187231 b = 25.85557333300259 error = 2.1094237467877974E-15
Removed dimension: 71
a = 9.62402067187231 b = 25.85557333300259 error = 2.1094237467877974E-15
Removed dimension: 75
a = 9.62402067187231 b = 25.85557333300259 error = 2.1094237467877974E-15
Removed dimension: 79
a = 9.62402067187231 b = 25.85557333300259 error = 2.1094237467877974E-15
Removed dimension: 82
a = 9.62402067187231 b = 25.85557333300259 error = 2.1094237467877974E-15
Removed dimension: 86
a = 9.62402067187231 b = 25.85557333300259 error = 2.1094237467877974E-15
Removed dimension: 87
a = 9.62402067187231 b = 25.85557333300259 error = 2.1094237467877974E-15
Removed dimension: 89
a = 9.62402067187231 b = 25.85557333300259 error = 2.1094237467877974E-15
Removed dimension: 91
a = 9.62402067187231 b = 25.85557333300259 error = 2.1094237467877974E-15
Removed dimension: 92
a = 9.62402067187231 b = 25.85557333300259 error = 2.1094237467877974E-15
Removed dimension: 93
a = 9.62402067187231 b = 25.85557333300259 error = 2.1094237467877974E-15
Removed dimension: 96
a = 9.62402067187231 b = 25.85557333300259 error = 2.1094237467877974E-15
Removed dimension: 98
a = 9.62402067187231 b = 25.85557333300259 error = 2.1094237467877974E-15
Removed dimension: 99
a = 9.62402067187231 b = 25.85557333300259 error = 2.1094237467877974E-15
Removed dimension: 102
a = 9.62402067187231 b = 25.85557333300259 error = 2.1094237467877974E-15
Removed dimension: 103
a = 9.62402067187231 b = 25.85557333300259 error = 2.1094237467877974E-15
Removed dimension: 111
a = 9.62402067187231 b = 25.85557333300259 error = 2.1094237467877974E-15
Removed dimension: 114
a = 9.62402067187231 b = 25.85557333300259 error = 2.1094237467877974E-15
Removed dimension: 115
a = 9.62402067187231 b = 25.85557333300259 error = 2.1094237467877974E-15
Removed dimension: 119
a = 9.62402067187231 b = 25.85557333300259 error = 2.1094237467877974E-15
Removed dimension: 120
a = 9.62402067187231 b = 25.85557333300259 error = 2.1094237467877974E-15
Removed dimension: 121
a = 9.62402067187231 b = 25.85557333300259 error = 2.1094237467877974E-15
Removed dimension: 127
a = 9.62402067187231 b = 25.85557333300259 error = 2.1094237467877974E-15
Removed dimension: 104
a = 9.624020678592174 b = 25.8555733423183 error = 3.885780586188048E-15
Removed dimension: 27
a = 9.62402074579086 b = 25.85557343547545 error = -2.220446049250313E-16
Removed dimension: 21
a = 9.624021189301917 b = 25.85557405031233 error = 7.771561172376096E-16
Removed dimension: 100
a = 9.62401590698543 b = 25.855570402863115 error = 5.551115123125783E-16
Removed dimension: 33
a = 9.624005302091728 b = 25.855563052110945 error = -6.661338147750939E-16
Removed dimension: 5
a = 9.623984092538194 b = 25.855548350768707 error = -8.881784197001252E-16
Removed dimension: 32
a = 9.623960215218863 b = 25.855533626149423 error = -2.220446049250313E-15
Removed dimension: 106
a = 9.623928435657053 b = 25.855511621524983 error = 2.220446049250313E-16
Removed dimension: 85
a = 9.62385428831412 b = 25.855460282397424 error = 1.887379141862766E-15
Removed dimension: 110
a = 9.623642229409628 b = 25.855313294365665 error = 1.1102230246251565E-15
Removed dimension: 113
a = 9.623351630534469 b = 25.85511985940576 error = 9.992007221626409E-16
Removed dimension: 24
a = 9.62303775902836 b = 25.85491248217347 error = 1.5543122344752192E-15
Removed dimension: 77
a = 9.622493155558944 b = 25.855636555496996 error = 7.771561172376096E-16
Removed dimension: 13
a = 9.62179905017353 b = 25.855161965928776 error = 3.1086244689504383E-15
Removed dimension: 90
a = 9.62262760105391 b = 25.85671371701008 error = 9.992007221626409E-16
Removed dimension: 39
a = 9.621734060976394 b = 25.856720036638485 error = 3.4416913763379853E-15
Removed dimension: 112
a = 9.620827116583754 b = 25.856128565133236 error = 4.440892098500626E-15
Removed dimension: 88
a = 9.621859848684107 b = 25.85908409993239 error = -8.881784197001252E-16
Removed dimension: 67
a = 9.620808880806319 b = 25.903517070874557 error = 3.885780586188048E-15
Removed dimension: 124
a = 9.620454503129984 b = 26.03070723119519 error = -2.220446049250313E-16
Removed dimension: 10
a = 9.621205874505408 b = 26.052952155539987 error = -1.9984014443252818E-15
Removed dimension: 43
a = 9.62023463173202 b = 26.052515922764645 error = 7.771561172376096E-16
Removed dimension: 73
a = 9.619090763183785 b = 26.05193854229889 error = 6.106226635438361E-15
Removed dimension: 46
a = 9.617784656985808 b = 26.051503742586156 error = -5.773159728050814E-15
Removed dimension: 17
a = 9.616034691882891 b = 26.05031711512934 error = 3.885780586188048E-15
Removed dimension: 54
a = 9.614267924204166 b = 26.049228161531914 error = 5.551115123125783E-15
Removed dimension: 40
a = 9.61248795924755 b = 26.074088277883668 error = 5.218048215738236E-15
Removed dimension: 50
a = 9.609915335408438 b = 26.072316847205947 error = 3.1086244689504383E-15
Removed dimension: 15
a = 9.606429294234475 b = 26.070755056110503 error = 4.440892098500626E-15
Removed dimension: 63
a = 9.61086433404642 b = 26.078458240401233 error = 7.882583474838611E-15
Removed dimension: 78
a = 9.606216362156273 b = 26.080495222565748 error = 5.551115123125783E-15
Removed dimension: 23
a = 9.601400070029397 b = 26.077200267859457 error = -1.1102230246251565E-15
Removed dimension: 105
a = 9.595558895916268 b = 26.073237942921544 error = 0.0
Removed dimension: 18
a = 9.588271373303167 b = 26.417429706639403 error = 2.6645352591003757E-15
Removed dimension: 81
a = 9.586176313883149 b = 26.53719507699705 error = -1.7763568394002505E-15
Removed dimension: 35
a = 9.57669939977086 b = 26.530725810072894 error = 3.1086244689504383E-15
Removed dimension: 0
a = 9.567108985340905 b = 26.524180345708245 error = 7.771561172376096E-16
Removed dimension: 84
a = 9.557398566574756 b = 26.523533327266115 error = -1.9984014443252818E-15
Removed dimension: 122
a = 9.567738765591884 b = 26.673946229565814 error = 8.104628079763643E-15
Removed dimension: 97
a = 9.574838900983547 b = 27.113022230401665 error = -2.6645352591003757E-15
Removed dimension: 126
a = 9.57632984458177 b = 27.443259383682694 error = 7.105427357601002E-15
Removed dimension: 83
a = 9.577590601359518 b = 27.667842532319828 error = 1.1102230246251565E-15
Removed dimension: 60
a = 9.57493639279725 b = 28.24084713712483 error = 6.328271240363392E-15
Removed dimension: 116
a = 9.566956321960106 b = 28.235405190567185 error = 5.773159728050814E-15
Removed dimension: 76
a = 9.555375593625872 b = 28.229691866307476 error = 2.1094237467877974E-15
Removed dimension: 123
a = 9.540878196211036 b = 28.24561434983822 error = 2.1094237467877974E-15
Removed dimension: 62
a = 9.526525810387838 b = 28.498378241447536 error = 3.1086244689504383E-15
Removed dimension: 6
a = 9.517197585772742 b = 29.09512467029439 error = 7.771561172376096E-15
Removed dimension: 51
a = 9.494048768915658 b = 29.087380570200732 error = -6.661338147750939E-16
Removed dimension: 80
a = 9.464492337931095 b = 29.067064053883392 error = 1.3322676295501878E-15
Removed dimension: 44
a = 9.434845824570921 b = 29.10757875098318 error = -4.6629367034256575E-15
Removed dimension: 107
a = 9.40480814845376 b = 29.105040146468106 error = 0.0
Removed dimension: 38
a = 9.44644507302506 b = 29.172162598006615 error = 3.885780586188048E-15
Removed dimension: 56
a = 9.42277793434032 b = 29.23799247568848 error = -2.220446049250313E-15
Removed dimension: 14
a = 9.374139812440536 b = 29.86513470427235 error = -1.9984014443252818E-15
Removed dimension: 74
a = 9.537440592109574 b = 30.09175382774582 error = 5.773159728050814E-15
Removed dimension: 37
a = 9.46634433068666 b = 30.07443636692318 error = -3.1086244689504383E-15
Removed dimension: 57
a = 9.374718160086749 b = 30.021003142353557 error = 7.327471962526033E-15
Removed dimension: 28
a = 9.185348886265249 b = 29.92375552534905 error = -5.995204332975845E-15
Removed dimension: 52
a = 9.089335574183277 b = 29.87078683393957 error = 1.2212453270876722E-14
Removed dimension: 95
a = 8.951238504528636 b = 29.785989963336412 error = 5.551115123125783E-15
Removed dimension: 109
a = 8.398731966247244 b = 29.822831722639815 error = 8.607546977659197E-4
Removed dimension: 16
a = 8.381093656153075 b = 29.84297871480153 error = 5.101153217350607E-4
Removed dimension: 48
a = 8.341707879456509 b = 29.955798449900062 error = 2.1794071733283182E-4
Removed dimension: 125
a = 8.405767561573915 b = 30.554060705327952 error = 1.8809960946608584E-6
Removed dimension: 53
a = 8.43136353351617 b = 31.18185264780841 error = 3.386875959243696E-6
Removed dimension: 72
a = 8.416345709411118 b = 31.884160764536137 error = 9.495015697713605E-5
Removed dimension: 94
a = 8.334241639401599 b = 32.34758054105388 error = 3.600023001615327E-5
Removed dimension: 65
a = 8.209672137285901 b = 32.3139258518386 error = 7.973343611999972E-5
Removed dimension: 34
a = 8.036101745108239 b = 32.304346085210625 error = 2.608616942740838E-4
Removed dimension: 49
a = 7.835614904787794 b = 32.33226130393684 error = 7.449462342545843E-4
Removed dimension: 108
a = 7.522424993197524 b = 32.18588922741623 error = 5.868149163292813E-4
Dimensions removed are: {1, 2, 4, 7, 11, 19, 30, 101, 117, 118, }
Fractal dimension after dimensionality reduction: a = 7.522424993197524 b = 32.18588922741623 error = 5.868149163292813E-4
Total time: 67223.535
